#
# There is insufficient memory for the Java Runtime Environment to continue.
# Native memory allocation (malloc) failed to allocate 1295776 bytes. Error detail: Chunk::new
# Possible reasons:
#   The system is out of physical RAM or swap space
#   This process is running with CompressedOops enabled, and the Java Heap may be blocking the growth of the native heap
# Possible solutions:
#   Reduce memory load on the system
#   Increase physical memory or swap space
#   Check if swap backing store is full
#   Decrease Java heap size (-Xmx/-Xms)
#   Decrease number of Java threads
#   Decrease Java thread stack sizes (-Xss)
#   Set larger code cache with -XX:ReservedCodeCacheSize=
#   JVM is running with Unscaled Compressed Oops mode in which the Java heap is
#     placed in the first 4GB address space. The Java Heap base address is the
#     maximum limit for the native heap growth. Please use -XX:HeapBaseMinAddress
#     to set the Java Heap base and to place the Java Heap above 4GB virtual address.
# This output file may be truncated or incomplete.
#
#  Out of Memory Error (arena.cpp:168), pid=41820, tid=8996
#
# JRE version: OpenJDK Runtime Environment Temurin-21.0.7+6 (21.0.7+6) (build 21.0.7+6-LTS)
# Java VM: OpenJDK 64-Bit Server VM Temurin-21.0.7+6 (21.0.7+6-LTS, mixed mode, sharing, tiered, compressed oops, compressed class ptrs, parallel gc, windows-amd64)
# No core dump will be written. Minidumps are not enabled by default on client versions of Windows
#

---------------  S U M M A R Y ------------

Command Line: --add-modules=ALL-SYSTEM --add-opens=java.base/java.util=ALL-UNNAMED --add-opens=java.base/java.lang=ALL-UNNAMED --add-opens=java.base/sun.nio.fs=ALL-UNNAMED -Declipse.application=org.eclipse.jdt.ls.core.id1 -Dosgi.bundles.defaultStartLevel=4 -Declipse.product=org.eclipse.jdt.ls.core.product -Djava.import.generatesMetadataFilesAtProjectRoot=false -DDetectVMInstallationsJob.disabled=true -Dfile.encoding=utf8 -XX:+UseParallelGC -XX:GCTimeRatio=4 -XX:AdaptiveSizePolicyWeight=90 -Dsun.zip.disableMemoryMapping=true -Xmx1G -Xms100m -Xlog:disable -javaagent:c:\Users\jasur\.vscode\extensions\redhat.java-1.42.0-win32-x64\lombok\lombok-1.18.36.jar -XX:+HeapDumpOnOutOfMemoryError -XX:HeapDumpPath=c:\Users\jasur\AppData\Roaming\Code\User\workspaceStorage\c3cc1cdb79f05f312ef61ffb01486c9a\redhat.java -Daether.dependencyCollector.impl=bf c:\Users\jasur\.vscode\extensions\redhat.java-1.42.0-win32-x64\server\plugins\org.eclipse.equinox.launcher_1.7.0.v20250424-1814.jar -configuration c:\Users\jasur\AppData\Roaming\Code\User\globalStorage\redhat.java\1.42.0\config_win -data c:\Users\jasur\AppData\Roaming\Code\User\workspaceStorage\c3cc1cdb79f05f312ef61ffb01486c9a\redhat.java\jdt_ws --pipe=\\.\pipe\lsp-695ce99e2a899a52c7a92240d6959d1d-sock

Host: 12th Gen Intel(R) Core(TM) i5-1235U, 12 cores, 7G,  Windows 11 , 64 bit Build 26100 (10.0.26100.3912)
Time: Fri May 23 12:15:47 2025  Windows 11 , 64 bit Build 26100 (10.0.26100.3912) elapsed time: 25.276473 seconds (0d 0h 0m 25s)

---------------  T H R E A D  ---------------

Current thread (0x000002a4de06c0d0):  JavaThread "C2 CompilerThread0" daemon [_thread_in_native, id=8996, stack(0x000000c1ce800000,0x000000c1ce900000) (1024K)]


Current CompileTask:
C2:25276 8279 % !   4       org.eclipse.jdt.internal.compiler.classfmt.ClassFileReader::<init> @ 81 (2135 bytes)

Stack: [0x000000c1ce800000,0x000000c1ce900000]
Native frames: (J=compiled Java code, j=interpreted, Vv=VM code, C=native code)
V  [jvm.dll+0x6ce119]
V  [jvm.dll+0x8a84a1]
V  [jvm.dll+0x8aa9ce]
V  [jvm.dll+0x8ab0b3]
V  [jvm.dll+0x27f8a6]
V  [jvm.dll+0xc507d]
V  [jvm.dll+0xc55b3]
V  [jvm.dll+0x2f2c6d]
V  [jvm.dll+0x5f6bca]
V  [jvm.dll+0x250cb2]
V  [jvm.dll+0x25106f]
V  [jvm.dll+0x249934]
V  [jvm.dll+0x246fc4]
V  [jvm.dll+0x1c760e]
V  [jvm.dll+0x25695a]
V  [jvm.dll+0x254efa]
V  [jvm.dll+0x3f03f6]
V  [jvm.dll+0x851f6b]
V  [jvm.dll+0x6cc7dd]
C  [ucrtbase.dll+0x37b0]
C  [KERNEL32.DLL+0x2e8d7]
C  [ntdll.dll+0x9c5dc]


---------------  P R O C E S S  ---------------

Threads class SMR info:
_java_thread_list=0x000002a4fcfbbeb0, length=69, elements={
0x000002a4dbcfc290, 0x000002a4de0573c0, 0x000002a4f2399100, 0x000002a4de058190,
0x000002a4de058de0, 0x000002a4de05bc10, 0x000002a4de05ef40, 0x000002a4de06c0d0,
0x000002a4f381b000, 0x000002a4f38f4220, 0x000002a4f3b95560, 0x000002a4f91a9a00,
0x000002a4f91cd7f0, 0x000002a4f90bf7c0, 0x000002a4f91f5410, 0x000002a4f9797e10,
0x000002a4f4818970, 0x000002a4f95af010, 0x000002a4f95afd30, 0x000002a4f95b03c0,
0x000002a4f95b0a50, 0x000002a4f95af6a0, 0x000002a4f95b10e0, 0x000002a4f95adc60,
0x000002a4f95ae2f0, 0x000002a4f95ae980, 0x000002a4fc3d16d0, 0x000002a4fc3d3110,
0x000002a4fc3d1d60, 0x000002a4fc3d37a0, 0x000002a4fc3d2a80, 0x000002a4fc3d23f0,
0x000002a4fc3d3e30, 0x000002a4fc3d44c0, 0x000002a4fc3d1040, 0x000002a4fc3d5f00,
0x000002a4fc3d72b0, 0x000002a4fc3d5870, 0x000002a4fc3d7940, 0x000002a4fc3d7fd0,
0x000002a4fc3d51e0, 0x000002a4fc3d6590, 0x000002a4fc3d4b50, 0x000002a4fc3d6c20,
0x000002a4fc3d8660, 0x000002a4fb046da0, 0x000002a4fb047430, 0x000002a4fb04a220,
0x000002a4fb047ac0, 0x000002a4fb048150, 0x000002a4fb049b90, 0x000002a4fb048e70,
0x000002a4fb390990, 0x000002a4fb38e230, 0x000002a4fb38d510, 0x000002a4fb391020,
0x000002a4fb38dba0, 0x000002a4fb391d40, 0x000002a4fb3930f0, 0x000002a4fb393780,
0x000002a4fb393e10, 0x000002a4fb38ef50, 0x000002a4fb38fc70, 0x000002a4fb38c7f0,
0x000002a4fb3923d0, 0x000002a4fb049500, 0x000002a4fb2cebb0, 0x000002a4fb2cc450,
0x000002a4fb2ccae0
}

Java Threads: ( => current thread )
  0x000002a4dbcfc290 JavaThread "main"                              [_thread_blocked, id=7928, stack(0x000000c1cde00000,0x000000c1cdf00000) (1024K)]
  0x000002a4de0573c0 JavaThread "Reference Handler"          daemon [_thread_blocked, id=25984, stack(0x000000c1ce200000,0x000000c1ce300000) (1024K)]
  0x000002a4f2399100 JavaThread "Finalizer"                  daemon [_thread_blocked, id=37176, stack(0x000000c1ce300000,0x000000c1ce400000) (1024K)]
  0x000002a4de058190 JavaThread "Signal Dispatcher"          daemon [_thread_blocked, id=37116, stack(0x000000c1ce400000,0x000000c1ce500000) (1024K)]
  0x000002a4de058de0 JavaThread "Attach Listener"            daemon [_thread_blocked, id=25192, stack(0x000000c1ce500000,0x000000c1ce600000) (1024K)]
  0x000002a4de05bc10 JavaThread "Service Thread"             daemon [_thread_blocked, id=2356, stack(0x000000c1ce600000,0x000000c1ce700000) (1024K)]
  0x000002a4de05ef40 JavaThread "Monitor Deflation Thread"   daemon [_thread_blocked, id=41684, stack(0x000000c1ce700000,0x000000c1ce800000) (1024K)]
=>0x000002a4de06c0d0 JavaThread "C2 CompilerThread0"         daemon [_thread_in_native, id=8996, stack(0x000000c1ce800000,0x000000c1ce900000) (1024K)]
  0x000002a4f381b000 JavaThread "C1 CompilerThread0"         daemon [_thread_blocked, id=2744, stack(0x000000c1ce900000,0x000000c1cea00000) (1024K)]
  0x000002a4f38f4220 JavaThread "Common-Cleaner"             daemon [_thread_blocked, id=42368, stack(0x000000c1cea00000,0x000000c1ceb00000) (1024K)]
  0x000002a4f3b95560 JavaThread "Notification Thread"        daemon [_thread_blocked, id=38356, stack(0x000000c1ceb00000,0x000000c1cec00000) (1024K)]
  0x000002a4f91a9a00 JavaThread "Active Thread: Equinox Container: a4f8eef9-71e1-4db7-8e60-bce0a266117c"        [_thread_blocked, id=2072, stack(0x000000c1cf400000,0x000000c1cf500000) (1024K)]
  0x000002a4f91cd7f0 JavaThread "Refresh Thread: Equinox Container: a4f8eef9-71e1-4db7-8e60-bce0a266117c" daemon [_thread_blocked, id=15424, stack(0x000000c1cf500000,0x000000c1cf600000) (1024K)]
  0x000002a4f90bf7c0 JavaThread "Framework Event Dispatcher: Equinox Container: a4f8eef9-71e1-4db7-8e60-bce0a266117c" daemon [_thread_blocked, id=34636, stack(0x000000c1cf700000,0x000000c1cf800000) (1024K)]
  0x000002a4f91f5410 JavaThread "Start Level: Equinox Container: a4f8eef9-71e1-4db7-8e60-bce0a266117c" daemon [_thread_blocked, id=45944, stack(0x000000c1cf800000,0x000000c1cf900000) (1024K)]
  0x000002a4f9797e10 JavaThread "Bundle File Closer"         daemon [_thread_blocked, id=44136, stack(0x000000c1cfa00000,0x000000c1cfb00000) (1024K)]
  0x000002a4f4818970 JavaThread "SCR Component Actor"        daemon [_thread_blocked, id=45484, stack(0x000000c1cec00000,0x000000c1ced00000) (1024K)]
  0x000002a4f95af010 JavaThread "Worker-JM"                         [_thread_blocked, id=2524, stack(0x000000c1cfd00000,0x000000c1cfe00000) (1024K)]
  0x000002a4f95afd30 JavaThread "JNA Cleaner"                daemon [_thread_blocked, id=45852, stack(0x000000c1cfc00000,0x000000c1cfd00000) (1024K)]
  0x000002a4f95b03c0 JavaThread "Worker-0: Initialize Workspace"        [_thread_blocked, id=46048, stack(0x000000c1cfe00000,0x000000c1cff00000) (1024K)]
  0x000002a4f95b0a50 JavaThread "Worker-1"                          [_thread_blocked, id=4536, stack(0x000000c1cff00000,0x000000c1d0000000) (1024K)]
  0x000002a4f95af6a0 JavaThread "Java indexing"              daemon [_thread_blocked, id=44592, stack(0x000000c1d0200000,0x000000c1d0300000) (1024K)]
  0x000002a4f95b10e0 JavaThread "Worker-2"                          [_thread_blocked, id=16264, stack(0x000000c1d0600000,0x000000c1d0700000) (1024K)]
  0x000002a4f95adc60 JavaThread "Worker-3: Synchronize Gradle projects with workspace"        [_thread_blocked, id=45116, stack(0x000000c1d0700000,0x000000c1d0800000) (1024K)]
  0x000002a4f95ae2f0 JavaThread "Worker-4: Synchronize Gradle projects with workspace"        [_thread_blocked, id=36828, stack(0x000000c1d0800000,0x000000c1d0900000) (1024K)]
  0x000002a4f95ae980 JavaThread "Worker-5: Synchronize Gradle projects with workspace"        [_thread_blocked, id=27672, stack(0x000000c1d0900000,0x000000c1d0a00000) (1024K)]
  0x000002a4fc3d16d0 JavaThread "Thread-2"                   daemon [_thread_in_native, id=45156, stack(0x000000c1d0a00000,0x000000c1d0b00000) (1024K)]
  0x000002a4fc3d3110 JavaThread "Thread-3"                   daemon [_thread_in_native, id=45212, stack(0x000000c1d0b00000,0x000000c1d0c00000) (1024K)]
  0x000002a4fc3d1d60 JavaThread "Thread-4"                   daemon [_thread_in_native, id=45264, stack(0x000000c1d0c00000,0x000000c1d0d00000) (1024K)]
  0x000002a4fc3d37a0 JavaThread "Thread-5"                   daemon [_thread_in_native, id=38976, stack(0x000000c1d0d00000,0x000000c1d0e00000) (1024K)]
  0x000002a4fc3d2a80 JavaThread "Thread-6"                   daemon [_thread_in_native, id=45152, stack(0x000000c1d0e00000,0x000000c1d0f00000) (1024K)]
  0x000002a4fc3d23f0 JavaThread "Thread-7"                   daemon [_thread_in_native, id=42536, stack(0x000000c1d0f00000,0x000000c1d1000000) (1024K)]
  0x000002a4fc3d3e30 JavaThread "Thread-8"                   daemon [_thread_in_native, id=45092, stack(0x000000c1d1000000,0x000000c1d1100000) (1024K)]
  0x000002a4fc3d44c0 JavaThread "Thread-9"                   daemon [_thread_in_native, id=45184, stack(0x000000c1d1100000,0x000000c1d1200000) (1024K)]
  0x000002a4fc3d1040 JavaThread "Thread-10"                  daemon [_thread_in_native, id=40056, stack(0x000000c1d1200000,0x000000c1d1300000) (1024K)]
  0x000002a4fc3d5f00 JavaThread "Thread-11"                  daemon [_thread_in_native, id=42168, stack(0x000000c1d1300000,0x000000c1d1400000) (1024K)]
  0x000002a4fc3d72b0 JavaThread "Thread-12"                  daemon [_thread_in_native, id=42360, stack(0x000000c1d1400000,0x000000c1d1500000) (1024K)]
  0x000002a4fc3d5870 JavaThread "Thread-13"                  daemon [_thread_in_native, id=11544, stack(0x000000c1d1500000,0x000000c1d1600000) (1024K)]
  0x000002a4fc3d7940 JavaThread "Thread-14"                  daemon [_thread_in_native, id=45288, stack(0x000000c1d1600000,0x000000c1d1700000) (1024K)]
  0x000002a4fc3d7fd0 JavaThread "Worker-6: Synchronize Gradle projects with workspace"        [_thread_blocked, id=45232, stack(0x000000c1d1700000,0x000000c1d1800000) (1024K)]
  0x000002a4fc3d51e0 JavaThread "pool-2-thread-1"                   [_thread_blocked, id=39488, stack(0x000000c1d1800000,0x000000c1d1900000) (1024K)]
  0x000002a4fc3d6590 JavaThread "Worker-7: Java indexing... "        [_thread_blocked, id=45128, stack(0x000000c1d1900000,0x000000c1d1a00000) (1024K)]
  0x000002a4fc3d4b50 JavaThread "Timer-0"                           [_thread_blocked, id=45216, stack(0x000000c1d1a00000,0x000000c1d1b00000) (1024K)]
  0x000002a4fc3d6c20 JavaThread "Timer-3"                           [_thread_blocked, id=11392, stack(0x000000c1d1b00000,0x000000c1d1c00000) (1024K)]
  0x000002a4fc3d8660 JavaThread "Timer-2"                           [_thread_blocked, id=37212, stack(0x000000c1d1c00000,0x000000c1d1d00000) (1024K)]
  0x000002a4fb046da0 JavaThread "Timer-1"                           [_thread_blocked, id=44536, stack(0x000000c1d1d00000,0x000000c1d1e00000) (1024K)]
  0x000002a4fb047430 JavaThread "Timer-4"                           [_thread_blocked, id=38824, stack(0x000000c1d1e00000,0x000000c1d1f00000) (1024K)]
  0x000002a4fb04a220 JavaThread "Timer-5"                           [_thread_blocked, id=42036, stack(0x000000c1d1f00000,0x000000c1d2000000) (1024K)]
  0x000002a4fb047ac0 JavaThread "Timer-6"                           [_thread_blocked, id=45280, stack(0x000000c1d2000000,0x000000c1d2100000) (1024K)]
  0x000002a4fb048150 JavaThread "Timer-7"                           [_thread_blocked, id=45380, stack(0x000000c1d2100000,0x000000c1d2200000) (1024K)]
  0x000002a4fb049b90 JavaThread "WorkspaceEventsHandler"            [_thread_blocked, id=18920, stack(0x000000c1d2200000,0x000000c1d2300000) (1024K)]
  0x000002a4fb048e70 JavaThread "pool-1-thread-1"                   [_thread_blocked, id=28036, stack(0x000000c1d2300000,0x000000c1d2400000) (1024K)]
  0x000002a4fb390990 JavaThread "Worker-8"                          [_thread_blocked, id=10384, stack(0x000000c1cfb00000,0x000000c1cfc00000) (1024K)]
  0x000002a4fb38e230 JavaThread "Exec process"                      [_thread_blocked, id=33964, stack(0x000000c1d2800000,0x000000c1d2900000) (1024K)]
  0x000002a4fb38d510 JavaThread "Exec process Thread 2"             [_thread_blocked, id=13956, stack(0x000000c1d2900000,0x000000c1d2a00000) (1024K)]
  0x000002a4fb391020 JavaThread "Exec process Thread 3"             [_thread_blocked, id=15856, stack(0x000000c1d2a00000,0x000000c1d2b00000) (1024K)]
  0x000002a4fb38dba0 JavaThread "Timer-8"                           [_thread_blocked, id=45452, stack(0x000000c1d2600000,0x000000c1d2700000) (1024K)]
  0x000002a4fb391d40 JavaThread "Timer-9"                           [_thread_blocked, id=30748, stack(0x000000c1d2b00000,0x000000c1d2c00000) (1024K)]
  0x000002a4fb3930f0 JavaThread "Exec process"                      [_thread_blocked, id=5952, stack(0x000000c1d2d00000,0x000000c1d2e00000) (1024K)]
  0x000002a4fb393780 JavaThread "Exec process Thread 2"             [_thread_blocked, id=45628, stack(0x000000c1d2e00000,0x000000c1d2f00000) (1024K)]
  0x000002a4fb393e10 JavaThread "Exec process Thread 3"             [_thread_blocked, id=45996, stack(0x000000c1d2f00000,0x000000c1d3000000) (1024K)]
  0x000002a4fb38ef50 JavaThread "Timer-10"                          [_thread_blocked, id=43212, stack(0x000000c1d0100000,0x000000c1d0200000) (1024K)]
  0x000002a4fb38fc70 JavaThread "Timer-11"                          [_thread_blocked, id=37088, stack(0x000000c1d2400000,0x000000c1d2500000) (1024K)]
  0x000002a4fb38c7f0 JavaThread "Timer-12"                          [_thread_blocked, id=45500, stack(0x000000c1d2500000,0x000000c1d2600000) (1024K)]
  0x000002a4fb3923d0 JavaThread "Timer-13"                          [_thread_blocked, id=45208, stack(0x000000c1d2700000,0x000000c1d2800000) (1024K)]
  0x000002a4fb049500 JavaThread "Timer-14"                          [_thread_blocked, id=22804, stack(0x000000c1d2c00000,0x000000c1d2d00000) (1024K)]
  0x000002a4fb2cebb0 JavaThread "Timer-15"                          [_thread_blocked, id=45804, stack(0x000000c1d3000000,0x000000c1d3100000) (1024K)]
  0x000002a4fb2cc450 JavaThread "Timer-16"                          [_thread_blocked, id=45428, stack(0x000000c1d3100000,0x000000c1d3200000) (1024K)]
  0x000002a4fb2ccae0 JavaThread "Connection worker"                 [_thread_blocked, id=45220, stack(0x000000c1d3200000,0x000000c1d3300000) (1024K)]
Total: 69

Other Threads:
  0x000002a4de04e770 VMThread "VM Thread"                           [id=17572, stack(0x000000c1ce100000,0x000000c1ce200000) (1024K)]
  0x000002a4f227ca00 WatcherThread "VM Periodic Task Thread"        [id=28084, stack(0x000000c1ce000000,0x000000c1ce100000) (1024K)]
  0x000002a4ddfce140 WorkerThread "GC Thread#0"                     [id=35328, stack(0x000000c1cdf00000,0x000000c1ce000000) (1024K)]
  0x000002a4f49365f0 WorkerThread "GC Thread#1"                     [id=14116, stack(0x000000c1cee00000,0x000000c1cef00000) (1024K)]
  0x000002a4f9096390 WorkerThread "GC Thread#2"                     [id=41796, stack(0x000000c1cef00000,0x000000c1cf000000) (1024K)]
  0x000002a4f9096730 WorkerThread "GC Thread#3"                     [id=36084, stack(0x000000c1cf000000,0x000000c1cf100000) (1024K)]
  0x000002a4f3bbf0e0 WorkerThread "GC Thread#4"                     [id=45708, stack(0x000000c1cf100000,0x000000c1cf200000) (1024K)]
  0x000002a4f48fa340 WorkerThread "GC Thread#5"                     [id=45432, stack(0x000000c1cf200000,0x000000c1cf300000) (1024K)]
  0x000002a4f3bbf480 WorkerThread "GC Thread#6"                     [id=11680, stack(0x000000c1cf300000,0x000000c1cf400000) (1024K)]
  0x000002a4f9156650 WorkerThread "GC Thread#7"                     [id=46040, stack(0x000000c1cf600000,0x000000c1cf700000) (1024K)]
  0x000002a4f9469ef0 WorkerThread "GC Thread#8"                     [id=2056, stack(0x000000c1ced00000,0x000000c1cee00000) (1024K)]
  0x000002a4f946a290 WorkerThread "GC Thread#9"                     [id=45908, stack(0x000000c1cf900000,0x000000c1cfa00000) (1024K)]
Total: 12

Threads with active compile tasks:
C2 CompilerThread0  25357 8279 % !   4       org.eclipse.jdt.internal.compiler.classfmt.ClassFileReader::<init> @ 81 (2135 bytes)
Total: 1

VM state: at safepoint (normal execution)

VM Mutex/Monitor currently owned by a thread:  ([mutex/lock_event])
[0x00007ffefc31e308] Threads_lock - owner thread: 0x000002a4de04e770
[0x00007ffefc31e408] Heap_lock - owner thread: 0x000002a4f95af6a0

Heap address: 0x00000000c0000000, size: 1024 MB, Compressed Oops mode: 32-bit

CDS archive(s) mapped at: [0x000002a480000000-0x000002a480ba0000-0x000002a480ba0000), size 12189696, SharedBaseAddress: 0x000002a480000000, ArchiveRelocationMode: 1.
Compressed class space mapped at: 0x000002a481000000-0x000002a4c1000000, reserved size: 1073741824
Narrow klass base: 0x000002a480000000, Narrow klass shift: 0, Narrow klass range: 0x100000000

GC Precious Log:
 CardTable entry size: 512
 CPUs: 12 total, 12 available
 Memory: 7896M
 Large Page Support: Disabled
 NUMA Support: Disabled
 Compressed Oops: Enabled (32-bit)
 Alignments: Space 512K, Generation 512K, Heap 2M
 Heap Min Capacity: 100M
 Heap Initial Capacity: 100M
 Heap Max Capacity: 1G
 Pre-touch: Disabled
 Parallel Workers: 10

Heap:
 PSYoungGen      total 5632K, used 1024K [0x00000000eab00000, 0x00000000eb180000, 0x0000000100000000)
  eden space 4608K, 0% used [0x00000000eab00000,0x00000000eab00000,0x00000000eaf80000)
  from space 1024K, 100% used [0x00000000eaf80000,0x00000000eb080000,0x00000000eb080000)
  to   space 1024K, 0% used [0x00000000eb080000,0x00000000eb080000,0x00000000eb180000)
 ParOldGen       total 322048K, used 321556K [0x00000000c0000000, 0x00000000d3a80000, 0x00000000eab00000)
  object space 322048K, 99% used [0x00000000c0000000,0x00000000d3a05248,0x00000000d3a80000)
 Metaspace       used 69609K, committed 71040K, reserved 1114112K
  class space    used 8751K, committed 9344K, reserved 1048576K

Card table byte_map: [0x000002a4dd970000,0x000002a4ddb80000] _byte_map_base: 0x000002a4dd370000

Marking Bits: (ParMarkBitMap*) 0x00007ffefc3231f0
 Begin Bits: [0x000002a4f01a0000, 0x000002a4f11a0000)
 End Bits:   [0x000002a4f11a0000, 0x000002a4f21a0000)

Polling page: 0x000002a4dbe80000

Metaspace:

Usage:
  Non-class:     59.43 MB used.
      Class:      8.55 MB used.
       Both:     67.98 MB used.

Virtual space:
  Non-class space:       64.00 MB reserved,      60.25 MB ( 94%) committed,  1 nodes.
      Class space:        1.00 GB reserved,       9.12 MB ( <1%) committed,  1 nodes.
             Both:        1.06 GB reserved,      69.38 MB (  6%) committed. 

Chunk freelists:
   Non-Class:  3.72 MB
       Class:  6.81 MB
        Both:  10.53 MB

MaxMetaspaceSize: unlimited
CompressedClassSpaceSize: 1.00 GB
Initial GC threshold: 21.00 MB
Current GC threshold: 97.31 MB
CDS: on
 - commit_granule_bytes: 65536.
 - commit_granule_words: 8192.
 - virtual_space_node_default_size: 8388608.
 - enlarge_chunks_in_place: 1.
 - use_allocation_guard: 0.


Internal statistics:

num_allocs_failed_limit: 11.
num_arena_births: 1226.
num_arena_deaths: 14.
num_vsnodes_births: 2.
num_vsnodes_deaths: 0.
num_space_committed: 1110.
num_space_uncommitted: 0.
num_chunks_returned_to_freelist: 25.
num_chunks_taken_from_freelist: 4418.
num_chunk_merges: 15.
num_chunk_splits: 2773.
num_chunks_enlarged: 1623.
num_inconsistent_stats: 0.

CodeHeap 'non-profiled nmethods': size=120000Kb used=6351Kb max_used=6351Kb free=113649Kb
 bounds [0x000002a4e8c70000, 0x000002a4e92b0000, 0x000002a4f01a0000]
CodeHeap 'profiled nmethods': size=120000Kb used=15084Kb max_used=15084Kb free=104915Kb
 bounds [0x000002a4e11a0000, 0x000002a4e2060000, 0x000002a4e86d0000]
CodeHeap 'non-nmethods': size=5760Kb used=1397Kb max_used=1473Kb free=4362Kb
 bounds [0x000002a4e86d0000, 0x000002a4e8940000, 0x000002a4e8c70000]
 total_blobs=8228 nmethods=7524 adapters=610
 compilation: enabled
              stopped_count=0, restarted_count=0
 full_count=0

Compilation events (20 events):
Event: 24.031 Thread 0x000002a4de06c0d0 nmethod 8270 0x000002a4e92a1410 code [0x000002a4e92a1660, 0x000002a4e92a2420]
Event: 24.031 Thread 0x000002a4de06c0d0 8272       4       java.net.URI::hashIgnoringCase (45 bytes)
Event: 24.035 Thread 0x000002a4de06c0d0 nmethod 8272 0x000002a4e92a2c10 code [0x000002a4e92a2dc0, 0x000002a4e92a2fb8]
Event: 24.035 Thread 0x000002a4de06c0d0 8274       4       org.eclipse.jdt.internal.compiler.util.JrtFileSystem::getClassfileContent (71 bytes)
Event: 24.036 Thread 0x000002a4f381b000 8276       3       org.eclipse.core.internal.resources.ProjectDescription::getNatureIds (33 bytes)
Event: 24.037 Thread 0x000002a4f381b000 nmethod 8276 0x000002a4e2057990 code [0x000002a4e2057b60, 0x000002a4e2057ef8]
Event: 24.037 Thread 0x000002a4f381b000 8278       3       org.eclipse.core.internal.resources.ProjectDescription::hasNature (47 bytes)
Event: 24.037 Thread 0x000002a4f381b000 nmethod 8278 0x000002a4e2058010 code [0x000002a4e20581e0, 0x000002a4e2058538]
Event: 24.037 Thread 0x000002a4f381b000 8277       3       org.eclipse.core.internal.resources.Project::hasNature (36 bytes)
Event: 24.038 Thread 0x000002a4f381b000 nmethod 8277 0x000002a4e2058710 code [0x000002a4e2058940, 0x000002a4e2059320]
Event: 24.042 Thread 0x000002a4de06c0d0 nmethod 8274 0x000002a4e92a3210 code [0x000002a4e92a3420, 0x000002a4e92a37b0]
Event: 24.042 Thread 0x000002a4de06c0d0 8279 % !   4       org.eclipse.jdt.internal.compiler.classfmt.ClassFileReader::<init> @ 81 (2135 bytes)
Event: 24.050 Thread 0x000002a4f381b000 8280       3       org.eclipse.core.internal.resources.Resource::getPathVariableManager (24 bytes)
Event: 24.051 Thread 0x000002a4f381b000 nmethod 8280 0x000002a4e2059690 code [0x000002a4e2059880, 0x000002a4e2059d08]
Event: 24.051 Thread 0x000002a4f381b000 8282       3       org.eclipse.core.internal.resources.ProjectPreferences::internalGet (26 bytes)
Event: 24.053 Thread 0x000002a4f381b000 nmethod 8282 0x000002a4e2059e90 code [0x000002a4e205a0a0, 0x000002a4e205a608]
Event: 24.053 Thread 0x000002a4f381b000 8281       3       org.eclipse.core.internal.resources.ProjectPathVariableManager::<init> (20 bytes)
Event: 24.053 Thread 0x000002a4f381b000 nmethod 8281 0x000002a4e205a810 code [0x000002a4e205a9c0, 0x000002a4e205ac20]
Event: 24.053 Thread 0x000002a4f381b000 8283       3       org.eclipse.core.internal.resources.Resource::getLocalManager (8 bytes)
Event: 24.053 Thread 0x000002a4f381b000 nmethod 8283 0x000002a4e205ad90 code [0x000002a4e205af40, 0x000002a4e205b080]

GC Heap History (20 events):
Event: 24.136 GC heap before
{Heap before GC invocations=284 (full 3):
 PSYoungGen      total 3584K, used 3347K [0x00000000eab00000, 0x00000000eaf80000, 0x0000000100000000)
  eden space 2560K, 100% used [0x00000000eab00000,0x00000000ead80000,0x00000000ead80000)
  from space 1024K, 76% used [0x00000000eae80000,0x00000000eaf44fe8,0x00000000eaf80000)
  to   space 1024K, 0% used [0x00000000ead80000,0x00000000ead80000,0x00000000eae80000)
 ParOldGen       total 312832K, used 312485K [0x00000000c0000000, 0x00000000d3180000, 0x00000000eab00000)
  object space 312832K, 99% used [0x00000000c0000000,0x00000000d3129668,0x00000000d3180000)
 Metaspace       used 69609K, committed 71040K, reserved 1114112K
  class space    used 8751K, committed 9344K, reserved 1048576K
}
Event: 24.142 GC heap after
{Heap after GC invocations=284 (full 3):
 PSYoungGen      total 3584K, used 1018K [0x00000000eab00000, 0x00000000eb180000, 0x0000000100000000)
  eden space 2560K, 0% used [0x00000000eab00000,0x00000000eab00000,0x00000000ead80000)
  from space 1024K, 99% used [0x00000000ead80000,0x00000000eae7e938,0x00000000eae80000)
  to   space 2048K, 0% used [0x00000000eaf80000,0x00000000eaf80000,0x00000000eb180000)
 ParOldGen       total 313344K, used 313116K [0x00000000c0000000, 0x00000000d3200000, 0x00000000eab00000)
  object space 313344K, 99% used [0x00000000c0000000,0x00000000d31c7160,0x00000000d3200000)
 Metaspace       used 69609K, committed 71040K, reserved 1114112K
  class space    used 8751K, committed 9344K, reserved 1048576K
}
Event: 24.152 GC heap before
{Heap before GC invocations=285 (full 3):
 PSYoungGen      total 3584K, used 3572K [0x00000000eab00000, 0x00000000eb180000, 0x0000000100000000)
  eden space 2560K, 99% used [0x00000000eab00000,0x00000000ead7e9e8,0x00000000ead80000)
  from space 1024K, 99% used [0x00000000ead80000,0x00000000eae7e938,0x00000000eae80000)
  to   space 2048K, 0% used [0x00000000eaf80000,0x00000000eaf80000,0x00000000eb180000)
 ParOldGen       total 313344K, used 313116K [0x00000000c0000000, 0x00000000d3200000, 0x00000000eab00000)
  object space 313344K, 99% used [0x00000000c0000000,0x00000000d31c7160,0x00000000d3200000)
 Metaspace       used 69609K, committed 71040K, reserved 1114112K
  class space    used 8751K, committed 9344K, reserved 1048576K
}
Event: 24.157 GC heap after
{Heap after GC invocations=285 (full 3):
 PSYoungGen      total 4608K, used 848K [0x00000000eab00000, 0x00000000eb100000, 0x0000000100000000)
  eden space 3072K, 0% used [0x00000000eab00000,0x00000000eab00000,0x00000000eae00000)
  from space 1536K, 55% used [0x00000000eaf80000,0x00000000eb0543e0,0x00000000eb100000)
  to   space 1536K, 0% used [0x00000000eae00000,0x00000000eae00000,0x00000000eaf80000)
 ParOldGen       total 314368K, used 314264K [0x00000000c0000000, 0x00000000d3300000, 0x00000000eab00000)
  object space 314368K, 99% used [0x00000000c0000000,0x00000000d32e61c8,0x00000000d3300000)
 Metaspace       used 69609K, committed 71040K, reserved 1114112K
  class space    used 8751K, committed 9344K, reserved 1048576K
}
Event: 24.166 GC heap before
{Heap before GC invocations=286 (full 3):
 PSYoungGen      total 4608K, used 3918K [0x00000000eab00000, 0x00000000eb100000, 0x0000000100000000)
  eden space 3072K, 99% used [0x00000000eab00000,0x00000000eadff588,0x00000000eae00000)
  from space 1536K, 55% used [0x00000000eaf80000,0x00000000eb0543e0,0x00000000eb100000)
  to   space 1536K, 0% used [0x00000000eae00000,0x00000000eae00000,0x00000000eaf80000)
 ParOldGen       total 314368K, used 314264K [0x00000000c0000000, 0x00000000d3300000, 0x00000000eab00000)
  object space 314368K, 99% used [0x00000000c0000000,0x00000000d32e61c8,0x00000000d3300000)
 Metaspace       used 69609K, committed 71040K, reserved 1114112K
  class space    used 8751K, committed 9344K, reserved 1048576K
}
Event: 24.168 GC heap after
{Heap after GC invocations=286 (full 3):
 PSYoungGen      total 4608K, used 1063K [0x00000000eab00000, 0x00000000eb200000, 0x0000000100000000)
  eden space 3072K, 0% used [0x00000000eab00000,0x00000000eab00000,0x00000000eae00000)
  from space 1536K, 69% used [0x00000000eae00000,0x00000000eaf09c80,0x00000000eaf80000)
  to   space 1536K, 0% used [0x00000000eb080000,0x00000000eb080000,0x00000000eb200000)
 ParOldGen       total 315392K, used 314962K [0x00000000c0000000, 0x00000000d3400000, 0x00000000eab00000)
  object space 315392K, 99% used [0x00000000c0000000,0x00000000d3394bf0,0x00000000d3400000)
 Metaspace       used 69609K, committed 71040K, reserved 1114112K
  class space    used 8751K, committed 9344K, reserved 1048576K
}
Event: 24.177 GC heap before
{Heap before GC invocations=287 (full 3):
 PSYoungGen      total 4608K, used 4135K [0x00000000eab00000, 0x00000000eb200000, 0x0000000100000000)
  eden space 3072K, 100% used [0x00000000eab00000,0x00000000eae00000,0x00000000eae00000)
  from space 1536K, 69% used [0x00000000eae00000,0x00000000eaf09c80,0x00000000eaf80000)
  to   space 1536K, 0% used [0x00000000eb080000,0x00000000eb080000,0x00000000eb200000)
 ParOldGen       total 315392K, used 314962K [0x00000000c0000000, 0x00000000d3400000, 0x00000000eab00000)
  object space 315392K, 99% used [0x00000000c0000000,0x00000000d3394bf0,0x00000000d3400000)
 Metaspace       used 69609K, committed 71040K, reserved 1114112K
  class space    used 8751K, committed 9344K, reserved 1048576K
}
Event: 24.179 GC heap after
{Heap after GC invocations=287 (full 3):
 PSYoungGen      total 4608K, used 1032K [0x00000000eab00000, 0x00000000eb200000, 0x0000000100000000)
  eden space 3072K, 0% used [0x00000000eab00000,0x00000000eab00000,0x00000000eae00000)
  from space 1536K, 67% used [0x00000000eb080000,0x00000000eb182178,0x00000000eb200000)
  to   space 1536K, 0% used [0x00000000eae00000,0x00000000eae00000,0x00000000eaf80000)
 ParOldGen       total 316416K, used 315906K [0x00000000c0000000, 0x00000000d3500000, 0x00000000eab00000)
  object space 316416K, 99% used [0x00000000c0000000,0x00000000d3480990,0x00000000d3500000)
 Metaspace       used 69609K, committed 71040K, reserved 1114112K
  class space    used 8751K, committed 9344K, reserved 1048576K
}
Event: 24.193 GC heap before
{Heap before GC invocations=288 (full 3):
 PSYoungGen      total 4608K, used 4104K [0x00000000eab00000, 0x00000000eb200000, 0x0000000100000000)
  eden space 3072K, 100% used [0x00000000eab00000,0x00000000eae00000,0x00000000eae00000)
  from space 1536K, 67% used [0x00000000eb080000,0x00000000eb182178,0x00000000eb200000)
  to   space 1536K, 0% used [0x00000000eae00000,0x00000000eae00000,0x00000000eaf80000)
 ParOldGen       total 316416K, used 315906K [0x00000000c0000000, 0x00000000d3500000, 0x00000000eab00000)
  object space 316416K, 99% used [0x00000000c0000000,0x00000000d3480990,0x00000000d3500000)
 Metaspace       used 69609K, committed 71040K, reserved 1114112K
  class space    used 8751K, committed 9344K, reserved 1048576K
}
Event: 24.195 GC heap after
{Heap after GC invocations=288 (full 3):
 PSYoungGen      total 4608K, used 708K [0x00000000eab00000, 0x00000000eb100000, 0x0000000100000000)
  eden space 3072K, 0% used [0x00000000eab00000,0x00000000eab00000,0x00000000eae00000)
  from space 1536K, 46% used [0x00000000eae00000,0x00000000eaeb1158,0x00000000eaf80000)
  to   space 1024K, 0% used [0x00000000eb000000,0x00000000eb000000,0x00000000eb100000)
 ParOldGen       total 316928K, used 316746K [0x00000000c0000000, 0x00000000d3580000, 0x00000000eab00000)
  object space 316928K, 99% used [0x00000000c0000000,0x00000000d3552948,0x00000000d3580000)
 Metaspace       used 69609K, committed 71040K, reserved 1114112K
  class space    used 8751K, committed 9344K, reserved 1048576K
}
Event: 24.208 GC heap before
{Heap before GC invocations=289 (full 3):
 PSYoungGen      total 4608K, used 3777K [0x00000000eab00000, 0x00000000eb100000, 0x0000000100000000)
  eden space 3072K, 99% used [0x00000000eab00000,0x00000000eadff3d8,0x00000000eae00000)
  from space 1536K, 46% used [0x00000000eae00000,0x00000000eaeb1158,0x00000000eaf80000)
  to   space 1024K, 0% used [0x00000000eb000000,0x00000000eb000000,0x00000000eb100000)
 ParOldGen       total 316928K, used 316746K [0x00000000c0000000, 0x00000000d3580000, 0x00000000eab00000)
  object space 316928K, 99% used [0x00000000c0000000,0x00000000d3552948,0x00000000d3580000)
 Metaspace       used 69609K, committed 71040K, reserved 1114112K
  class space    used 8751K, committed 9344K, reserved 1048576K
}
Event: 24.210 GC heap after
{Heap after GC invocations=289 (full 3):
 PSYoungGen      total 4096K, used 704K [0x00000000eab00000, 0x00000000eb100000, 0x0000000100000000)
  eden space 3072K, 0% used [0x00000000eab00000,0x00000000eab00000,0x00000000eae00000)
  from space 1024K, 68% used [0x00000000eb000000,0x00000000eb0b0080,0x00000000eb100000)
  to   space 1024K, 0% used [0x00000000eaf00000,0x00000000eaf00000,0x00000000eb000000)
 ParOldGen       total 317440K, used 317295K [0x00000000c0000000, 0x00000000d3600000, 0x00000000eab00000)
  object space 317440K, 99% used [0x00000000c0000000,0x00000000d35dbfc8,0x00000000d3600000)
 Metaspace       used 69609K, committed 71040K, reserved 1114112K
  class space    used 8751K, committed 9344K, reserved 1048576K
}
Event: 24.221 GC heap before
{Heap before GC invocations=290 (full 3):
 PSYoungGen      total 4096K, used 3776K [0x00000000eab00000, 0x00000000eb100000, 0x0000000100000000)
  eden space 3072K, 100% used [0x00000000eab00000,0x00000000eae00000,0x00000000eae00000)
  from space 1024K, 68% used [0x00000000eb000000,0x00000000eb0b0080,0x00000000eb100000)
  to   space 1024K, 0% used [0x00000000eaf00000,0x00000000eaf00000,0x00000000eb000000)
 ParOldGen       total 317440K, used 317295K [0x00000000c0000000, 0x00000000d3600000, 0x00000000eab00000)
  object space 317440K, 99% used [0x00000000c0000000,0x00000000d35dbfc8,0x00000000d3600000)
 Metaspace       used 69609K, committed 71040K, reserved 1114112K
  class space    used 8751K, committed 9344K, reserved 1048576K
}
Event: 24.223 GC heap after
{Heap after GC invocations=290 (full 3):
 PSYoungGen      total 4096K, used 716K [0x00000000eab00000, 0x00000000eb080000, 0x0000000100000000)
  eden space 3072K, 0% used [0x00000000eab00000,0x00000000eab00000,0x00000000eae00000)
  from space 1024K, 69% used [0x00000000eaf00000,0x00000000eafb3030,0x00000000eb000000)
  to   space 512K, 0% used [0x00000000eb000000,0x00000000eb000000,0x00000000eb080000)
 ParOldGen       total 317952K, used 317852K [0x00000000c0000000, 0x00000000d3680000, 0x00000000eab00000)
  object space 317952K, 99% used [0x00000000c0000000,0x00000000d3667070,0x00000000d3680000)
 Metaspace       used 69609K, committed 71040K, reserved 1114112K
  class space    used 8751K, committed 9344K, reserved 1048576K
}
Event: 24.236 GC heap before
{Heap before GC invocations=291 (full 3):
 PSYoungGen      total 4096K, used 3788K [0x00000000eab00000, 0x00000000eb080000, 0x0000000100000000)
  eden space 3072K, 100% used [0x00000000eab00000,0x00000000eae00000,0x00000000eae00000)
  from space 1024K, 69% used [0x00000000eaf00000,0x00000000eafb3030,0x00000000eb000000)
  to   space 512K, 0% used [0x00000000eb000000,0x00000000eb000000,0x00000000eb080000)
 ParOldGen       total 317952K, used 317852K [0x00000000c0000000, 0x00000000d3680000, 0x00000000eab00000)
  object space 317952K, 99% used [0x00000000c0000000,0x00000000d3667070,0x00000000d3680000)
 Metaspace       used 69609K, committed 71040K, reserved 1114112K
  class space    used 8751K, committed 9344K, reserved 1048576K
}
Event: 24.237 GC heap after
{Heap after GC invocations=291 (full 3):
 PSYoungGen      total 3584K, used 512K [0x00000000eab00000, 0x00000000eb100000, 0x0000000100000000)
  eden space 3072K, 0% used [0x00000000eab00000,0x00000000eab00000,0x00000000eae00000)
  from space 512K, 100% used [0x00000000eb000000,0x00000000eb080000,0x00000000eb080000)
  to   space 1536K, 0% used [0x00000000eae00000,0x00000000eae00000,0x00000000eaf80000)
 ParOldGen       total 318976K, used 318569K [0x00000000c0000000, 0x00000000d3780000, 0x00000000eab00000)
  object space 318976K, 99% used [0x00000000c0000000,0x00000000d371a610,0x00000000d3780000)
 Metaspace       used 69609K, committed 71040K, reserved 1114112K
  class space    used 8751K, committed 9344K, reserved 1048576K
}
Event: 24.255 GC heap before
{Heap before GC invocations=292 (full 3):
 PSYoungGen      total 3584K, used 3584K [0x00000000eab00000, 0x00000000eb100000, 0x0000000100000000)
  eden space 3072K, 100% used [0x00000000eab00000,0x00000000eae00000,0x00000000eae00000)
  from space 512K, 100% used [0x00000000eb000000,0x00000000eb080000,0x00000000eb080000)
  to   space 1536K, 0% used [0x00000000eae00000,0x00000000eae00000,0x00000000eaf80000)
 ParOldGen       total 318976K, used 318582K [0x00000000c0000000, 0x00000000d3780000, 0x00000000eab00000)
  object space 318976K, 99% used [0x00000000c0000000,0x00000000d371dbd8,0x00000000d3780000)
 Metaspace       used 69609K, committed 71040K, reserved 1114112K
  class space    used 8751K, committed 9344K, reserved 1048576K
}
Event: 24.259 GC heap after
{Heap after GC invocations=292 (full 3):
 PSYoungGen      total 4608K, used 672K [0x00000000eab00000, 0x00000000eb080000, 0x0000000100000000)
  eden space 3072K, 0% used [0x00000000eab00000,0x00000000eab00000,0x00000000eae00000)
  from space 1536K, 43% used [0x00000000eae00000,0x00000000eaea8000,0x00000000eaf80000)
  to   space 1024K, 0% used [0x00000000eaf80000,0x00000000eaf80000,0x00000000eb080000)
 ParOldGen       total 319488K, used 319029K [0x00000000c0000000, 0x00000000d3800000, 0x00000000eab00000)
  object space 319488K, 99% used [0x00000000c0000000,0x00000000d378d4b0,0x00000000d3800000)
 Metaspace       used 69609K, committed 71040K, reserved 1114112K
  class space    used 8751K, committed 9344K, reserved 1048576K
}
Event: 24.274 GC heap before
{Heap before GC invocations=293 (full 3):
 PSYoungGen      total 4608K, used 3744K [0x00000000eab00000, 0x00000000eb080000, 0x0000000100000000)
  eden space 3072K, 100% used [0x00000000eab00000,0x00000000eae00000,0x00000000eae00000)
  from space 1536K, 43% used [0x00000000eae00000,0x00000000eaea8000,0x00000000eaf80000)
  to   space 1024K, 0% used [0x00000000eaf80000,0x00000000eaf80000,0x00000000eb080000)
 ParOldGen       total 319488K, used 319041K [0x00000000c0000000, 0x00000000d3800000, 0x00000000eab00000)
  object space 319488K, 99% used [0x00000000c0000000,0x00000000d3790798,0x00000000d3800000)
 Metaspace       used 69609K, committed 71040K, reserved 1114112K
  class space    used 8751K, committed 9344K, reserved 1048576K
}
Event: 25.271 GC heap after
{Heap after GC invocations=293 (full 3):
 PSYoungGen      total 4608K, used 723K [0x00000000eab00000, 0x00000000eb100000, 0x0000000100000000)
  eden space 3584K, 0% used [0x00000000eab00000,0x00000000eab00000,0x00000000eae80000)
  from space 1024K, 70% used [0x00000000eaf80000,0x00000000eb034e58,0x00000000eb080000)
  to   space 1024K, 0% used [0x00000000eae80000,0x00000000eae80000,0x00000000eaf80000)
 ParOldGen       total 320000K, used 319558K [0x00000000c0000000, 0x00000000d3880000, 0x00000000eab00000)
  object space 320000K, 99% used [0x00000000c0000000,0x00000000d3811948,0x00000000d3880000)
 Metaspace       used 69609K, committed 71040K, reserved 1114112K
  class space    used 8751K, committed 9344K, reserved 1048576K
}

Dll operation events (14 events):
Event: 0.055 Loaded shared library c:\Users\jasur\.vscode\extensions\redhat.java-1.42.0-win32-x64\jre\21.0.7-win32-x86_64\bin\java.dll
Event: 0.122 Loaded shared library c:\Users\jasur\.vscode\extensions\redhat.java-1.42.0-win32-x64\jre\21.0.7-win32-x86_64\bin\zip.dll
Event: 0.191 Loaded shared library C:\Users\jasur\.vscode\extensions\redhat.java-1.42.0-win32-x64\jre\21.0.7-win32-x86_64\bin\instrument.dll
Event: 0.204 Loaded shared library C:\Users\jasur\.vscode\extensions\redhat.java-1.42.0-win32-x64\jre\21.0.7-win32-x86_64\bin\net.dll
Event: 0.210 Loaded shared library C:\Users\jasur\.vscode\extensions\redhat.java-1.42.0-win32-x64\jre\21.0.7-win32-x86_64\bin\nio.dll
Event: 0.214 Loaded shared library C:\Users\jasur\.vscode\extensions\redhat.java-1.42.0-win32-x64\jre\21.0.7-win32-x86_64\bin\zip.dll
Event: 0.238 Loaded shared library C:\Users\jasur\.vscode\extensions\redhat.java-1.42.0-win32-x64\jre\21.0.7-win32-x86_64\bin\jimage.dll
Event: 0.336 Loaded shared library c:\Users\jasur\.vscode\extensions\redhat.java-1.42.0-win32-x64\jre\21.0.7-win32-x86_64\bin\verify.dll
Event: 1.787 Loaded shared library C:\Users\jasur\AppData\Roaming\Code\User\globalStorage\redhat.java\1.42.0\config_win\org.eclipse.equinox.launcher\org.eclipse.equinox.launcher.win32.win32.x86_64_1.2.1300.v20250331-1702\eclipse_11911.dll
Event: 3.722 Loaded shared library C:\Users\jasur\AppData\Local\Temp\jna-100897209\jna7478378427941995694.dll
Event: 6.912 Loaded shared library C:\Users\jasur\.gradle\native\c067742578af261105cb4f569cf0c3c89f3d7b1fecec35dd04571415982c5e48\windows-amd64\native-platform.dll
Event: 9.452 Loaded shared library C:\Users\jasur\.vscode\extensions\redhat.java-1.42.0-win32-x64\jre\21.0.7-win32-x86_64\bin\management.dll
Event: 9.464 Loaded shared library C:\Users\jasur\.vscode\extensions\redhat.java-1.42.0-win32-x64\jre\21.0.7-win32-x86_64\bin\management_ext.dll
Event: 11.002 Loaded shared library C:\Users\jasur\.gradle\native\c067742578af261105cb4f569cf0c3c89f3d7b1fecec35dd04571415982c5e48\windows-amd64-min\native-platform.dll

Deoptimization events (20 events):
Event: 23.253 Thread 0x000002a4f95af6a0 Uncommon trap: trap_request=0xffffff45 fr.pc=0x000002a4e92304b0 relative=0x0000000000000d90
Event: 23.253 Thread 0x000002a4f95af6a0 Uncommon trap: reason=unstable_if action=reinterpret pc=0x000002a4e92304b0 method=org.eclipse.jdt.internal.compiler.classfmt.MethodInfo.createMethod([B[IIJ)Lorg/eclipse/jdt/internal/compiler/classfmt/MethodInfo; @ 92 c2
Event: 23.253 Thread 0x000002a4f95af6a0 DEOPT PACKING pc=0x000002a4e92304b0 sp=0x000000c1d02fe7e0
Event: 23.253 Thread 0x000002a4f95af6a0 DEOPT UNPACKING pc=0x000002a4e8723aa2 sp=0x000000c1d02fe720 mode 2
Event: 23.254 Thread 0x000002a4f95af6a0 Uncommon trap: trap_request=0xffffff45 fr.pc=0x000002a4e912c29c relative=0x000000000000007c
Event: 23.254 Thread 0x000002a4f95af6a0 Uncommon trap: reason=unstable_if action=reinterpret pc=0x000002a4e912c29c method=org.eclipse.jdt.internal.compiler.classfmt.MethodInfo.getArgumentNames()[[C @ 4 c2
Event: 23.254 Thread 0x000002a4f95af6a0 DEOPT PACKING pc=0x000002a4e912c29c sp=0x000000c1d02fe920
Event: 23.254 Thread 0x000002a4f95af6a0 DEOPT UNPACKING pc=0x000002a4e8723aa2 sp=0x000000c1d02fe8b8 mode 2
Event: 23.264 Thread 0x000002a4f95af6a0 Uncommon trap: trap_request=0xffffff45 fr.pc=0x000002a4e923b5e4 relative=0x0000000000000dc4
Event: 23.264 Thread 0x000002a4f95af6a0 Uncommon trap: reason=unstable_if action=reinterpret pc=0x000002a4e923b5e4 method=org.eclipse.jdt.internal.compiler.classfmt.FieldInfo.createField([B[IIJ)Lorg/eclipse/jdt/internal/compiler/classfmt/FieldInfo; @ 167 c2
Event: 23.264 Thread 0x000002a4f95af6a0 DEOPT PACKING pc=0x000002a4e923b5e4 sp=0x000000c1d02fe7e0
Event: 23.264 Thread 0x000002a4f95af6a0 DEOPT UNPACKING pc=0x000002a4e8723aa2 sp=0x000000c1d02fe748 mode 2
Event: 23.858 Thread 0x000002a4f95af6a0 Uncommon trap: trap_request=0xffffff45 fr.pc=0x000002a4e90ab8a8 relative=0x0000000000007fa8
Event: 23.858 Thread 0x000002a4f95af6a0 Uncommon trap: reason=unstable_if action=reinterpret pc=0x000002a4e90ab8a8 method=org.eclipse.jdt.internal.compiler.classfmt.ClassFileReader.<init>([B[CZ)V @ 1488 c2
Event: 23.858 Thread 0x000002a4f95af6a0 DEOPT PACKING pc=0x000002a4e90ab8a8 sp=0x000000c1d02fe8b0
Event: 23.858 Thread 0x000002a4f95af6a0 DEOPT UNPACKING pc=0x000002a4e8723aa2 sp=0x000000c1d02fe880 mode 2
Event: 23.861 Thread 0x000002a4f95af6a0 Uncommon trap: trap_request=0xffffff45 fr.pc=0x000002a4e90640e4 relative=0x0000000000008c24
Event: 23.861 Thread 0x000002a4f95af6a0 Uncommon trap: reason=unstable_if action=reinterpret pc=0x000002a4e90640e4 method=org.eclipse.jdt.internal.compiler.classfmt.ClassFileReader.<init>([B[CZ)V @ 1488 c2
Event: 23.861 Thread 0x000002a4f95af6a0 DEOPT PACKING pc=0x000002a4e90640e4 sp=0x000000c1d02fe8b0
Event: 23.861 Thread 0x000002a4f95af6a0 DEOPT UNPACKING pc=0x000002a4e8723aa2 sp=0x000000c1d02fe880 mode 2

Classes loaded (20 events):
Event: 20.613 Loading class java/util/PrimitiveIterator done
Event: 20.615 Loading class java/util/PrimitiveIterator$OfDouble done
Event: 20.621 Loading class java/util/PrimitiveIterator$OfLong
Event: 20.621 Loading class java/util/PrimitiveIterator$OfLong done
Event: 20.624 Loading class java/util/PrimitiveIterator$OfInt
Event: 20.625 Loading class java/util/PrimitiveIterator$OfInt done
Event: 20.630 Loading class java/util/stream/LongStream
Event: 20.631 Loading class java/util/stream/LongStream done
Event: 20.631 Loading class java/util/stream/DoubleStream
Event: 20.632 Loading class java/util/stream/DoubleStream done
Event: 21.126 Loading class java/util/concurrent/atomic/AtomicIntegerFieldUpdater
Event: 21.126 Loading class java/util/concurrent/atomic/AtomicIntegerFieldUpdater done
Event: 21.200 Loading class java/util/concurrent/LinkedBlockingDeque
Event: 21.201 Loading class java/util/concurrent/BlockingDeque
Event: 21.202 Loading class java/util/concurrent/BlockingDeque done
Event: 21.202 Loading class java/util/concurrent/LinkedBlockingDeque done
Event: 21.202 Loading class java/util/concurrent/PriorityBlockingQueue
Event: 21.203 Loading class java/util/concurrent/PriorityBlockingQueue done
Event: 21.818 Loading class java/io/ObjectStreamClass$ExceptionInfo
Event: 21.818 Loading class java/io/ObjectStreamClass$ExceptionInfo done

Classes unloaded (7 events):
Event: 4.222 Thread 0x000002a4de04e770 Unloading class 0x000002a4811a3800 'java/lang/invoke/LambdaForm$MH+0x000002a4811a3800'
Event: 4.222 Thread 0x000002a4de04e770 Unloading class 0x000002a4811a3400 'java/lang/invoke/LambdaForm$MH+0x000002a4811a3400'
Event: 4.222 Thread 0x000002a4de04e770 Unloading class 0x000002a4811a3000 'java/lang/invoke/LambdaForm$MH+0x000002a4811a3000'
Event: 4.222 Thread 0x000002a4de04e770 Unloading class 0x000002a4811a2c00 'java/lang/invoke/LambdaForm$MH+0x000002a4811a2c00'
Event: 4.223 Thread 0x000002a4de04e770 Unloading class 0x000002a4811a2800 'java/lang/invoke/LambdaForm$BMH+0x000002a4811a2800'
Event: 4.223 Thread 0x000002a4de04e770 Unloading class 0x000002a4811a2400 'java/lang/invoke/LambdaForm$DMH+0x000002a4811a2400'
Event: 4.223 Thread 0x000002a4de04e770 Unloading class 0x000002a4811a1400 'java/lang/invoke/LambdaForm$DMH+0x000002a4811a1400'

Classes redefined (0 events):
No events

Internal exceptions (20 events):
Event: 14.116 Thread 0x000002a4f95b03c0 Exception <a 'sun/nio/fs/WindowsException'{0x00000000eb1181d8}> (0x00000000eb1181d8) 
thrown [s\src\hotspot\share\prims\jni.cpp, line 520]
Event: 14.116 Thread 0x000002a4f95b03c0 Exception <a 'sun/nio/fs/WindowsException'{0x00000000eb124360}> (0x00000000eb124360) 
thrown [s\src\hotspot\share\prims\jni.cpp, line 520]
Event: 14.117 Thread 0x000002a4f95b03c0 Exception <a 'sun/nio/fs/WindowsException'{0x00000000eb124938}> (0x00000000eb124938) 
thrown [s\src\hotspot\share\prims\jni.cpp, line 520]
Event: 14.119 Thread 0x000002a4f95b03c0 Exception <a 'sun/nio/fs/WindowsException'{0x00000000eb14c398}> (0x00000000eb14c398) 
thrown [s\src\hotspot\share\prims\jni.cpp, line 520]
Event: 14.119 Thread 0x000002a4f95b03c0 Exception <a 'sun/nio/fs/WindowsException'{0x00000000eb14c958}> (0x00000000eb14c958) 
thrown [s\src\hotspot\share\prims\jni.cpp, line 520]
Event: 14.119 Thread 0x000002a4f95b03c0 Exception <a 'sun/nio/fs/WindowsException'{0x00000000eb14cf18}> (0x00000000eb14cf18) 
thrown [s\src\hotspot\share\prims\jni.cpp, line 520]
Event: 14.120 Thread 0x000002a4f95b03c0 Exception <a 'sun/nio/fs/WindowsException'{0x00000000eb14d4f0}> (0x00000000eb14d4f0) 
thrown [s\src\hotspot\share\prims\jni.cpp, line 520]
Event: 14.121 Thread 0x000002a4f95b03c0 Exception <a 'sun/nio/fs/WindowsException'{0x00000000eb1c3b90}> (0x00000000eb1c3b90) 
thrown [s\src\hotspot\share\prims\jni.cpp, line 520]
Event: 14.121 Thread 0x000002a4f95b03c0 Exception <a 'sun/nio/fs/WindowsException'{0x00000000eb1c4140}> (0x00000000eb1c4140) 
thrown [s\src\hotspot\share\prims\jni.cpp, line 520]
Event: 14.121 Thread 0x000002a4f95b03c0 Exception <a 'sun/nio/fs/WindowsException'{0x00000000eb1cf728}> (0x00000000eb1cf728) 
thrown [s\src\hotspot\share\prims\jni.cpp, line 520]
Event: 14.122 Thread 0x000002a4f95b03c0 Exception <a 'sun/nio/fs/WindowsException'{0x00000000eb1cfcf8}> (0x00000000eb1cfcf8) 
thrown [s\src\hotspot\share\prims\jni.cpp, line 520]
Event: 14.127 Thread 0x000002a4f95b03c0 Exception <a 'sun/nio/fs/WindowsException'{0x00000000eab0d930}> (0x00000000eab0d930) 
thrown [s\src\hotspot\share\prims\jni.cpp, line 520]
Event: 14.127 Thread 0x000002a4f95b03c0 Exception <a 'sun/nio/fs/WindowsException'{0x00000000eab244b0}> (0x00000000eab244b0) 
thrown [s\src\hotspot\share\prims\jni.cpp, line 520]
Event: 14.127 Thread 0x000002a4f95b03c0 Exception <a 'sun/nio/fs/WindowsException'{0x00000000eab24a80}> (0x00000000eab24a80) 
thrown [s\src\hotspot\share\prims\jni.cpp, line 520]
Event: 14.128 Thread 0x000002a4f95b03c0 Exception <a 'sun/nio/fs/WindowsException'{0x00000000eab25070}> (0x00000000eab25070) 
thrown [s\src\hotspot\share\prims\jni.cpp, line 520]
Event: 14.161 Thread 0x000002a4f95b03c0 Exception <a 'sun/nio/fs/WindowsException'{0x00000000eae32158}> (0x00000000eae32158) 
thrown [s\src\hotspot\share\prims\jni.cpp, line 520]
Event: 14.168 Thread 0x000002a4fb38c7f0 Exception <a 'java/lang/NoClassDefFoundError'{0x00000000eaecad40}: org/slf4j/impl/StaticMarkerBinder> (0x00000000eaecad40) 
thrown [s\src\hotspot\share\classfile\systemDictionary.cpp, line 301]
Event: 14.991 Thread 0x000002a4fb38c7f0 Exception <a 'java/lang/NoSuchMethodError'{0x00000000ead5a860}: 'java.lang.Object java.lang.invoke.DirectMethodHandle$Holder.invokeVirtual(java.lang.Object, java.lang.Object, java.lang.Object, java.lang.Object, java.lang.Object, java.lang.Object, java.lang.Object, java.lang.Object, java.lang.Object, java.lang.Object, java.lang.Object)'> (0x00000000ead5a860) 
thrown [s\src\hotspot\share\interpreter\linkResolver.cpp, line 773]
Event: 15.005 Thread 0x000002a4fb38c7f0 Exception <a 'java/lang/NoSuchMethodError'{0x00000000eae566f0}: 'java.lang.Object java.lang.invoke.DirectMethodHandle$Holder.invokeStatic(java.lang.Object, java.lang.Object, java.lang.Object, java.lang.Object, java.lang.Object, java.lang.Object, java.lang.Object, java.lang.Object, java.lang.Object, java.lang.Object, java.lang.Object, java.lang.Object, java.lang.Object)'> (0x00000000eae566f0) 
thrown [s\src\hotspot\share\interpreter\linkResolver.cpp, line 773]
Event: 18.167 Thread 0x000002a4f95b03c0 Exception <a 'sun/nio/fs/WindowsException'{0x00000000eae93408}> (0x00000000eae93408) 
thrown [s\src\hotspot\share\prims\jni.cpp, line 520]

ZGC Phase Switch (0 events):
No events

VM Operations (20 events):
Event: 24.151 Executing VM operation: ParallelGCFailedAllocation (Allocation Failure)
Event: 24.157 Executing VM operation: ParallelGCFailedAllocation (Allocation Failure) done
Event: 24.166 Executing VM operation: ParallelGCFailedAllocation (Allocation Failure)
Event: 24.168 Executing VM operation: ParallelGCFailedAllocation (Allocation Failure) done
Event: 24.177 Executing VM operation: ParallelGCFailedAllocation (Allocation Failure)
Event: 24.179 Executing VM operation: ParallelGCFailedAllocation (Allocation Failure) done
Event: 24.193 Executing VM operation: ParallelGCFailedAllocation (Allocation Failure)
Event: 24.195 Executing VM operation: ParallelGCFailedAllocation (Allocation Failure) done
Event: 24.208 Executing VM operation: ParallelGCFailedAllocation (Allocation Failure)
Event: 24.210 Executing VM operation: ParallelGCFailedAllocation (Allocation Failure) done
Event: 24.221 Executing VM operation: ParallelGCFailedAllocation (Allocation Failure)
Event: 24.223 Executing VM operation: ParallelGCFailedAllocation (Allocation Failure) done
Event: 24.236 Executing VM operation: ParallelGCFailedAllocation (Allocation Failure)
Event: 24.237 Executing VM operation: ParallelGCFailedAllocation (Allocation Failure) done
Event: 24.255 Executing VM operation: ParallelGCFailedAllocation (Allocation Failure)
Event: 24.255 Executing VM operation: ParallelGCFailedAllocation (Allocation Failure) done
Event: 24.255 Executing VM operation: ParallelGCSystemGC (GCLocker Initiated GC)
Event: 24.259 Executing VM operation: ParallelGCSystemGC (GCLocker Initiated GC) done
Event: 24.274 Executing VM operation: ParallelGCFailedAllocation (Allocation Failure)
Event: 25.271 Executing VM operation: ParallelGCFailedAllocation (Allocation Failure) done

Memory protections (0 events):
No events

Nmethod flushes (20 events):
Event: 11.240 Thread 0x000002a4de04e770 flushing  nmethod 0x000002a4e19bc890
Event: 11.240 Thread 0x000002a4de04e770 flushing  nmethod 0x000002a4e19d1b90
Event: 11.240 Thread 0x000002a4de04e770 flushing  nmethod 0x000002a4e19dd790
Event: 11.240 Thread 0x000002a4de04e770 flushing  nmethod 0x000002a4e19e1210
Event: 11.240 Thread 0x000002a4de04e770 flushing  nmethod 0x000002a4e19e2490
Event: 11.240 Thread 0x000002a4de04e770 flushing  nmethod 0x000002a4e1a00610
Event: 11.240 Thread 0x000002a4de04e770 flushing  nmethod 0x000002a4e1a03c10
Event: 11.240 Thread 0x000002a4de04e770 flushing  nmethod 0x000002a4e1a04b90
Event: 11.240 Thread 0x000002a4de04e770 flushing  nmethod 0x000002a4e1a05c10
Event: 11.240 Thread 0x000002a4de04e770 flushing  nmethod 0x000002a4e1a06210
Event: 11.240 Thread 0x000002a4de04e770 flushing  nmethod 0x000002a4e1a0aa90
Event: 11.240 Thread 0x000002a4de04e770 flushing  nmethod 0x000002a4e1a0d110
Event: 11.240 Thread 0x000002a4de04e770 flushing  nmethod 0x000002a4e1a0f990
Event: 11.240 Thread 0x000002a4de04e770 flushing  nmethod 0x000002a4e1a17010
Event: 11.240 Thread 0x000002a4de04e770 flushing  nmethod 0x000002a4e1a1be90
Event: 11.240 Thread 0x000002a4de04e770 flushing  nmethod 0x000002a4e1a32c90
Event: 11.240 Thread 0x000002a4de04e770 flushing  nmethod 0x000002a4e1a48510
Event: 11.240 Thread 0x000002a4de04e770 flushing  nmethod 0x000002a4e1a64890
Event: 11.240 Thread 0x000002a4de04e770 flushing  nmethod 0x000002a4e1a97e90
Event: 11.240 Thread 0x000002a4de04e770 flushing  nmethod 0x000002a4e1a99990

Events (20 events):
Event: 15.876 Thread 0x000002a4f9a139c0 Thread exited: 0x000002a4f9a139c0
Event: 18.095 Thread 0x000002a4f9b047c0 Thread exited: 0x000002a4f9b047c0
Event: 18.147 Thread 0x000002a4fb049500 Thread exited: 0x000002a4fb049500
Event: 18.147 Thread 0x000002a4f381b000 Thread added: 0x000002a4fac8e4e0
Event: 18.147 Thread 0x000002a4fb38fc70 Thread exited: 0x000002a4fb38fc70
Event: 18.147 Thread 0x000002a4fb38c7f0 Thread exited: 0x000002a4fb38c7f0
Event: 18.149 Thread 0x000002a4fb38ef50 Thread exited: 0x000002a4fb38ef50
Event: 18.152 Thread 0x000002a4fc3d7fd0 Thread added: 0x000002a4fb38ef50
Event: 18.153 Thread 0x000002a4f95ae980 Thread added: 0x000002a4fb38fc70
Event: 18.153 Thread 0x000002a4f95ae2f0 Thread added: 0x000002a4fb38c7f0
Event: 18.180 Thread 0x000002a4f95b03c0 Thread added: 0x000002a4fb3923d0
Event: 18.184 Thread 0x000002a4f95b03c0 Thread added: 0x000002a4fb049500
Event: 18.238 Thread 0x000002a4fb049500 Thread exited: 0x000002a4fb049500
Event: 18.239 Thread 0x000002a4f95b03c0 Thread added: 0x000002a4fb049500
Event: 18.300 Thread 0x000002a4f95b03c0 Thread added: 0x000002a4fb2cebb0
Event: 18.301 Thread 0x000002a4f95b03c0 Thread added: 0x000002a4fb2cd800
Event: 18.334 Thread 0x000002a4fb2cd800 Thread exited: 0x000002a4fb2cd800
Event: 18.335 Thread 0x000002a4f95b03c0 Thread added: 0x000002a4fb2cc450
Event: 18.339 Thread 0x000002a4f95b03c0 Thread added: 0x000002a4fb2ccae0
Event: 18.400 Thread 0x000002a4fac8e4e0 Thread exited: 0x000002a4fac8e4e0


Dynamic libraries:
0x00007ff755d00000 - 0x00007ff755d0e000 	c:\Users\jasur\.vscode\extensions\redhat.java-1.42.0-win32-x64\jre\21.0.7-win32-x86_64\bin\java.exe
0x00007fffc2cc0000 - 0x00007fffc2f26000 	C:\Windows\SYSTEM32\ntdll.dll
0x00007fffc1920000 - 0x00007fffc19e9000 	C:\Windows\System32\KERNEL32.DLL
0x00007fffc00b0000 - 0x00007fffc047c000 	C:\Windows\System32\KERNELBASE.dll
0x00007fffbff60000 - 0x00007fffc00ab000 	C:\Windows\System32\ucrtbase.dll
0x00007fffadc60000 - 0x00007fffadc78000 	c:\Users\jasur\.vscode\extensions\redhat.java-1.42.0-win32-x64\jre\21.0.7-win32-x86_64\bin\jli.dll
0x00007fffae790000 - 0x00007fffae7ae000 	c:\Users\jasur\.vscode\extensions\redhat.java-1.42.0-win32-x64\jre\21.0.7-win32-x86_64\bin\VCRUNTIME140.dll
0x00007fffc1d90000 - 0x00007fffc1f5a000 	C:\Windows\System32\USER32.dll
0x00007fffbff30000 - 0x00007fffbff57000 	C:\Windows\System32\win32u.dll
0x00007fff9b260000 - 0x00007fff9b4fa000 	C:\Windows\WinSxS\amd64_microsoft.windows.common-controls_6595b64144ccf1df_6.0.26100.3912_none_3e07963ce335137e\COMCTL32.dll
0x00007fffc1460000 - 0x00007fffc148b000 	C:\Windows\System32\GDI32.dll
0x00007fffc0480000 - 0x00007fffc05b2000 	C:\Windows\System32\gdi32full.dll
0x00007fffbfe80000 - 0x00007fffbff23000 	C:\Windows\System32\msvcp_win.dll
0x00007fffc2740000 - 0x00007fffc27e9000 	C:\Windows\System32\msvcrt.dll
0x00007fffc1490000 - 0x00007fffc14c0000 	C:\Windows\System32\IMM32.DLL
0x00007fffbc920000 - 0x00007fffbc92c000 	c:\Users\jasur\.vscode\extensions\redhat.java-1.42.0-win32-x64\jre\21.0.7-win32-x86_64\bin\vcruntime140_1.dll
0x00007fff65d40000 - 0x00007fff65dcd000 	c:\Users\jasur\.vscode\extensions\redhat.java-1.42.0-win32-x64\jre\21.0.7-win32-x86_64\bin\msvcp140.dll
0x00007ffefb670000 - 0x00007ffefc400000 	c:\Users\jasur\.vscode\extensions\redhat.java-1.42.0-win32-x64\jre\21.0.7-win32-x86_64\bin\server\jvm.dll
0x00007fffc22f0000 - 0x00007fffc23a2000 	C:\Windows\System32\ADVAPI32.dll
0x00007fffc14d0000 - 0x00007fffc1576000 	C:\Windows\System32\sechost.dll
0x00007fffc0ab0000 - 0x00007fffc0bc6000 	C:\Windows\System32\RPCRT4.dll
0x00007fffc1a50000 - 0x00007fffc1ac4000 	C:\Windows\System32\WS2_32.dll
0x00007fffbfd20000 - 0x00007fffbfd7e000 	C:\Windows\SYSTEM32\POWRPROF.dll
0x00007fffb5110000 - 0x00007fffb5146000 	C:\Windows\SYSTEM32\WINMM.dll
0x00007fffaaf70000 - 0x00007fffaaf7b000 	C:\Windows\SYSTEM32\VERSION.dll
0x00007fffbfd00000 - 0x00007fffbfd14000 	C:\Windows\SYSTEM32\UMPDC.dll
0x00007fffbec70000 - 0x00007fffbec8a000 	C:\Windows\SYSTEM32\kernel.appcore.dll
0x00007fffb80d0000 - 0x00007fffb80da000 	c:\Users\jasur\.vscode\extensions\redhat.java-1.42.0-win32-x64\jre\21.0.7-win32-x86_64\bin\jimage.dll
0x00007fffbd7d0000 - 0x00007fffbda11000 	C:\Windows\SYSTEM32\DBGHELP.DLL
0x00007fffc1f60000 - 0x00007fffc22e4000 	C:\Windows\System32\combase.dll
0x00007fffc1ca0000 - 0x00007fffc1d80000 	C:\Windows\System32\OLEAUT32.dll
0x00007fff9a750000 - 0x00007fff9a789000 	C:\Windows\SYSTEM32\dbgcore.DLL
0x00007fffc0a10000 - 0x00007fffc0aa9000 	C:\Windows\System32\bcryptPrimitives.dll
0x00007fffadaa0000 - 0x00007fffadaaf000 	c:\Users\jasur\.vscode\extensions\redhat.java-1.42.0-win32-x64\jre\21.0.7-win32-x86_64\bin\instrument.dll
0x00007fffadbe0000 - 0x00007fffadbff000 	c:\Users\jasur\.vscode\extensions\redhat.java-1.42.0-win32-x64\jre\21.0.7-win32-x86_64\bin\java.dll
0x00007fffc0bd0000 - 0x00007fffc12fd000 	C:\Windows\System32\SHELL32.dll
0x00007fffc05c0000 - 0x00007fffc0734000 	C:\Windows\System32\wintypes.dll
0x00007fffbdb20000 - 0x00007fffbe376000 	C:\Windows\SYSTEM32\windows.storage.dll
0x00007fffc1580000 - 0x00007fffc166f000 	C:\Windows\System32\SHCORE.dll
0x00007fffc1bd0000 - 0x00007fffc1c39000 	C:\Windows\System32\shlwapi.dll
0x00007fffbfdb0000 - 0x00007fffbfddf000 	C:\Windows\SYSTEM32\profapi.dll
0x00007fffad120000 - 0x00007fffad138000 	c:\Users\jasur\.vscode\extensions\redhat.java-1.42.0-win32-x64\jre\21.0.7-win32-x86_64\bin\zip.dll
0x00007fffae750000 - 0x00007fffae760000 	C:\Users\jasur\.vscode\extensions\redhat.java-1.42.0-win32-x64\jre\21.0.7-win32-x86_64\bin\net.dll
0x00007fffb6a00000 - 0x00007fffb6b1e000 	C:\Windows\SYSTEM32\WINHTTP.dll
0x00007fffbf1c0000 - 0x00007fffbf22a000 	C:\Windows\system32\mswsock.dll
0x00007fff97280000 - 0x00007fff97296000 	C:\Users\jasur\.vscode\extensions\redhat.java-1.42.0-win32-x64\jre\21.0.7-win32-x86_64\bin\nio.dll
0x00007fffadab0000 - 0x00007fffadac0000 	c:\Users\jasur\.vscode\extensions\redhat.java-1.42.0-win32-x64\jre\21.0.7-win32-x86_64\bin\verify.dll
0x00007fff72340000 - 0x00007fff72385000 	C:\Users\jasur\AppData\Roaming\Code\User\globalStorage\redhat.java\1.42.0\config_win\org.eclipse.equinox.launcher\org.eclipse.equinox.launcher.win32.win32.x86_64_1.2.1300.v20250331-1702\eclipse_11911.dll
0x00007fffc23b0000 - 0x00007fffc254f000 	C:\Windows\System32\ole32.dll
0x00007fffbf570000 - 0x00007fffbf58c000 	C:\Windows\SYSTEM32\CRYPTSP.dll
0x00007fffbebd0000 - 0x00007fffbec0a000 	C:\Windows\system32\rsaenh.dll
0x00007fffbf260000 - 0x00007fffbf28b000 	C:\Windows\SYSTEM32\USERENV.dll
0x00007fffbfd80000 - 0x00007fffbfda6000 	C:\Windows\SYSTEM32\bcrypt.dll
0x00007fffbf3f0000 - 0x00007fffbf3fc000 	C:\Windows\SYSTEM32\CRYPTBASE.dll
0x00007fffbe680000 - 0x00007fffbe6b3000 	C:\Windows\SYSTEM32\IPHLPAPI.DLL
0x00007fffc1c90000 - 0x00007fffc1c9a000 	C:\Windows\System32\NSI.dll
0x00007fffae2e0000 - 0x00007fffae329000 	C:\Users\jasur\AppData\Local\Temp\jna-100897209\jna7478378427941995694.dll
0x00007fffc1910000 - 0x00007fffc1918000 	C:\Windows\System32\PSAPI.DLL
0x00007fffb6cc0000 - 0x00007fffb6cdf000 	C:\Windows\SYSTEM32\dhcpcsvc6.DLL
0x00007fffb6ba0000 - 0x00007fffb6bc5000 	C:\Windows\SYSTEM32\dhcpcsvc.DLL
0x00007fffadfd0000 - 0x00007fffadff7000 	C:\Users\jasur\.gradle\native\c067742578af261105cb4f569cf0c3c89f3d7b1fecec35dd04571415982c5e48\windows-amd64\native-platform.dll
0x00007fff9e1c0000 - 0x00007fff9e1ca000 	C:\Users\jasur\.vscode\extensions\redhat.java-1.42.0-win32-x64\jre\21.0.7-win32-x86_64\bin\management.dll
0x00007fff9bc20000 - 0x00007fff9bc2b000 	C:\Users\jasur\.vscode\extensions\redhat.java-1.42.0-win32-x64\jre\21.0.7-win32-x86_64\bin\management_ext.dll
0x00007fff97490000 - 0x00007fff974b7000 	C:\Users\jasur\.gradle\native\c067742578af261105cb4f569cf0c3c89f3d7b1fecec35dd04571415982c5e48\windows-amd64-min\native-platform.dll

dbghelp: loaded successfully - version: 4.0.5 - missing functions: none
symbol engine: initialized successfully - sym options: 0x614 - pdb path: .;c:\Users\jasur\.vscode\extensions\redhat.java-1.42.0-win32-x64\jre\21.0.7-win32-x86_64\bin;C:\Windows\SYSTEM32;C:\Windows\WinSxS\amd64_microsoft.windows.common-controls_6595b64144ccf1df_6.0.26100.3912_none_3e07963ce335137e;c:\Users\jasur\.vscode\extensions\redhat.java-1.42.0-win32-x64\jre\21.0.7-win32-x86_64\bin\server;C:\Users\jasur\AppData\Roaming\Code\User\globalStorage\redhat.java\1.42.0\config_win\org.eclipse.equinox.launcher\org.eclipse.equinox.launcher.win32.win32.x86_64_1.2.1300.v20250331-1702;C:\Users\jasur\AppData\Local\Temp\jna-100897209;C:\Users\jasur\.gradle\native\c067742578af261105cb4f569cf0c3c89f3d7b1fecec35dd04571415982c5e48\windows-amd64;C:\Users\jasur\.gradle\native\c067742578af261105cb4f569cf0c3c89f3d7b1fecec35dd04571415982c5e48\windows-amd64-min

VM Arguments:
jvm_args: --add-modules=ALL-SYSTEM --add-opens=java.base/java.util=ALL-UNNAMED --add-opens=java.base/java.lang=ALL-UNNAMED --add-opens=java.base/sun.nio.fs=ALL-UNNAMED -Declipse.application=org.eclipse.jdt.ls.core.id1 -Dosgi.bundles.defaultStartLevel=4 -Declipse.product=org.eclipse.jdt.ls.core.product -Djava.import.generatesMetadataFilesAtProjectRoot=false -DDetectVMInstallationsJob.disabled=true -Dfile.encoding=utf8 -XX:+UseParallelGC -XX:GCTimeRatio=4 -XX:AdaptiveSizePolicyWeight=90 -Dsun.zip.disableMemoryMapping=true -Xmx1G -Xms100m -Xlog:disable -javaagent:c:\Users\jasur\.vscode\extensions\redhat.java-1.42.0-win32-x64\lombok\lombok-1.18.36.jar -XX:+HeapDumpOnOutOfMemoryError -XX:HeapDumpPath=c:\Users\jasur\AppData\Roaming\Code\User\workspaceStorage\c3cc1cdb79f05f312ef61ffb01486c9a\redhat.java -Daether.dependencyCollector.impl=bf 
java_command: c:\Users\jasur\.vscode\extensions\redhat.java-1.42.0-win32-x64\server\plugins\org.eclipse.equinox.launcher_1.7.0.v20250424-1814.jar -configuration c:\Users\jasur\AppData\Roaming\Code\User\globalStorage\redhat.java\1.42.0\config_win -data c:\Users\jasur\AppData\Roaming\Code\User\workspaceStorage\c3cc1cdb79f05f312ef61ffb01486c9a\redhat.java\jdt_ws --pipe=\\.\pipe\lsp-695ce99e2a899a52c7a92240d6959d1d-sock
java_class_path (initial): c:\Users\jasur\.vscode\extensions\redhat.java-1.42.0-win32-x64\server\plugins\org.eclipse.equinox.launcher_1.7.0.v20250424-1814.jar
Launcher Type: SUN_STANDARD

[Global flags]
    uintx AdaptiveSizePolicyWeight                 = 90                                        {product} {command line}
     intx CICompilerCount                          = 4                                         {product} {ergonomic}
    uintx GCTimeRatio                              = 4                                         {product} {command line}
     bool HeapDumpOnOutOfMemoryError               = true                                   {manageable} {command line}
    ccstr HeapDumpPath                             = c:\Users\jasur\AppData\Roaming\Code\User\workspaceStorage\c3cc1cdb79f05f312ef61ffb01486c9a\redhat.java         {manageable} {command line}
   size_t InitialHeapSize                          = 104857600                                 {product} {command line}
   size_t MaxHeapSize                              = 1073741824                                {product} {command line}
   size_t MaxNewSize                               = 357564416                                 {product} {ergonomic}
   size_t MinHeapDeltaBytes                        = 524288                                    {product} {ergonomic}
   size_t MinHeapSize                              = 104857600                                 {product} {command line}
   size_t NewSize                                  = 34603008                                  {product} {ergonomic}
    uintx NonNMethodCodeHeapSize                   = 5839372                                {pd product} {ergonomic}
    uintx NonProfiledCodeHeapSize                  = 122909434                              {pd product} {ergonomic}
   size_t OldSize                                  = 70254592                                  {product} {ergonomic}
    uintx ProfiledCodeHeapSize                     = 122909434                              {pd product} {ergonomic}
    uintx ReservedCodeCacheSize                    = 251658240                              {pd product} {ergonomic}
     bool SegmentedCodeCache                       = true                                      {product} {ergonomic}
   size_t SoftMaxHeapSize                          = 1073741824                             {manageable} {ergonomic}
     bool UseCompressedOops                        = true                           {product lp64_product} {ergonomic}
     bool UseLargePagesIndividualAllocation        = false                                  {pd product} {ergonomic}
     bool UseParallelGC                            = true                                      {product} {command line}

Logging:
Log output configuration:
 #0: stdout all=off uptime,level,tags foldmultilines=false
 #1: stderr all=off uptime,level,tags foldmultilines=false

Environment Variables:
PATH=C:\Program Files\Common Files\Oracle\Java\javapath;C:\Program Files (x86)\Common Files\Oracle\Java\java8path;C:\Program Files (x86)\Common Files\Oracle\Java\javapath;C:\Windows\system32;C:\Windows;C:\Windows\System32\Wbem;C:\Windows\System32\WindowsPowerShell\v1.0\;C:\Windows\System32\OpenSSH\;C:\Program Files\dotnet\;C:\Program Files\Git\cmd;C:\Program Files\Docker\Docker\resources\bin;C:\Program Files\Microsoft SQL Server\150\Tools\Binn\;C:\Program Files\Microsoft SQL Server\Client SDK\ODBC\170\Tools\Binn\;C:\HaxeToolkit\haxe;C:\HaxeToolkit\neko;C:\Program Files\PowerShell\7\;C:\Users\jasur\AppData\Local\Microsoft\WindowsApps;C:\Users\jasur\AppData\Local\Programs\Microsoft VS Code\bin;C:\Users\jasur\AppData\Local\GitHubDesktop\bin;C:\Users\jasur\.dotnet\tools;C:\Program Files\android-ndk\r21e;C:\Program Files\Android\Gradle\7.4.2\bin;C:\Program Files\Java\jdk-17\bin;
USERNAME=jasur
OS=Windows_NT
PROCESSOR_IDENTIFIER=Intel64 Family 6 Model 154 Stepping 4, GenuineIntel
TMP=C:\Users\jasur\AppData\Local\Temp
TEMP=C:\Users\jasur\AppData\Local\Temp




Periodic native trim disabled

---------------  S Y S T E M  ---------------

OS:
 Windows 11 , 64 bit Build 26100 (10.0.26100.3912)
OS uptime: 1 days 15:51 hours
Hyper-V role detected

CPU: total 12 (initial active 12) (6 cores per cpu, 2 threads per core) family 6 model 154 stepping 4 microcode 0x423, cx8, cmov, fxsr, ht, mmx, 3dnowpref, sse, sse2, sse3, ssse3, sse4.1, sse4.2, popcnt, lzcnt, tsc, tscinvbit, avx, avx2, aes, erms, clmul, bmi1, bmi2, adx, sha, fma, vzeroupper, clflush, clflushopt, clwb, hv, serialize, rdtscp, rdpid, fsrm, f16c, cet_ibt, cet_ss
Processor Information for processor 0
  Max Mhz: 1300, Current Mhz: 1300, Mhz Limit: 1300
Processor Information for processor 1
  Max Mhz: 1300, Current Mhz: 1300, Mhz Limit: 1300
Processor Information for processor 2
  Max Mhz: 1300, Current Mhz: 1300, Mhz Limit: 1300
Processor Information for processor 3
  Max Mhz: 1300, Current Mhz: 1300, Mhz Limit: 1300
Processor Information for processor 4
  Max Mhz: 1300, Current Mhz: 900, Mhz Limit: 897
Processor Information for processor 5
  Max Mhz: 1300, Current Mhz: 900, Mhz Limit: 897
Processor Information for processor 6
  Max Mhz: 1300, Current Mhz: 900, Mhz Limit: 897
Processor Information for processor 7
  Max Mhz: 1300, Current Mhz: 900, Mhz Limit: 897
Processor Information for processor 8
  Max Mhz: 1300, Current Mhz: 900, Mhz Limit: 897
Processor Information for processor 9
  Max Mhz: 1300, Current Mhz: 900, Mhz Limit: 897
Processor Information for processor 10
  Max Mhz: 1300, Current Mhz: 900, Mhz Limit: 897
Processor Information for processor 11
  Max Mhz: 1300, Current Mhz: 900, Mhz Limit: 897

Memory: 4k page, system-wide physical 7896M (413M free)
TotalPageFile size 24280M (AvailPageFile size 8M)
current process WorkingSet (physical memory assigned to process): 486M, peak: 578M
current process commit charge ("private bytes"): 610M, peak: 610M

vm_info: OpenJDK 64-Bit Server VM (21.0.7+6-LTS) for windows-amd64 JRE (21.0.7+6-LTS), built on 2025-04-15T00:00:00Z by "admin" with MS VC++ 17.7 (VS2022)

END.
