#
# There is insufficient memory for the Java Runtime Environment to continue.
# Native memory allocation (malloc) failed to allocate 197072 bytes. Error detail: Chunk::new
# Possible reasons:
#   The system is out of physical RAM or swap space
#   This process is running with CompressedOops enabled, and the Java Heap may be blocking the growth of the native heap
# Possible solutions:
#   Reduce memory load on the system
#   Increase physical memory or swap space
#   Check if swap backing store is full
#   Decrease Java heap size (-Xmx/-Xms)
#   Decrease number of Java threads
#   Decrease Java thread stack sizes (-Xss)
#   Set larger code cache with -XX:ReservedCodeCacheSize=
#   JVM is running with Unscaled Compressed Oops mode in which the Java heap is
#     placed in the first 4GB address space. The Java Heap base address is the
#     maximum limit for the native heap growth. Please use -XX:HeapBaseMinAddress
#     to set the Java Heap base and to place the Java Heap above 4GB virtual address.
# This output file may be truncated or incomplete.
#
#  Out of Memory Error (arena.cpp:168), pid=40324, tid=41100
#
# JRE version: OpenJDK Runtime Environment Temurin-21.0.7+6 (21.0.7+6) (build 21.0.7+6-LTS)
# Java VM: OpenJDK 64-Bit Server VM Temurin-21.0.7+6 (21.0.7+6-LTS, mixed mode, sharing, tiered, compressed oops, compressed class ptrs, parallel gc, windows-amd64)
# No core dump will be written. Minidumps are not enabled by default on client versions of Windows
#

---------------  S U M M A R Y ------------

Command Line: --add-modules=ALL-SYSTEM --add-opens=java.base/java.util=ALL-UNNAMED --add-opens=java.base/java.lang=ALL-UNNAMED --add-opens=java.base/sun.nio.fs=ALL-UNNAMED -Declipse.application=org.eclipse.jdt.ls.core.id1 -Dosgi.bundles.defaultStartLevel=4 -Declipse.product=org.eclipse.jdt.ls.core.product -Djava.import.generatesMetadataFilesAtProjectRoot=false -DDetectVMInstallationsJob.disabled=true -Dfile.encoding=utf8 -XX:+UseParallelGC -XX:GCTimeRatio=4 -XX:AdaptiveSizePolicyWeight=90 -Dsun.zip.disableMemoryMapping=true -Xmx1G -Xms100m -Xlog:disable -javaagent:c:\Users\jasur\.vscode\extensions\redhat.java-1.42.0-win32-x64\lombok\lombok-1.18.36.jar -XX:+HeapDumpOnOutOfMemoryError -XX:HeapDumpPath=c:\Users\jasur\AppData\Roaming\Code\User\workspaceStorage\c3cc1cdb79f05f312ef61ffb01486c9a\redhat.java -Daether.dependencyCollector.impl=bf c:\Users\jasur\.vscode\extensions\redhat.java-1.42.0-win32-x64\server\plugins\org.eclipse.equinox.launcher_1.7.0.v20250424-1814.jar -configuration c:\Users\jasur\AppData\Roaming\Code\User\globalStorage\redhat.java\1.42.0\config_win -data c:\Users\jasur\AppData\Roaming\Code\User\workspaceStorage\c3cc1cdb79f05f312ef61ffb01486c9a\redhat.java\jdt_ws --pipe=\\.\pipe\lsp-28138595ffc172158d55e3cb451bd1f1-sock

Host: 12th Gen Intel(R) Core(TM) i5-1235U, 12 cores, 7G,  Windows 11 , 64 bit Build 26100 (10.0.26100.3912)
Time: Fri May 23 12:16:15 2025  Windows 11 , 64 bit Build 26100 (10.0.26100.3912) elapsed time: 27.173581 seconds (0d 0h 0m 27s)

---------------  T H R E A D  ---------------

Current thread (0x000001ec6cbee7f0):  JavaThread "C2 CompilerThread0" daemon [_thread_in_native, id=41100, stack(0x0000007902c00000,0x0000007902d00000) (1024K)]


Current CompileTask:
C2:27173 9214       4       java.lang.ClassLoader::defineClass (43 bytes)

Stack: [0x0000007902c00000,0x0000007902d00000]
Native frames: (J=compiled Java code, j=interpreted, Vv=VM code, C=native code)
V  [jvm.dll+0x6ce119]
V  [jvm.dll+0x8a84a1]
V  [jvm.dll+0x8aa9ce]
V  [jvm.dll+0x8ab0b3]
V  [jvm.dll+0x27f8a6]
V  [jvm.dll+0xc507d]
V  [jvm.dll+0xc55b3]
V  [jvm.dll+0x13e9cf]
V  [jvm.dll+0x65d805]
V  [jvm.dll+0x65bd5e]
V  [jvm.dll+0x247975]
V  [jvm.dll+0x2470cf]
V  [jvm.dll+0x1c760e]
V  [jvm.dll+0x25695a]
V  [jvm.dll+0x254efa]
V  [jvm.dll+0x3f03f6]
V  [jvm.dll+0x851f6b]
V  [jvm.dll+0x6cc7dd]
C  [ucrtbase.dll+0x37b0]
C  [KERNEL32.DLL+0x2e8d7]
C  [ntdll.dll+0x9c5dc]


---------------  P R O C E S S  ---------------

Threads class SMR info:
_java_thread_list=0x000001ec0177ecc0, length=82, elements={
0x000001ec1346bf60, 0x000001ec6cbd58e0, 0x000001ec6cbd6490, 0x000001ec6cbe14c0,
0x000001ec6cbe41e0, 0x000001ec6cbe1f10, 0x000001ec6cbe7010, 0x000001ec6cbee7f0,
0x000001ec6cc1b2d0, 0x000001ec6ccf00e0, 0x000001ec6cf5d130, 0x000001ec71ab7370,
0x000001ec712fa3f0, 0x000001ec71930f90, 0x000001ec71931dd0, 0x000001ec71f265f0,
0x000001ec71e734b0, 0x000001ec71a335b0, 0x000001ec71a342d0, 0x000001ec71a31b70,
0x000001ec71a32f20, 0x000001ec71a33c40, 0x000001ec71a34960, 0x000001ec71a314e0,
0x000001ec71a32200, 0x000001ec71a32890, 0x000001ec73753410, 0x000001ec73754130,
0x000001ec737547c0, 0x000001ec737554e0, 0x000001ec73752d80, 0x000001ec73754e50,
0x000001ec73752060, 0x000001ec737526f0, 0x000001ec73753aa0, 0x000001ec73778430,
0x000001ec73778ac0, 0x000001ec737769f0, 0x000001ec73779150, 0x000001ec737797e0,
0x000001ec73776360, 0x000001ec73779e70, 0x000001ec7377a500, 0x000001ec73777da0,
0x000001ec73777080, 0x000001ec7377ab90, 0x000001ec73777710, 0x000001ec7377b8b0,
0x000001ec7377bf40, 0x000001ec7377c5d0, 0x000001ec7377cc60, 0x000001ec75082f10,
0x000001ec75080e40, 0x000001ec75080120, 0x000001ec75083c30, 0x000001ec75081b60,
0x000001ec750807b0, 0x000001ec75084950, 0x000001ec750821f0, 0x000001ec750842c0,
0x000001ec75086390, 0x000001ec75085670, 0x000001ec75084fe0, 0x000001ec750870b0,
0x000001ec7377b220, 0x000001ec7377d980, 0x000001ec0059d290, 0x000001ec0059d920,
0x000001ec0059c570, 0x000001ec0059cc00, 0x000001ec0059dfb0, 0x000001ec0059b1c0,
0x000001ec0059b850, 0x000001ec0059ab30, 0x000001ec75082880, 0x000001ec7358fae0,
0x000001ec7358f450, 0x000001ec73590170, 0x000001ec73591bb0, 0x000001ec73592240,
0x000001ec73590800, 0x000001ec7358edc0
}

Java Threads: ( => current thread )
  0x000001ec1346bf60 JavaThread "main"                              [_thread_blocked, id=45376, stack(0x0000007902200000,0x0000007902300000) (1024K)]
  0x000001ec6cbd58e0 JavaThread "Reference Handler"          daemon [_thread_blocked, id=43948, stack(0x0000007902600000,0x0000007902700000) (1024K)]
  0x000001ec6cbd6490 JavaThread "Finalizer"                  daemon [_thread_blocked, id=45968, stack(0x0000007902700000,0x0000007902800000) (1024K)]
  0x000001ec6cbe14c0 JavaThread "Signal Dispatcher"          daemon [_thread_blocked, id=42900, stack(0x0000007902800000,0x0000007902900000) (1024K)]
  0x000001ec6cbe41e0 JavaThread "Attach Listener"            daemon [_thread_blocked, id=32400, stack(0x0000007902900000,0x0000007902a00000) (1024K)]
  0x000001ec6cbe1f10 JavaThread "Service Thread"             daemon [_thread_blocked, id=5640, stack(0x0000007902a00000,0x0000007902b00000) (1024K)]
  0x000001ec6cbe7010 JavaThread "Monitor Deflation Thread"   daemon [_thread_blocked, id=6692, stack(0x0000007902b00000,0x0000007902c00000) (1024K)]
=>0x000001ec6cbee7f0 JavaThread "C2 CompilerThread0"         daemon [_thread_in_native, id=41100, stack(0x0000007902c00000,0x0000007902d00000) (1024K)]
  0x000001ec6cc1b2d0 JavaThread "C1 CompilerThread0"         daemon [_thread_blocked, id=18332, stack(0x0000007902d00000,0x0000007902e00000) (1024K)]
  0x000001ec6ccf00e0 JavaThread "Common-Cleaner"             daemon [_thread_blocked, id=3064, stack(0x0000007902e00000,0x0000007902f00000) (1024K)]
  0x000001ec6cf5d130 JavaThread "Notification Thread"        daemon [_thread_blocked, id=45236, stack(0x0000007903000000,0x0000007903100000) (1024K)]
  0x000001ec71ab7370 JavaThread "Active Thread: Equinox Container: e26a2e70-0733-49e9-9ce7-141e727ba6a8"        [_thread_blocked, id=45748, stack(0x0000007903800000,0x0000007903900000) (1024K)]
  0x000001ec712fa3f0 JavaThread "Refresh Thread: Equinox Container: e26a2e70-0733-49e9-9ce7-141e727ba6a8" daemon [_thread_blocked, id=8628, stack(0x0000007903900000,0x0000007903a00000) (1024K)]
  0x000001ec71930f90 JavaThread "Framework Event Dispatcher: Equinox Container: e26a2e70-0733-49e9-9ce7-141e727ba6a8" daemon [_thread_blocked, id=45820, stack(0x0000007903b00000,0x0000007903c00000) (1024K)]
  0x000001ec71931dd0 JavaThread "Start Level: Equinox Container: e26a2e70-0733-49e9-9ce7-141e727ba6a8" daemon [_thread_blocked, id=45140, stack(0x0000007903c00000,0x0000007903d00000) (1024K)]
  0x000001ec71f265f0 JavaThread "Bundle File Closer"         daemon [_thread_blocked, id=42564, stack(0x0000007903f00000,0x0000007904000000) (1024K)]
  0x000001ec71e734b0 JavaThread "SCR Component Actor"        daemon [_thread_blocked, id=15044, stack(0x0000007904000000,0x0000007904100000) (1024K)]
  0x000001ec71a335b0 JavaThread "Worker-JM"                         [_thread_blocked, id=26980, stack(0x0000007904200000,0x0000007904300000) (1024K)]
  0x000001ec71a342d0 JavaThread "JNA Cleaner"                daemon [_thread_blocked, id=46044, stack(0x0000007902f00000,0x0000007903000000) (1024K)]
  0x000001ec71a31b70 JavaThread "Worker-0"                          [_thread_blocked, id=41912, stack(0x0000007903100000,0x0000007903200000) (1024K)]
  0x000001ec71a32f20 JavaThread "Worker-1: Synchronize Gradle projects with workspace"        [_thread_blocked, id=45580, stack(0x0000007904300000,0x0000007904400000) (1024K)]
  0x000001ec71a33c40 JavaThread "Java indexing"              daemon [_thread_blocked, id=45120, stack(0x0000007904500000,0x0000007904600000) (1024K)]
  0x000001ec71a34960 JavaThread "Worker-2"                          [_thread_blocked, id=45292, stack(0x0000007904a00000,0x0000007904b00000) (1024K)]
  0x000001ec71a314e0 JavaThread "Worker-3"                          [_thread_blocked, id=18316, stack(0x0000007904b00000,0x0000007904c00000) (1024K)]
  0x000001ec71a32200 JavaThread "Thread-2"                   daemon [_thread_in_native, id=36144, stack(0x0000007904c00000,0x0000007904d00000) (1024K)]
  0x000001ec71a32890 JavaThread "Thread-3"                   daemon [_thread_in_native, id=45172, stack(0x0000007904d00000,0x0000007904e00000) (1024K)]
  0x000001ec73753410 JavaThread "Thread-4"                   daemon [_thread_in_native, id=45920, stack(0x0000007904e00000,0x0000007904f00000) (1024K)]
  0x000001ec73754130 JavaThread "Thread-5"                   daemon [_thread_in_native, id=44268, stack(0x0000007904f00000,0x0000007905000000) (1024K)]
  0x000001ec737547c0 JavaThread "Thread-6"                   daemon [_thread_in_native, id=45792, stack(0x0000007905000000,0x0000007905100000) (1024K)]
  0x000001ec737554e0 JavaThread "Thread-7"                   daemon [_thread_in_native, id=45316, stack(0x0000007905100000,0x0000007905200000) (1024K)]
  0x000001ec73752d80 JavaThread "Thread-8"                   daemon [_thread_in_native, id=42432, stack(0x0000007905200000,0x0000007905300000) (1024K)]
  0x000001ec73754e50 JavaThread "Thread-9"                   daemon [_thread_in_native, id=45188, stack(0x0000007905300000,0x0000007905400000) (1024K)]
  0x000001ec73752060 JavaThread "Thread-10"                  daemon [_thread_in_native, id=45848, stack(0x0000007905400000,0x0000007905500000) (1024K)]
  0x000001ec737526f0 JavaThread "Thread-11"                  daemon [_thread_in_native, id=39932, stack(0x0000007905500000,0x0000007905600000) (1024K)]
  0x000001ec73753aa0 JavaThread "Thread-12"                  daemon [_thread_in_native, id=3880, stack(0x0000007905600000,0x0000007905700000) (1024K)]
  0x000001ec73778430 JavaThread "Thread-13"                  daemon [_thread_in_native, id=45764, stack(0x0000007905700000,0x0000007905800000) (1024K)]
  0x000001ec73778ac0 JavaThread "Thread-14"                  daemon [_thread_in_native, id=21248, stack(0x0000007905800000,0x0000007905900000) (1024K)]
  0x000001ec737769f0 JavaThread "pool-2-thread-1"                   [_thread_blocked, id=33616, stack(0x0000007905900000,0x0000007905a00000) (1024K)]
  0x000001ec73779150 JavaThread "Worker-4: Synchronize Gradle projects with workspace"        [_thread_blocked, id=22860, stack(0x0000007905a00000,0x0000007905b00000) (1024K)]
  0x000001ec737797e0 JavaThread "Timer-0"                           [_thread_blocked, id=31696, stack(0x0000007905b00000,0x0000007905c00000) (1024K)]
  0x000001ec73776360 JavaThread "Worker-5: Synchronize Gradle projects with workspace"        [_thread_blocked, id=7000, stack(0x0000007905c00000,0x0000007905d00000) (1024K)]
  0x000001ec73779e70 JavaThread "Timer-1"                           [_thread_blocked, id=38116, stack(0x0000007905d00000,0x0000007905e00000) (1024K)]
  0x000001ec7377a500 JavaThread "Worker-6: Synchronize Gradle projects with workspace"        [_thread_blocked, id=45276, stack(0x0000007905e00000,0x0000007905f00000) (1024K)]
  0x000001ec73777da0 JavaThread "Timer-2"                           [_thread_blocked, id=35700, stack(0x0000007905f00000,0x0000007906000000) (1024K)]
  0x000001ec73777080 JavaThread "Worker-7: Initialize Workspace"        [_thread_blocked, id=46068, stack(0x0000007906000000,0x0000007906100000) (1024K)]
  0x000001ec7377ab90 JavaThread "Timer-3"                           [_thread_blocked, id=43900, stack(0x0000007906100000,0x0000007906200000) (1024K)]
  0x000001ec73777710 JavaThread "Timer-4"                           [_thread_blocked, id=14584, stack(0x0000007906200000,0x0000007906300000) (1024K)]
  0x000001ec7377b8b0 JavaThread "Timer-6"                           [_thread_blocked, id=46060, stack(0x0000007906300000,0x0000007906400000) (1024K)]
  0x000001ec7377bf40 JavaThread "Timer-5"                           [_thread_blocked, id=45736, stack(0x0000007906400000,0x0000007906500000) (1024K)]
  0x000001ec7377c5d0 JavaThread "Timer-7"                           [_thread_blocked, id=26628, stack(0x0000007906500000,0x0000007906600000) (1024K)]
  0x000001ec7377cc60 JavaThread "Worker-8"                          [_thread_blocked, id=45248, stack(0x0000007906600000,0x0000007906700000) (1024K)]
  0x000001ec75082f10 JavaThread "WorkspaceEventsHandler"            [_thread_blocked, id=45528, stack(0x0000007906b00000,0x0000007906c00000) (1024K)]
  0x000001ec75080e40 JavaThread "pool-1-thread-1"                   [_thread_blocked, id=13620, stack(0x0000007906c00000,0x0000007906d00000) (1024K)]
  0x000001ec75080120 JavaThread "Exec process"                      [_thread_blocked, id=22684, stack(0x0000007906d00000,0x0000007906e00000) (1024K)]
  0x000001ec75083c30 JavaThread "Exec process Thread 2"             [_thread_blocked, id=44964, stack(0x0000007906e00000,0x0000007906f00000) (1024K)]
  0x000001ec75081b60 JavaThread "Exec process Thread 3"             [_thread_blocked, id=42160, stack(0x0000007906f00000,0x0000007907000000) (1024K)]
  0x000001ec750807b0 JavaThread "Worker-9"                          [_thread_blocked, id=28396, stack(0x0000007907000000,0x0000007907100000) (1024K)]
  0x000001ec75084950 JavaThread "Timer-8"                           [_thread_blocked, id=42144, stack(0x0000007904100000,0x0000007904200000) (1024K)]
  0x000001ec750821f0 JavaThread "Timer-9"                           [_thread_blocked, id=38668, stack(0x0000007906700000,0x0000007906800000) (1024K)]
  0x000001ec750842c0 JavaThread "Timer-10"                          [_thread_blocked, id=42624, stack(0x0000007906a00000,0x0000007906b00000) (1024K)]
  0x000001ec75086390 JavaThread "Timer-11"                          [_thread_blocked, id=42896, stack(0x0000007906800000,0x0000007906900000) (1024K)]
  0x000001ec75085670 JavaThread "Timer-12"                          [_thread_blocked, id=3336, stack(0x0000007907100000,0x0000007907200000) (1024K)]
  0x000001ec75084fe0 JavaThread "Timer-13"                          [_thread_blocked, id=25300, stack(0x0000007907200000,0x0000007907300000) (1024K)]
  0x000001ec750870b0 JavaThread "Timer-14"                          [_thread_blocked, id=14172, stack(0x0000007907300000,0x0000007907400000) (1024K)]
  0x000001ec7377b220 JavaThread "Exec process"                      [_thread_blocked, id=45640, stack(0x0000007907500000,0x0000007907600000) (1024K)]
  0x000001ec7377d980 JavaThread "Timer-15"                          [_thread_blocked, id=41028, stack(0x0000007907400000,0x0000007907500000) (1024K)]
  0x000001ec0059d290 JavaThread "Exec process Thread 2"             [_thread_blocked, id=43492, stack(0x0000007907700000,0x0000007907800000) (1024K)]
  0x000001ec0059d920 JavaThread "Exec process Thread 3"             [_thread_blocked, id=33944, stack(0x0000007907800000,0x0000007907900000) (1024K)]
  0x000001ec0059c570 JavaThread "Timer-16"                          [_thread_blocked, id=11824, stack(0x0000007906900000,0x0000007906a00000) (1024K)]
  0x000001ec0059cc00 JavaThread "Timer-17"                          [_thread_blocked, id=46040, stack(0x0000007907600000,0x0000007907700000) (1024K)]
  0x000001ec0059dfb0 JavaThread "Timer-18"                          [_thread_blocked, id=34636, stack(0x0000007907a00000,0x0000007907b00000) (1024K)]
  0x000001ec0059b1c0 JavaThread "Timer-19"                          [_thread_blocked, id=2524, stack(0x0000007907b00000,0x0000007907c00000) (1024K)]
  0x000001ec0059b850 JavaThread "Timer-20"                          [_thread_blocked, id=44592, stack(0x0000007907c00000,0x0000007907d00000) (1024K)]
  0x000001ec0059ab30 JavaThread "Timer-21"                          [_thread_blocked, id=45908, stack(0x0000007907d00000,0x0000007907e00000) (1024K)]
  0x000001ec75082880 JavaThread "Timer-22"                          [_thread_blocked, id=45152, stack(0x0000007907e00000,0x0000007907f00000) (1024K)]
  0x000001ec7358fae0 JavaThread "Timer-23"                          [_thread_blocked, id=45092, stack(0x0000007907f00000,0x0000007908000000) (1024K)]
  0x000001ec7358f450 JavaThread "Timer-24"                          [_thread_blocked, id=40056, stack(0x0000007908000000,0x0000007908100000) (1024K)]
  0x000001ec73590170 JavaThread "Timer-25"                          [_thread_blocked, id=42168, stack(0x0000007908100000,0x0000007908200000) (1024K)]
  0x000001ec73591bb0 JavaThread "Timer-26"                          [_thread_blocked, id=11544, stack(0x0000007908200000,0x0000007908300000) (1024K)]
  0x000001ec73592240 JavaThread "Connection worker"                 [_thread_in_native, id=45288, stack(0x0000007908300000,0x0000007908400000) (1024K)]
  0x000001ec73590800 JavaThread "pool-5-thread-1"                   [_thread_blocked, id=45996, stack(0x0000007904400000,0x0000007904500000) (1024K)]
  0x000001ec7358edc0 JavaThread "Forward input"                     [_thread_blocked, id=35532, stack(0x0000007908400000,0x0000007908500000) (1024K)]
Total: 82

Other Threads:
  0x000001ec29ba40b0 VMThread "VM Thread"                           [id=20952, stack(0x0000007902500000,0x0000007902600000) (1024K)]
  0x000001ec29a9ca00 WatcherThread "VM Periodic Task Thread"        [id=42232, stack(0x0000007902400000,0x0000007902500000) (1024K)]
  0x000001ec13770a20 WorkerThread "GC Thread#0"                     [id=45112, stack(0x0000007902300000,0x0000007902400000) (1024K)]
  0x000001ec7173ce00 WorkerThread "GC Thread#1"                     [id=45252, stack(0x0000007903200000,0x0000007903300000) (1024K)]
  0x000001ec7100c8d0 WorkerThread "GC Thread#2"                     [id=36984, stack(0x0000007903300000,0x0000007903400000) (1024K)]
  0x000001ec7100cc70 WorkerThread "GC Thread#3"                     [id=45100, stack(0x0000007903400000,0x0000007903500000) (1024K)]
  0x000001ec7100d010 WorkerThread "GC Thread#4"                     [id=12828, stack(0x0000007903500000,0x0000007903600000) (1024K)]
  0x000001ec7136e8a0 WorkerThread "GC Thread#5"                     [id=45104, stack(0x0000007903600000,0x0000007903700000) (1024K)]
  0x000001ec7136f860 WorkerThread "GC Thread#6"                     [id=45916, stack(0x0000007903700000,0x0000007903800000) (1024K)]
  0x000001ec712fb670 WorkerThread "GC Thread#7"                     [id=1696, stack(0x0000007903a00000,0x0000007903b00000) (1024K)]
  0x000001ec7208f020 WorkerThread "GC Thread#8"                     [id=26164, stack(0x0000007903d00000,0x0000007903e00000) (1024K)]
  0x000001ec71a95d40 WorkerThread "GC Thread#9"                     [id=45244, stack(0x0000007903e00000,0x0000007903f00000) (1024K)]
Total: 12

Threads with active compile tasks:
C2 CompilerThread0  27230 9214       4       java.lang.ClassLoader::defineClass (43 bytes)
Total: 1

VM state: not at safepoint (normal execution)

VM Mutex/Monitor currently owned by a thread: None

Heap address: 0x00000000c0000000, size: 1024 MB, Compressed Oops mode: 32-bit

CDS archive(s) mapped at: [0x000001ec2a000000-0x000001ec2aba0000-0x000001ec2aba0000), size 12189696, SharedBaseAddress: 0x000001ec2a000000, ArchiveRelocationMode: 1.
Compressed class space mapped at: 0x000001ec2b000000-0x000001ec6b000000, reserved size: 1073741824
Narrow klass base: 0x000001ec2a000000, Narrow klass shift: 0, Narrow klass range: 0x100000000

GC Precious Log:
 CardTable entry size: 512
 CPUs: 12 total, 12 available
 Memory: 7896M
 Large Page Support: Disabled
 NUMA Support: Disabled
 Compressed Oops: Enabled (32-bit)
 Alignments: Space 512K, Generation 512K, Heap 2M
 Heap Min Capacity: 100M
 Heap Initial Capacity: 100M
 Heap Max Capacity: 1G
 Pre-touch: Disabled
 Parallel Workers: 10

Heap:
 PSYoungGen      total 2048K, used 1262K [0x00000000eab00000, 0x00000000eaf80000, 0x0000000100000000)
  eden space 1536K, 65% used [0x00000000eab00000,0x00000000eabfb978,0x00000000eac80000)
  from space 512K, 50% used [0x00000000eae80000,0x00000000eaec0000,0x00000000eaf00000)
  to   space 512K, 0% used [0x00000000eaf00000,0x00000000eaf00000,0x00000000eaf80000)
 ParOldGen       total 454656K, used 454602K [0x00000000c0000000, 0x00000000dbc00000, 0x00000000eab00000)
  object space 454656K, 99% used [0x00000000c0000000,0x00000000dbbf2ad8,0x00000000dbc00000)
 Metaspace       used 72867K, committed 74432K, reserved 1114112K
  class space    used 9201K, committed 9920K, reserved 1048576K

Card table byte_map: [0x000001ec27450000,0x000001ec27660000] _byte_map_base: 0x000001ec26e50000

Marking Bits: (ParMarkBitMap*) 0x00007ffefc3231f0
 Begin Bits: [0x000001ec277c0000, 0x000001ec287c0000)
 End Bits:   [0x000001ec287c0000, 0x000001ec297c0000)

Polling page: 0x000001ec13810000

Metaspace:

Usage:
  Non-class:     62.17 MB used.
      Class:      8.99 MB used.
       Both:     71.16 MB used.

Virtual space:
  Non-class space:       64.00 MB reserved,      63.00 MB ( 98%) committed,  1 nodes.
      Class space:        1.00 GB reserved,       9.69 MB ( <1%) committed,  1 nodes.
             Both:        1.06 GB reserved,      72.69 MB (  7%) committed. 

Chunk freelists:
   Non-Class:  1.02 MB
       Class:  6.35 MB
        Both:  7.37 MB

MaxMetaspaceSize: unlimited
CompressedClassSpaceSize: 1.00 GB
Initial GC threshold: 21.00 MB
Current GC threshold: 97.31 MB
CDS: on
 - commit_granule_bytes: 65536.
 - commit_granule_words: 8192.
 - virtual_space_node_default_size: 8388608.
 - enlarge_chunks_in_place: 1.
 - use_allocation_guard: 0.


Internal statistics:

num_allocs_failed_limit: 9.
num_arena_births: 1398.
num_arena_deaths: 14.
num_vsnodes_births: 2.
num_vsnodes_deaths: 0.
num_space_committed: 1163.
num_space_uncommitted: 0.
num_chunks_returned_to_freelist: 23.
num_chunks_taken_from_freelist: 4740.
num_chunk_merges: 13.
num_chunk_splits: 2978.
num_chunks_enlarged: 1738.
num_inconsistent_stats: 0.

CodeHeap 'non-profiled nmethods': size=120000Kb used=7245Kb max_used=7245Kb free=112754Kb
 bounds [0x000001ec1fd40000, 0x000001ec20460000, 0x000001ec27270000]
CodeHeap 'profiled nmethods': size=120000Kb used=17130Kb max_used=17130Kb free=102870Kb
 bounds [0x000001ec18270000, 0x000001ec19330000, 0x000001ec1f7a0000]
CodeHeap 'non-nmethods': size=5760Kb used=1408Kb max_used=1457Kb free=4351Kb
 bounds [0x000001ec1f7a0000, 0x000001ec1fa10000, 0x000001ec1fd40000]
 total_blobs=9176 nmethods=8461 adapters=621
 compilation: enabled
              stopped_count=0, restarted_count=0
 full_count=0

Compilation events (20 events):
Event: 24.588 Thread 0x000001ec6cc1b2d0 nmethod 9205 0x000001ec20451590 code [0x000001ec20451720, 0x000001ec204517e8]
Event: 24.912 Thread 0x000001ec6cc1b2d0 9206       3       sun.nio.fs.NativeBuffer$Deallocator::<init> (10 bytes)
Event: 24.912 Thread 0x000001ec6cc1b2d0 nmethod 9206 0x000001ec19323010 code [0x000001ec193231c0, 0x000001ec19323328]
Event: 24.914 Thread 0x000001ec6cbee7f0 9207       4       java.lang.ClassLoader::getDefinedPackage (36 bytes)
Event: 24.926 Thread 0x000001ec6cbee7f0 nmethod 9207 0x000001ec20451890 code [0x000001ec20451ae0, 0x000001ec20452388]
Event: 24.932 Thread 0x000001ec6cbee7f0 9208       4       java.lang.ClassNotFoundException::<init> (7 bytes)
Event: 24.933 Thread 0x000001ec6cbee7f0 nmethod 9208 0x000001ec20452c10 code [0x000001ec20452dc0, 0x000001ec20453110]
Event: 24.939 Thread 0x000001ec6cc1b2d0 9209       3       java.util.Collections$SetFromMap::contains (11 bytes)
Event: 24.940 Thread 0x000001ec6cc1b2d0 nmethod 9209 0x000001ec19323410 code [0x000001ec193235c0, 0x000001ec19323798]
Event: 24.942 Thread 0x000001ec6cc1b2d0 9210       3       com.esotericsoftware.kryo.io.Output::writeString (125 bytes)
Event: 24.943 Thread 0x000001ec6cc1b2d0 nmethod 9210 0x000001ec19323890 code [0x000001ec19323ac0, 0x000001ec19324100]
Event: 24.943 Thread 0x000001ec6cc1b2d0 9211       3       com.esotericsoftware.kryo.io.Output::require (209 bytes)
Event: 24.944 Thread 0x000001ec6cc1b2d0 nmethod 9211 0x000001ec19324310 code [0x000001ec19324680, 0x000001ec19325860]
Event: 24.944 Thread 0x000001ec6cc1b2d0 9212       3       com.esotericsoftware.kryo.io.Output::writeUtf8Length (405 bytes)
Event: 24.944 Thread 0x000001ec6cc1b2d0 nmethod 9212 0x000001ec19325f10 code [0x000001ec19326160, 0x000001ec19326908]
Event: 24.944 Thread 0x000001ec6cc1b2d0 9213       3       org.gradle.internal.serialize.kryo.KryoBackedEncoder::writeString (23 bytes)
Event: 24.945 Thread 0x000001ec6cc1b2d0 nmethod 9213 0x000001ec19326c90 code [0x000001ec19326e60, 0x000001ec193270b8]
Event: 25.140 Thread 0x000001ec6cbee7f0 9214       4       java.lang.ClassLoader::defineClass (43 bytes)
Event: 25.432 Thread 0x000001ec6cc1b2d0 9217   !   3       java.util.concurrent.locks.LockSupport::parkNanos (56 bytes)
Event: 25.432 Thread 0x000001ec6cc1b2d0 nmethod 9217 0x000001ec19327210 code [0x000001ec19327420, 0x000001ec19327860]

GC Heap History (20 events):
Event: 23.638 GC heap before
{Heap before GC invocations=543 (full 3):
 PSYoungGen      total 2048K, used 1792K [0x00000000eab00000, 0x00000000eaf80000, 0x0000000100000000)
  eden space 1536K, 100% used [0x00000000eab00000,0x00000000eac80000,0x00000000eac80000)
  from space 512K, 50% used [0x00000000eae80000,0x00000000eaec0000,0x00000000eaf00000)
  to   space 512K, 0% used [0x00000000eaf00000,0x00000000eaf00000,0x00000000eaf80000)
 ParOldGen       total 454144K, used 453882K [0x00000000c0000000, 0x00000000dbb80000, 0x00000000eab00000)
  object space 454144K, 99% used [0x00000000c0000000,0x00000000dbb3eac8,0x00000000dbb80000)
 Metaspace       used 72069K, committed 73664K, reserved 1114112K
  class space    used 9066K, committed 9792K, reserved 1048576K
}
Event: 23.639 GC heap after
{Heap after GC invocations=543 (full 3):
 PSYoungGen      total 2048K, used 288K [0x00000000eab00000, 0x00000000eaf80000, 0x0000000100000000)
  eden space 1536K, 0% used [0x00000000eab00000,0x00000000eab00000,0x00000000eac80000)
  from space 512K, 56% used [0x00000000eaf00000,0x00000000eaf48000,0x00000000eaf80000)
  to   space 512K, 0% used [0x00000000eae80000,0x00000000eae80000,0x00000000eaf00000)
 ParOldGen       total 454144K, used 453954K [0x00000000c0000000, 0x00000000dbb80000, 0x00000000eab00000)
  object space 454144K, 99% used [0x00000000c0000000,0x00000000dbb50ac8,0x00000000dbb80000)
 Metaspace       used 72069K, committed 73664K, reserved 1114112K
  class space    used 9066K, committed 9792K, reserved 1048576K
}
Event: 23.656 GC heap before
{Heap before GC invocations=544 (full 3):
 PSYoungGen      total 2048K, used 1824K [0x00000000eab00000, 0x00000000eaf80000, 0x0000000100000000)
  eden space 1536K, 100% used [0x00000000eab00000,0x00000000eac80000,0x00000000eac80000)
  from space 512K, 56% used [0x00000000eaf00000,0x00000000eaf48000,0x00000000eaf80000)
  to   space 512K, 0% used [0x00000000eae80000,0x00000000eae80000,0x00000000eaf00000)
 ParOldGen       total 454144K, used 453954K [0x00000000c0000000, 0x00000000dbb80000, 0x00000000eab00000)
  object space 454144K, 99% used [0x00000000c0000000,0x00000000dbb50ac8,0x00000000dbb80000)
 Metaspace       used 72069K, committed 73664K, reserved 1114112K
  class space    used 9066K, committed 9792K, reserved 1048576K
}
Event: 23.657 GC heap after
{Heap after GC invocations=544 (full 3):
 PSYoungGen      total 2048K, used 256K [0x00000000eab00000, 0x00000000eaf80000, 0x0000000100000000)
  eden space 1536K, 0% used [0x00000000eab00000,0x00000000eab00000,0x00000000eac80000)
  from space 512K, 50% used [0x00000000eae80000,0x00000000eaec0000,0x00000000eaf00000)
  to   space 512K, 0% used [0x00000000eaf00000,0x00000000eaf00000,0x00000000eaf80000)
 ParOldGen       total 454144K, used 454018K [0x00000000c0000000, 0x00000000dbb80000, 0x00000000eab00000)
  object space 454144K, 99% used [0x00000000c0000000,0x00000000dbb60ac8,0x00000000dbb80000)
 Metaspace       used 72069K, committed 73664K, reserved 1114112K
  class space    used 9066K, committed 9792K, reserved 1048576K
}
Event: 23.675 GC heap before
{Heap before GC invocations=545 (full 3):
 PSYoungGen      total 2048K, used 1792K [0x00000000eab00000, 0x00000000eaf80000, 0x0000000100000000)
  eden space 1536K, 100% used [0x00000000eab00000,0x00000000eac80000,0x00000000eac80000)
  from space 512K, 50% used [0x00000000eae80000,0x00000000eaec0000,0x00000000eaf00000)
  to   space 512K, 0% used [0x00000000eaf00000,0x00000000eaf00000,0x00000000eaf80000)
 ParOldGen       total 454144K, used 454018K [0x00000000c0000000, 0x00000000dbb80000, 0x00000000eab00000)
  object space 454144K, 99% used [0x00000000c0000000,0x00000000dbb60ac8,0x00000000dbb80000)
 Metaspace       used 72069K, committed 73664K, reserved 1114112K
  class space    used 9066K, committed 9792K, reserved 1048576K
}
Event: 23.676 GC heap after
{Heap after GC invocations=545 (full 3):
 PSYoungGen      total 2048K, used 256K [0x00000000eab00000, 0x00000000eaf80000, 0x0000000100000000)
  eden space 1536K, 0% used [0x00000000eab00000,0x00000000eab00000,0x00000000eac80000)
  from space 512K, 50% used [0x00000000eaf00000,0x00000000eaf40000,0x00000000eaf80000)
  to   space 512K, 0% used [0x00000000eae80000,0x00000000eae80000,0x00000000eaf00000)
 ParOldGen       total 454144K, used 454082K [0x00000000c0000000, 0x00000000dbb80000, 0x00000000eab00000)
  object space 454144K, 99% used [0x00000000c0000000,0x00000000dbb70ac8,0x00000000dbb80000)
 Metaspace       used 72069K, committed 73664K, reserved 1114112K
  class space    used 9066K, committed 9792K, reserved 1048576K
}
Event: 23.695 GC heap before
{Heap before GC invocations=546 (full 3):
 PSYoungGen      total 2048K, used 1792K [0x00000000eab00000, 0x00000000eaf80000, 0x0000000100000000)
  eden space 1536K, 100% used [0x00000000eab00000,0x00000000eac80000,0x00000000eac80000)
  from space 512K, 50% used [0x00000000eaf00000,0x00000000eaf40000,0x00000000eaf80000)
  to   space 512K, 0% used [0x00000000eae80000,0x00000000eae80000,0x00000000eaf00000)
 ParOldGen       total 454144K, used 454082K [0x00000000c0000000, 0x00000000dbb80000, 0x00000000eab00000)
  object space 454144K, 99% used [0x00000000c0000000,0x00000000dbb70ac8,0x00000000dbb80000)
 Metaspace       used 72069K, committed 73664K, reserved 1114112K
  class space    used 9066K, committed 9792K, reserved 1048576K
}
Event: 23.696 GC heap after
{Heap after GC invocations=546 (full 3):
 PSYoungGen      total 2048K, used 288K [0x00000000eab00000, 0x00000000eaf80000, 0x0000000100000000)
  eden space 1536K, 0% used [0x00000000eab00000,0x00000000eab00000,0x00000000eac80000)
  from space 512K, 56% used [0x00000000eae80000,0x00000000eaec8000,0x00000000eaf00000)
  to   space 512K, 0% used [0x00000000eaf00000,0x00000000eaf00000,0x00000000eaf80000)
 ParOldGen       total 454656K, used 454170K [0x00000000c0000000, 0x00000000dbc00000, 0x00000000eab00000)
  object space 454656K, 99% used [0x00000000c0000000,0x00000000dbb86ad8,0x00000000dbc00000)
 Metaspace       used 72069K, committed 73664K, reserved 1114112K
  class space    used 9066K, committed 9792K, reserved 1048576K
}
Event: 23.722 GC heap before
{Heap before GC invocations=547 (full 3):
 PSYoungGen      total 2048K, used 1824K [0x00000000eab00000, 0x00000000eaf80000, 0x0000000100000000)
  eden space 1536K, 100% used [0x00000000eab00000,0x00000000eac80000,0x00000000eac80000)
  from space 512K, 56% used [0x00000000eae80000,0x00000000eaec8000,0x00000000eaf00000)
  to   space 512K, 0% used [0x00000000eaf00000,0x00000000eaf00000,0x00000000eaf80000)
 ParOldGen       total 454656K, used 454170K [0x00000000c0000000, 0x00000000dbc00000, 0x00000000eab00000)
  object space 454656K, 99% used [0x00000000c0000000,0x00000000dbb86ad8,0x00000000dbc00000)
 Metaspace       used 72069K, committed 73664K, reserved 1114112K
  class space    used 9066K, committed 9792K, reserved 1048576K
}
Event: 23.725 GC heap after
{Heap after GC invocations=547 (full 3):
 PSYoungGen      total 2048K, used 288K [0x00000000eab00000, 0x00000000eaf80000, 0x0000000100000000)
  eden space 1536K, 0% used [0x00000000eab00000,0x00000000eab00000,0x00000000eac80000)
  from space 512K, 56% used [0x00000000eaf00000,0x00000000eaf48000,0x00000000eaf80000)
  to   space 512K, 0% used [0x00000000eae80000,0x00000000eae80000,0x00000000eaf00000)
 ParOldGen       total 454656K, used 454242K [0x00000000c0000000, 0x00000000dbc00000, 0x00000000eab00000)
  object space 454656K, 99% used [0x00000000c0000000,0x00000000dbb98ad8,0x00000000dbc00000)
 Metaspace       used 72069K, committed 73664K, reserved 1114112K
  class space    used 9066K, committed 9792K, reserved 1048576K
}
Event: 23.770 GC heap before
{Heap before GC invocations=548 (full 3):
 PSYoungGen      total 2048K, used 1824K [0x00000000eab00000, 0x00000000eaf80000, 0x0000000100000000)
  eden space 1536K, 100% used [0x00000000eab00000,0x00000000eac80000,0x00000000eac80000)
  from space 512K, 56% used [0x00000000eaf00000,0x00000000eaf48000,0x00000000eaf80000)
  to   space 512K, 0% used [0x00000000eae80000,0x00000000eae80000,0x00000000eaf00000)
 ParOldGen       total 454656K, used 454242K [0x00000000c0000000, 0x00000000dbc00000, 0x00000000eab00000)
  object space 454656K, 99% used [0x00000000c0000000,0x00000000dbb98ad8,0x00000000dbc00000)
 Metaspace       used 72118K, committed 73664K, reserved 1114112K
  class space    used 9075K, committed 9792K, reserved 1048576K
}
Event: 23.771 GC heap after
{Heap after GC invocations=548 (full 3):
 PSYoungGen      total 2048K, used 320K [0x00000000eab00000, 0x00000000eaf80000, 0x0000000100000000)
  eden space 1536K, 0% used [0x00000000eab00000,0x00000000eab00000,0x00000000eac80000)
  from space 512K, 62% used [0x00000000eae80000,0x00000000eaed0000,0x00000000eaf00000)
  to   space 512K, 0% used [0x00000000eaf00000,0x00000000eaf00000,0x00000000eaf80000)
 ParOldGen       total 454656K, used 454314K [0x00000000c0000000, 0x00000000dbc00000, 0x00000000eab00000)
  object space 454656K, 99% used [0x00000000c0000000,0x00000000dbbaaad8,0x00000000dbc00000)
 Metaspace       used 72118K, committed 73664K, reserved 1114112K
  class space    used 9075K, committed 9792K, reserved 1048576K
}
Event: 23.812 GC heap before
{Heap before GC invocations=549 (full 3):
 PSYoungGen      total 2048K, used 1856K [0x00000000eab00000, 0x00000000eaf80000, 0x0000000100000000)
  eden space 1536K, 100% used [0x00000000eab00000,0x00000000eac80000,0x00000000eac80000)
  from space 512K, 62% used [0x00000000eae80000,0x00000000eaed0000,0x00000000eaf00000)
  to   space 512K, 0% used [0x00000000eaf00000,0x00000000eaf00000,0x00000000eaf80000)
 ParOldGen       total 454656K, used 454314K [0x00000000c0000000, 0x00000000dbc00000, 0x00000000eab00000)
  object space 454656K, 99% used [0x00000000c0000000,0x00000000dbbaaad8,0x00000000dbc00000)
 Metaspace       used 72294K, committed 73856K, reserved 1114112K
  class space    used 9106K, committed 9792K, reserved 1048576K
}
Event: 23.814 GC heap after
{Heap after GC invocations=549 (full 3):
 PSYoungGen      total 2048K, used 288K [0x00000000eab00000, 0x00000000eaf80000, 0x0000000100000000)
  eden space 1536K, 0% used [0x00000000eab00000,0x00000000eab00000,0x00000000eac80000)
  from space 512K, 56% used [0x00000000eaf00000,0x00000000eaf48000,0x00000000eaf80000)
  to   space 512K, 0% used [0x00000000eae80000,0x00000000eae80000,0x00000000eaf00000)
 ParOldGen       total 454656K, used 454386K [0x00000000c0000000, 0x00000000dbc00000, 0x00000000eab00000)
  object space 454656K, 99% used [0x00000000c0000000,0x00000000dbbbcad8,0x00000000dbc00000)
 Metaspace       used 72294K, committed 73856K, reserved 1114112K
  class space    used 9106K, committed 9792K, reserved 1048576K
}
Event: 23.851 GC heap before
{Heap before GC invocations=550 (full 3):
 PSYoungGen      total 2048K, used 1824K [0x00000000eab00000, 0x00000000eaf80000, 0x0000000100000000)
  eden space 1536K, 100% used [0x00000000eab00000,0x00000000eac80000,0x00000000eac80000)
  from space 512K, 56% used [0x00000000eaf00000,0x00000000eaf48000,0x00000000eaf80000)
  to   space 512K, 0% used [0x00000000eae80000,0x00000000eae80000,0x00000000eaf00000)
 ParOldGen       total 454656K, used 454386K [0x00000000c0000000, 0x00000000dbc00000, 0x00000000eab00000)
  object space 454656K, 99% used [0x00000000c0000000,0x00000000dbbbcad8,0x00000000dbc00000)
 Metaspace       used 72458K, committed 74048K, reserved 1114112K
  class space    used 9135K, committed 9856K, reserved 1048576K
}
Event: 23.852 GC heap after
{Heap after GC invocations=550 (full 3):
 PSYoungGen      total 2048K, used 224K [0x00000000eab00000, 0x00000000eaf80000, 0x0000000100000000)
  eden space 1536K, 0% used [0x00000000eab00000,0x00000000eab00000,0x00000000eac80000)
  from space 512K, 43% used [0x00000000eae80000,0x00000000eaeb8000,0x00000000eaf00000)
  to   space 512K, 0% used [0x00000000eaf00000,0x00000000eaf00000,0x00000000eaf80000)
 ParOldGen       total 454656K, used 454450K [0x00000000c0000000, 0x00000000dbc00000, 0x00000000eab00000)
  object space 454656K, 99% used [0x00000000c0000000,0x00000000dbbccad8,0x00000000dbc00000)
 Metaspace       used 72458K, committed 74048K, reserved 1114112K
  class space    used 9135K, committed 9856K, reserved 1048576K
}
Event: 24.914 GC heap before
{Heap before GC invocations=551 (full 3):
 PSYoungGen      total 2048K, used 1759K [0x00000000eab00000, 0x00000000eaf80000, 0x0000000100000000)
  eden space 1536K, 99% used [0x00000000eab00000,0x00000000eac7ffe8,0x00000000eac80000)
  from space 512K, 43% used [0x00000000eae80000,0x00000000eaeb8000,0x00000000eaf00000)
  to   space 512K, 0% used [0x00000000eaf00000,0x00000000eaf00000,0x00000000eaf80000)
 ParOldGen       total 454656K, used 454450K [0x00000000c0000000, 0x00000000dbc00000, 0x00000000eab00000)
  object space 454656K, 99% used [0x00000000c0000000,0x00000000dbbccad8,0x00000000dbc00000)
 Metaspace       used 72614K, committed 74176K, reserved 1114112K
  class space    used 9165K, committed 9856K, reserved 1048576K
}
Event: 24.916 GC heap after
{Heap after GC invocations=551 (full 3):
 PSYoungGen      total 2048K, used 288K [0x00000000eab00000, 0x00000000eaf80000, 0x0000000100000000)
  eden space 1536K, 0% used [0x00000000eab00000,0x00000000eab00000,0x00000000eac80000)
  from space 512K, 56% used [0x00000000eaf00000,0x00000000eaf48000,0x00000000eaf80000)
  to   space 512K, 0% used [0x00000000eae80000,0x00000000eae80000,0x00000000eaf00000)
 ParOldGen       total 454656K, used 454538K [0x00000000c0000000, 0x00000000dbc00000, 0x00000000eab00000)
  object space 454656K, 99% used [0x00000000c0000000,0x00000000dbbe2ad8,0x00000000dbc00000)
 Metaspace       used 72614K, committed 74176K, reserved 1114112K
  class space    used 9165K, committed 9856K, reserved 1048576K
}
Event: 25.142 GC heap before
{Heap before GC invocations=552 (full 3):
 PSYoungGen      total 2048K, used 1824K [0x00000000eab00000, 0x00000000eaf80000, 0x0000000100000000)
  eden space 1536K, 100% used [0x00000000eab00000,0x00000000eac80000,0x00000000eac80000)
  from space 512K, 56% used [0x00000000eaf00000,0x00000000eaf48000,0x00000000eaf80000)
  to   space 512K, 0% used [0x00000000eae80000,0x00000000eae80000,0x00000000eaf00000)
 ParOldGen       total 454656K, used 454538K [0x00000000c0000000, 0x00000000dbc00000, 0x00000000eab00000)
  object space 454656K, 99% used [0x00000000c0000000,0x00000000dbbe2ad8,0x00000000dbc00000)
 Metaspace       used 72807K, committed 74368K, reserved 1114112K
  class space    used 9190K, committed 9920K, reserved 1048576K
}
Event: 25.144 GC heap after
{Heap after GC invocations=552 (full 3):
 PSYoungGen      total 2048K, used 256K [0x00000000eab00000, 0x00000000eaf80000, 0x0000000100000000)
  eden space 1536K, 0% used [0x00000000eab00000,0x00000000eab00000,0x00000000eac80000)
  from space 512K, 50% used [0x00000000eae80000,0x00000000eaec0000,0x00000000eaf00000)
  to   space 512K, 0% used [0x00000000eaf00000,0x00000000eaf00000,0x00000000eaf80000)
 ParOldGen       total 454656K, used 454602K [0x00000000c0000000, 0x00000000dbc00000, 0x00000000eab00000)
  object space 454656K, 99% used [0x00000000c0000000,0x00000000dbbf2ad8,0x00000000dbc00000)
 Metaspace       used 72807K, committed 74368K, reserved 1114112K
  class space    used 9190K, committed 9920K, reserved 1048576K
}

Dll operation events (16 events):
Event: 0.029 Loaded shared library c:\Users\jasur\.vscode\extensions\redhat.java-1.42.0-win32-x64\jre\21.0.7-win32-x86_64\bin\java.dll
Event: 0.096 Loaded shared library c:\Users\jasur\.vscode\extensions\redhat.java-1.42.0-win32-x64\jre\21.0.7-win32-x86_64\bin\zip.dll
Event: 0.161 Loaded shared library C:\Users\jasur\.vscode\extensions\redhat.java-1.42.0-win32-x64\jre\21.0.7-win32-x86_64\bin\instrument.dll
Event: 0.168 Loaded shared library C:\Users\jasur\.vscode\extensions\redhat.java-1.42.0-win32-x64\jre\21.0.7-win32-x86_64\bin\net.dll
Event: 0.171 Loaded shared library C:\Users\jasur\.vscode\extensions\redhat.java-1.42.0-win32-x64\jre\21.0.7-win32-x86_64\bin\nio.dll
Event: 0.174 Loaded shared library C:\Users\jasur\.vscode\extensions\redhat.java-1.42.0-win32-x64\jre\21.0.7-win32-x86_64\bin\zip.dll
Event: 0.204 Loaded shared library C:\Users\jasur\.vscode\extensions\redhat.java-1.42.0-win32-x64\jre\21.0.7-win32-x86_64\bin\jimage.dll
Event: 0.284 Loaded shared library c:\Users\jasur\.vscode\extensions\redhat.java-1.42.0-win32-x64\jre\21.0.7-win32-x86_64\bin\verify.dll
Event: 1.538 Loaded shared library C:\Users\jasur\AppData\Roaming\Code\User\globalStorage\redhat.java\1.42.0\config_win\org.eclipse.equinox.launcher\org.eclipse.equinox.launcher.win32.win32.x86_64_1.2.1300.v20250331-1702\eclipse_11911.dll
Event: 3.501 Loaded shared library C:\Users\jasur\AppData\Local\Temp\jna-100897209\jna2045427154233357928.dll
Event: 6.068 Loaded shared library C:\Users\jasur\.gradle\native\c067742578af261105cb4f569cf0c3c89f3d7b1fecec35dd04571415982c5e48\windows-amd64\native-platform.dll
Event: 7.906 Loaded shared library C:\Users\jasur\.vscode\extensions\redhat.java-1.42.0-win32-x64\jre\21.0.7-win32-x86_64\bin\management.dll
Event: 7.912 Loaded shared library C:\Users\jasur\.vscode\extensions\redhat.java-1.42.0-win32-x64\jre\21.0.7-win32-x86_64\bin\management_ext.dll
Event: 8.804 Loaded shared library C:\Users\jasur\.gradle\native\c067742578af261105cb4f569cf0c3c89f3d7b1fecec35dd04571415982c5e48\windows-amd64-min\native-platform.dll
Event: 16.792 Loaded shared library C:\Users\jasur\.vscode\extensions\redhat.java-1.42.0-win32-x64\jre\21.0.7-win32-x86_64\bin\extnet.dll
Event: 16.889 Loaded shared library C:\Users\jasur\.vscode\extensions\redhat.java-1.42.0-win32-x64\jre\21.0.7-win32-x86_64\bin\sunmscapi.dll

Deoptimization events (20 events):
Event: 21.863 Thread 0x000001ec73592240 DEOPT PACKING pc=0x000001ec1930c836 sp=0x00000079083fce90
Event: 21.863 Thread 0x000001ec73592240 DEOPT UNPACKING pc=0x000001ec1f7f4242 sp=0x00000079083fc430 mode 0
Event: 21.894 Thread 0x000001ec73592240 Uncommon trap: trap_request=0xffffff45 fr.pc=0x000001ec20418b34 relative=0x0000000000000834
Event: 21.894 Thread 0x000001ec73592240 Uncommon trap: reason=unstable_if action=reinterpret pc=0x000001ec20418b34 method=org.objectweb.asm.ClassReader.readUtf(I[C)Ljava/lang/String; @ 8 c2
Event: 21.894 Thread 0x000001ec73592240 DEOPT PACKING pc=0x000001ec20418b34 sp=0x00000079083fdbd0
Event: 21.894 Thread 0x000001ec73592240 DEOPT UNPACKING pc=0x000001ec1f7f3aa2 sp=0x00000079083fdba8 mode 2
Event: 21.897 Thread 0x000001ec73592240 DEOPT PACKING pc=0x000001ec1930c836 sp=0x00000079083fd660
Event: 21.897 Thread 0x000001ec73592240 DEOPT UNPACKING pc=0x000001ec1f7f4242 sp=0x00000079083fcc00 mode 0
Event: 21.933 Thread 0x000001ec73592240 DEOPT PACKING pc=0x000001ec1930c836 sp=0x00000079083fc6a0
Event: 21.933 Thread 0x000001ec73592240 DEOPT UNPACKING pc=0x000001ec1f7f4242 sp=0x00000079083fbc40 mode 0
Event: 21.947 Thread 0x000001ec73592240 DEOPT PACKING pc=0x000001ec1930c836 sp=0x00000079083fc1f0
Event: 21.947 Thread 0x000001ec73592240 DEOPT UNPACKING pc=0x000001ec1f7f4242 sp=0x00000079083fb790 mode 0
Event: 21.976 Thread 0x000001ec73592240 DEOPT PACKING pc=0x000001ec1930c836 sp=0x00000079083fb480
Event: 21.976 Thread 0x000001ec73592240 DEOPT UNPACKING pc=0x000001ec1f7f4242 sp=0x00000079083faa20 mode 0
Event: 22.130 Thread 0x000001ec73592240 DEOPT PACKING pc=0x000001ec1930c836 sp=0x00000079083fa090
Event: 22.130 Thread 0x000001ec73592240 DEOPT UNPACKING pc=0x000001ec1f7f4242 sp=0x00000079083f9630 mode 0
Event: 23.745 Thread 0x000001ec73592240 Uncommon trap: trap_request=0xffffff45 fr.pc=0x000001ec20431b04 relative=0x0000000000003304
Event: 23.745 Thread 0x000001ec73592240 Uncommon trap: reason=unstable_if action=reinterpret pc=0x000001ec20431b04 method=org.gradle.tooling.internal.provider.serialization.ClasspathInferer.find(Ljava/lang/Class;Ljava/util/Collection;Ljava/util/Collection;)V @ 73 c2
Event: 23.745 Thread 0x000001ec73592240 DEOPT PACKING pc=0x000001ec20431b04 sp=0x00000079083fdae0
Event: 23.745 Thread 0x000001ec73592240 DEOPT UNPACKING pc=0x000001ec1f7f3aa2 sp=0x00000079083fda88 mode 2

Classes loaded (20 events):
Event: 16.977 Loading class java/io/ObjectStreamClass$5
Event: 16.977 Loading class java/io/ObjectStreamClass$5 done
Event: 16.995 Loading class java/nio/channels/spi/AbstractSelector$1
Event: 16.995 Loading class java/nio/channels/spi/AbstractSelector$1 done
Event: 17.219 Loading class java/util/concurrent/Executors$AutoShutdownDelegatedExecutorService
Event: 17.219 Loading class java/util/concurrent/Executors$AutoShutdownDelegatedExecutorService done
Event: 17.582 Loading class java/lang/UnsupportedClassVersionError
Event: 17.582 Loading class java/lang/UnsupportedClassVersionError done
Event: 20.016 Loading class java/time/Ser
Event: 20.016 Loading class java/time/Ser done
Event: 20.166 Loading class java/net/UrlDeserializedState
Event: 20.166 Loading class java/net/UrlDeserializedState done
Event: 20.167 Loading class java/net/Proxy
Event: 20.167 Loading class java/net/Proxy done
Event: 20.310 Loading class java/lang/Throwable$PrintStreamOrWriter
Event: 20.311 Loading class java/lang/Throwable$PrintStreamOrWriter done
Event: 20.365 Loading class sun/misc/SharedSecrets
Event: 20.365 Loading class sun/misc/SharedSecrets done
Event: 20.365 Loading class java/lang/Throwable$WrappedPrintWriter
Event: 20.365 Loading class java/lang/Throwable$WrappedPrintWriter done

Classes unloaded (7 events):
Event: 3.914 Thread 0x000001ec29ba40b0 Unloading class 0x000001ec2b1a3800 'java/lang/invoke/LambdaForm$MH+0x000001ec2b1a3800'
Event: 3.914 Thread 0x000001ec29ba40b0 Unloading class 0x000001ec2b1a3400 'java/lang/invoke/LambdaForm$MH+0x000001ec2b1a3400'
Event: 3.914 Thread 0x000001ec29ba40b0 Unloading class 0x000001ec2b1a3000 'java/lang/invoke/LambdaForm$MH+0x000001ec2b1a3000'
Event: 3.914 Thread 0x000001ec29ba40b0 Unloading class 0x000001ec2b1a2c00 'java/lang/invoke/LambdaForm$MH+0x000001ec2b1a2c00'
Event: 3.914 Thread 0x000001ec29ba40b0 Unloading class 0x000001ec2b1a2800 'java/lang/invoke/LambdaForm$BMH+0x000001ec2b1a2800'
Event: 3.914 Thread 0x000001ec29ba40b0 Unloading class 0x000001ec2b1a2400 'java/lang/invoke/LambdaForm$DMH+0x000001ec2b1a2400'
Event: 3.914 Thread 0x000001ec29ba40b0 Unloading class 0x000001ec2b1a1400 'java/lang/invoke/LambdaForm$DMH+0x000001ec2b1a1400'

Classes redefined (0 events):
No events

Internal exceptions (20 events):
Event: 20.314 Thread 0x000001ec0059b1c0 Exception <a 'java/lang/NoSuchMethodError'{0x00000000eac69a28}: static Lorg/gradle/api/GradleException;.<clinit>()V> (0x00000000eac69a28) 
thrown [s\src\hotspot\share\prims\jni.cpp, line 1111]
Event: 20.314 Thread 0x000001ec0059b1c0 Exception <a 'java/lang/NoSuchMethodError'{0x00000000eac6ada8}: static Lorg/gradle/api/InvalidUserDataException;.<clinit>()V> (0x00000000eac6ada8) 
thrown [s\src\hotspot\share\prims\jni.cpp, line 1111]
Event: 20.314 Thread 0x000001ec0059b1c0 Exception <a 'java/lang/NoSuchMethodError'{0x00000000eac6c150}: static Lorg/gradle/api/plugins/UnknownPluginException;.<clinit>()V> (0x00000000eac6c150) 
thrown [s\src\hotspot\share\prims\jni.cpp, line 1111]
Event: 20.315 Thread 0x000001ec0059b1c0 Exception <a 'java/lang/NoSuchMethodError'{0x00000000eac74a08}: static [Ljava/lang/StackTraceElement;.<clinit>()V> (0x00000000eac74a08) 
thrown [s\src\hotspot\share\prims\jni.cpp, line 1111]
Event: 20.322 Thread 0x000001ec0059b1c0 Exception <a 'java/lang/NoSuchMethodError'{0x00000000eab3eca8}: static Lorg/gradle/api/GradleScriptException;.<clinit>()V> (0x00000000eab3eca8) 
thrown [s\src\hotspot\share\prims\jni.cpp, line 1111]
Event: 20.338 Thread 0x000001ec0059b1c0 Exception <a 'java/lang/NoSuchMethodError'{0x00000000eabea118}: static Lorg/gradle/internal/exceptions/DefaultMultiCauseException;.<clinit>()V> (0x00000000eabea118) 
thrown [s\src\hotspot\share\prims\jni.cpp, line 1111]
Event: 20.338 Thread 0x000001ec0059b1c0 Exception <a 'java/lang/NoSuchMethodError'{0x00000000eabee708}: static Lorg/gradle/api/ProjectConfigurationException;.<clinit>()V> (0x00000000eabee708) 
thrown [s\src\hotspot\share\prims\jni.cpp, line 1111]
Event: 20.343 Thread 0x000001ec0059b1c0 Exception <a 'java/lang/NoSuchMethodError'{0x00000000eac30158}: static Lorg/gradle/tooling/internal/protocol/InternalBuildActionFailureException;.<clinit>()V> (0x00000000eac30158) 
thrown [s\src\hotspot\share\prims\jni.cpp, line 1111]
Event: 20.365 Thread 0x000001ec73777080 Exception <a 'java/lang/ClassNotFoundException'{0x00000000eab45460}: sun/misc/SharedSecrets> (0x00000000eab45460) 
thrown [s\src\hotspot\share\classfile\systemDictionary.cpp, line 312]
Event: 20.367 Thread 0x000001ec73777080 Exception <a 'java/lang/NoSuchMethodError'{0x00000000eabd0128}: 'void java.lang.invoke.DirectMethodHandle$Holder.invokeStatic(java.lang.Object, int, java.lang.Object)'> (0x00000000eabd0128) 
thrown [s\src\hotspot\share\interpreter\linkResolver.cpp, line 773]
Event: 20.369 Thread 0x000001ec73777080 Exception <a 'java/lang/NoSuchMethodError'{0x00000000eabe0638}: 'void java.lang.invoke.DirectMethodHandle$Holder.invokeSpecialIFC(java.lang.Object, java.lang.Object, java.lang.Object, java.lang.Object)'> (0x00000000eabe0638) 
thrown [s\src\hotspot\share\interpreter\linkResolver.cpp, line 773]
Event: 20.456 Thread 0x000001ec73777080 Exception <a 'sun/nio/fs/WindowsException'{0x00000000eabaf618}> (0x00000000eabaf618) 
thrown [s\src\hotspot\share\prims\jni.cpp, line 520]
Event: 20.466 Thread 0x000001ec73777080 Exception <a 'sun/nio/fs/WindowsException'{0x00000000eabb1d20}> (0x00000000eabb1d20) 
thrown [s\src\hotspot\share\prims\jni.cpp, line 520]
Event: 20.611 Thread 0x000001ec75082880 Implicit null exception at 0x000001ec203c2f21 to 0x000001ec203c3070
Event: 20.972 Thread 0x000001ec75082880 Exception <a 'java/lang/NoSuchMethodError'{0x00000000eab07bf8}: static Lorg/gradle/api/IllegalDependencyNotation;.<clinit>()V> (0x00000000eab07bf8) 
thrown [s\src\hotspot\share\prims\jni.cpp, line 1111]
Event: 21.031 Thread 0x000001ec73777080 Exception <a 'sun/nio/fs/WindowsException'{0x00000000eab5e010}> (0x00000000eab5e010) 
thrown [s\src\hotspot\share\prims\jni.cpp, line 520]
Event: 24.939 Thread 0x000001ec73592240 Exception <a 'java/lang/NoSuchMethodError'{0x00000000eabff4e0}: static Lorg/gradle/tooling/internal/provider/serialization/ClassLoaderDetails;.<clinit>()V> (0x00000000eabff4e0) 
thrown [s\src\hotspot\share\prims\jni.cpp, line 1111]
Event: 24.940 Thread 0x000001ec73592240 Exception <a 'java/lang/NoSuchMethodError'{0x00000000eac1cb10}: static Lorg/gradle/tooling/internal/provider/serialization/WellKnownClassLoaderRegistry$KnownClassLoaderSpec;.<clinit>()V> (0x00000000eac1cb10) 
thrown [s\src\hotspot\share\prims\jni.cpp, line 1111]
Event: 24.940 Thread 0x000001ec73592240 Exception <a 'java/lang/NoSuchMethodError'{0x00000000eac1e3b8}: static Lorg/gradle/internal/classloader/ClassLoaderSpec;.<clinit>()V> (0x00000000eac1e3b8) 
thrown [s\src\hotspot\share\prims\jni.cpp, line 1111]
Event: 24.941 Thread 0x000001ec73592240 Exception <a 'java/lang/NoSuchMethodError'{0x00000000eac2e210}: static Lorg/gradle/tooling/internal/provider/serialization/ClientOwnedClassLoaderSpec;.<clinit>()V> (0x00000000eac2e210) 
thrown [s\src\hotspot\share\prims\jni.cpp, line 1111]

ZGC Phase Switch (0 events):
No events

VM Operations (20 events):
Event: 23.675 Executing VM operation: ParallelGCFailedAllocation (Allocation Failure)
Event: 23.676 Executing VM operation: ParallelGCFailedAllocation (Allocation Failure) done
Event: 23.695 Executing VM operation: ParallelGCFailedAllocation (Allocation Failure)
Event: 23.696 Executing VM operation: ParallelGCFailedAllocation (Allocation Failure) done
Event: 23.722 Executing VM operation: ParallelGCFailedAllocation (Allocation Failure)
Event: 23.725 Executing VM operation: ParallelGCFailedAllocation (Allocation Failure) done
Event: 23.770 Executing VM operation: ParallelGCFailedAllocation (Allocation Failure)
Event: 23.771 Executing VM operation: ParallelGCFailedAllocation (Allocation Failure) done
Event: 23.812 Executing VM operation: ParallelGCFailedAllocation (Allocation Failure)
Event: 23.814 Executing VM operation: ParallelGCFailedAllocation (Allocation Failure) done
Event: 23.851 Executing VM operation: ParallelGCFailedAllocation (Allocation Failure)
Event: 23.852 Executing VM operation: ParallelGCFailedAllocation (Allocation Failure) done
Event: 24.863 Executing VM operation: Cleanup
Event: 24.909 Executing VM operation: Cleanup done
Event: 24.914 Executing VM operation: ParallelGCFailedAllocation (Allocation Failure)
Event: 24.916 Executing VM operation: ParallelGCFailedAllocation (Allocation Failure) done
Event: 25.142 Executing VM operation: ParallelGCFailedAllocation (Allocation Failure)
Event: 25.144 Executing VM operation: ParallelGCFailedAllocation (Allocation Failure) done
Event: 26.152 Executing VM operation: Cleanup
Event: 26.152 Executing VM operation: Cleanup done

Memory protections (0 events):
No events

Nmethod flushes (20 events):
Event: 9.247 Thread 0x000001ec29ba40b0 flushing  nmethod 0x000001ec18aa0110
Event: 9.247 Thread 0x000001ec29ba40b0 flushing  nmethod 0x000001ec18aa0f10
Event: 9.247 Thread 0x000001ec29ba40b0 flushing  nmethod 0x000001ec18aba110
Event: 9.247 Thread 0x000001ec29ba40b0 flushing  nmethod 0x000001ec18abd310
Event: 9.247 Thread 0x000001ec29ba40b0 flushing  nmethod 0x000001ec18abe210
Event: 9.247 Thread 0x000001ec29ba40b0 flushing  nmethod 0x000001ec18abf290
Event: 9.247 Thread 0x000001ec29ba40b0 flushing  nmethod 0x000001ec18abf890
Event: 9.247 Thread 0x000001ec29ba40b0 flushing  nmethod 0x000001ec18ac0110
Event: 9.247 Thread 0x000001ec29ba40b0 flushing  nmethod 0x000001ec18ac3610
Event: 9.247 Thread 0x000001ec29ba40b0 flushing  nmethod 0x000001ec18ac3d10
Event: 9.247 Thread 0x000001ec29ba40b0 flushing  nmethod 0x000001ec18ac4490
Event: 9.247 Thread 0x000001ec29ba40b0 flushing  nmethod 0x000001ec18ac6390
Event: 9.247 Thread 0x000001ec29ba40b0 flushing  nmethod 0x000001ec18ad6b10
Event: 9.247 Thread 0x000001ec29ba40b0 flushing  nmethod 0x000001ec18aeaf10
Event: 9.247 Thread 0x000001ec29ba40b0 flushing  nmethod 0x000001ec18af7f10
Event: 9.247 Thread 0x000001ec29ba40b0 flushing  nmethod 0x000001ec18b0ec90
Event: 9.247 Thread 0x000001ec29ba40b0 flushing osr nmethod 0x000001ec18b14010
Event: 9.247 Thread 0x000001ec29ba40b0 flushing  nmethod 0x000001ec18b24590
Event: 9.247 Thread 0x000001ec29ba40b0 flushing  nmethod 0x000001ec18b26090
Event: 9.247 Thread 0x000001ec29ba40b0 flushing  nmethod 0x000001ec18b58990

Events (20 events):
Event: 20.999 Thread 0x000001ec73777080 Thread added: 0x000001ec75082880
Event: 20.999 Thread 0x000001ec73777080 Thread added: 0x000001ec73590800
Event: 21.030 Thread 0x000001ec73590800 Thread exited: 0x000001ec73590800
Event: 21.044 Thread 0x000001ec73777080 Thread added: 0x000001ec7358fae0
Event: 21.047 Thread 0x000001ec73777080 Thread added: 0x000001ec73590170
Event: 21.080 Thread 0x000001ec73590170 Thread exited: 0x000001ec73590170
Event: 21.081 Thread 0x000001ec73777080 Thread added: 0x000001ec7358f450
Event: 21.131 Thread 0x000001ec73777080 Thread added: 0x000001ec73590170
Event: 21.134 Thread 0x000001ec73777080 Thread added: 0x000001ec73591520
Event: 21.152 Thread 0x000001ec73591520 Thread exited: 0x000001ec73591520
Event: 21.152 Thread 0x000001ec73777080 Thread added: 0x000001ec73591bb0
Event: 21.154 Thread 0x000001ec73777080 Thread added: 0x000001ec73592240
Event: 21.378 Thread 0x000001ec740629f0 Thread exited: 0x000001ec740629f0
Event: 21.379 Thread 0x000001ec74061c50 Thread exited: 0x000001ec74061c50
Event: 21.539 Thread 0x000001ec6cbee7f0 Thread added: 0x000001ec74061c50
Event: 22.191 Thread 0x000001ec74061c50 Thread exited: 0x000001ec74061c50
Event: 23.831 Thread 0x000001ec73592240 Thread added: 0x000001ec73590800
Event: 25.145 Thread 0x000001ec73592240 Thread added: 0x000001ec73590e90
Event: 25.145 Thread 0x000001ec73592240 Thread added: 0x000001ec7358edc0
Event: 25.145 Thread 0x000001ec73590e90 Thread exited: 0x000001ec73590e90


Dynamic libraries:
0x00007ff755d00000 - 0x00007ff755d0e000 	c:\Users\jasur\.vscode\extensions\redhat.java-1.42.0-win32-x64\jre\21.0.7-win32-x86_64\bin\java.exe
0x00007fffc2cc0000 - 0x00007fffc2f26000 	C:\Windows\SYSTEM32\ntdll.dll
0x00007fffc1920000 - 0x00007fffc19e9000 	C:\Windows\System32\KERNEL32.DLL
0x00007fffc00b0000 - 0x00007fffc047c000 	C:\Windows\System32\KERNELBASE.dll
0x00007fffbff60000 - 0x00007fffc00ab000 	C:\Windows\System32\ucrtbase.dll
0x00007fffae790000 - 0x00007fffae7ae000 	c:\Users\jasur\.vscode\extensions\redhat.java-1.42.0-win32-x64\jre\21.0.7-win32-x86_64\bin\VCRUNTIME140.dll
0x00007fffadc60000 - 0x00007fffadc78000 	c:\Users\jasur\.vscode\extensions\redhat.java-1.42.0-win32-x64\jre\21.0.7-win32-x86_64\bin\jli.dll
0x00007fffc1d90000 - 0x00007fffc1f5a000 	C:\Windows\System32\USER32.dll
0x00007fffbff30000 - 0x00007fffbff57000 	C:\Windows\System32\win32u.dll
0x00007fffc1460000 - 0x00007fffc148b000 	C:\Windows\System32\GDI32.dll
0x00007fff9b260000 - 0x00007fff9b4fa000 	C:\Windows\WinSxS\amd64_microsoft.windows.common-controls_6595b64144ccf1df_6.0.26100.3912_none_3e07963ce335137e\COMCTL32.dll
0x00007fffc0480000 - 0x00007fffc05b2000 	C:\Windows\System32\gdi32full.dll
0x00007fffbfe80000 - 0x00007fffbff23000 	C:\Windows\System32\msvcp_win.dll
0x00007fffc2740000 - 0x00007fffc27e9000 	C:\Windows\System32\msvcrt.dll
0x00007fffc1490000 - 0x00007fffc14c0000 	C:\Windows\System32\IMM32.DLL
0x00007fffbc920000 - 0x00007fffbc92c000 	c:\Users\jasur\.vscode\extensions\redhat.java-1.42.0-win32-x64\jre\21.0.7-win32-x86_64\bin\vcruntime140_1.dll
0x00007fff65d40000 - 0x00007fff65dcd000 	c:\Users\jasur\.vscode\extensions\redhat.java-1.42.0-win32-x64\jre\21.0.7-win32-x86_64\bin\msvcp140.dll
0x00007ffefb670000 - 0x00007ffefc400000 	c:\Users\jasur\.vscode\extensions\redhat.java-1.42.0-win32-x64\jre\21.0.7-win32-x86_64\bin\server\jvm.dll
0x00007fffc22f0000 - 0x00007fffc23a2000 	C:\Windows\System32\ADVAPI32.dll
0x00007fffc14d0000 - 0x00007fffc1576000 	C:\Windows\System32\sechost.dll
0x00007fffc0ab0000 - 0x00007fffc0bc6000 	C:\Windows\System32\RPCRT4.dll
0x00007fffc1a50000 - 0x00007fffc1ac4000 	C:\Windows\System32\WS2_32.dll
0x00007fffbfd20000 - 0x00007fffbfd7e000 	C:\Windows\SYSTEM32\POWRPROF.dll
0x00007fffb5110000 - 0x00007fffb5146000 	C:\Windows\SYSTEM32\WINMM.dll
0x00007fffaaf70000 - 0x00007fffaaf7b000 	C:\Windows\SYSTEM32\VERSION.dll
0x00007fffbfd00000 - 0x00007fffbfd14000 	C:\Windows\SYSTEM32\UMPDC.dll
0x00007fffbec70000 - 0x00007fffbec8a000 	C:\Windows\SYSTEM32\kernel.appcore.dll
0x00007fffb80d0000 - 0x00007fffb80da000 	c:\Users\jasur\.vscode\extensions\redhat.java-1.42.0-win32-x64\jre\21.0.7-win32-x86_64\bin\jimage.dll
0x00007fffbd7d0000 - 0x00007fffbda11000 	C:\Windows\SYSTEM32\DBGHELP.DLL
0x00007fffc1f60000 - 0x00007fffc22e4000 	C:\Windows\System32\combase.dll
0x00007fffc1ca0000 - 0x00007fffc1d80000 	C:\Windows\System32\OLEAUT32.dll
0x00007fff9a750000 - 0x00007fff9a789000 	C:\Windows\SYSTEM32\dbgcore.DLL
0x00007fffc0a10000 - 0x00007fffc0aa9000 	C:\Windows\System32\bcryptPrimitives.dll
0x00007fffadaa0000 - 0x00007fffadaaf000 	c:\Users\jasur\.vscode\extensions\redhat.java-1.42.0-win32-x64\jre\21.0.7-win32-x86_64\bin\instrument.dll
0x00007fffadbe0000 - 0x00007fffadbff000 	c:\Users\jasur\.vscode\extensions\redhat.java-1.42.0-win32-x64\jre\21.0.7-win32-x86_64\bin\java.dll
0x00007fffc0bd0000 - 0x00007fffc12fd000 	C:\Windows\System32\SHELL32.dll
0x00007fffc05c0000 - 0x00007fffc0734000 	C:\Windows\System32\wintypes.dll
0x00007fffbdb20000 - 0x00007fffbe376000 	C:\Windows\SYSTEM32\windows.storage.dll
0x00007fffc1580000 - 0x00007fffc166f000 	C:\Windows\System32\SHCORE.dll
0x00007fffc1bd0000 - 0x00007fffc1c39000 	C:\Windows\System32\shlwapi.dll
0x00007fffbfdb0000 - 0x00007fffbfddf000 	C:\Windows\SYSTEM32\profapi.dll
0x00007fffad120000 - 0x00007fffad138000 	c:\Users\jasur\.vscode\extensions\redhat.java-1.42.0-win32-x64\jre\21.0.7-win32-x86_64\bin\zip.dll
0x00007fffae750000 - 0x00007fffae760000 	C:\Users\jasur\.vscode\extensions\redhat.java-1.42.0-win32-x64\jre\21.0.7-win32-x86_64\bin\net.dll
0x00007fffb6a00000 - 0x00007fffb6b1e000 	C:\Windows\SYSTEM32\WINHTTP.dll
0x00007fffbf1c0000 - 0x00007fffbf22a000 	C:\Windows\system32\mswsock.dll
0x00007fff97280000 - 0x00007fff97296000 	C:\Users\jasur\.vscode\extensions\redhat.java-1.42.0-win32-x64\jre\21.0.7-win32-x86_64\bin\nio.dll
0x00007fffadab0000 - 0x00007fffadac0000 	c:\Users\jasur\.vscode\extensions\redhat.java-1.42.0-win32-x64\jre\21.0.7-win32-x86_64\bin\verify.dll
0x00007fff72340000 - 0x00007fff72385000 	C:\Users\jasur\AppData\Roaming\Code\User\globalStorage\redhat.java\1.42.0\config_win\org.eclipse.equinox.launcher\org.eclipse.equinox.launcher.win32.win32.x86_64_1.2.1300.v20250331-1702\eclipse_11911.dll
0x00007fffc23b0000 - 0x00007fffc254f000 	C:\Windows\System32\ole32.dll
0x00007fffbf570000 - 0x00007fffbf58c000 	C:\Windows\SYSTEM32\CRYPTSP.dll
0x00007fffbebd0000 - 0x00007fffbec0a000 	C:\Windows\system32\rsaenh.dll
0x00007fffbf260000 - 0x00007fffbf28b000 	C:\Windows\SYSTEM32\USERENV.dll
0x00007fffbfd80000 - 0x00007fffbfda6000 	C:\Windows\SYSTEM32\bcrypt.dll
0x00007fffbf3f0000 - 0x00007fffbf3fc000 	C:\Windows\SYSTEM32\CRYPTBASE.dll
0x00007fffbe680000 - 0x00007fffbe6b3000 	C:\Windows\SYSTEM32\IPHLPAPI.DLL
0x00007fffc1c90000 - 0x00007fffc1c9a000 	C:\Windows\System32\NSI.dll
0x00007fffae2e0000 - 0x00007fffae329000 	C:\Users\jasur\AppData\Local\Temp\jna-100897209\jna2045427154233357928.dll
0x00007fffc1910000 - 0x00007fffc1918000 	C:\Windows\System32\PSAPI.DLL
0x00007fffb6cc0000 - 0x00007fffb6cdf000 	C:\Windows\SYSTEM32\dhcpcsvc6.DLL
0x00007fffb6ba0000 - 0x00007fffb6bc5000 	C:\Windows\SYSTEM32\dhcpcsvc.DLL
0x00007fffadfd0000 - 0x00007fffadff7000 	C:\Users\jasur\.gradle\native\c067742578af261105cb4f569cf0c3c89f3d7b1fecec35dd04571415982c5e48\windows-amd64\native-platform.dll
0x00007fff9e1c0000 - 0x00007fff9e1ca000 	C:\Users\jasur\.vscode\extensions\redhat.java-1.42.0-win32-x64\jre\21.0.7-win32-x86_64\bin\management.dll
0x00007fff9bc20000 - 0x00007fff9bc2b000 	C:\Users\jasur\.vscode\extensions\redhat.java-1.42.0-win32-x64\jre\21.0.7-win32-x86_64\bin\management_ext.dll
0x00007fff97490000 - 0x00007fff974b7000 	C:\Users\jasur\.gradle\native\c067742578af261105cb4f569cf0c3c89f3d7b1fecec35dd04571415982c5e48\windows-amd64-min\native-platform.dll
0x00007fff9b990000 - 0x00007fff9b999000 	C:\Users\jasur\.vscode\extensions\redhat.java-1.42.0-win32-x64\jre\21.0.7-win32-x86_64\bin\extnet.dll
0x00007fff9bb30000 - 0x00007fff9bb3e000 	C:\Users\jasur\.vscode\extensions\redhat.java-1.42.0-win32-x64\jre\21.0.7-win32-x86_64\bin\sunmscapi.dll
0x00007fffc0890000 - 0x00007fffc0a07000 	C:\Windows\System32\CRYPT32.dll
0x00007fffbf6b0000 - 0x00007fffbf6e0000 	C:\Windows\SYSTEM32\ncrypt.dll
0x00007fffbf670000 - 0x00007fffbf6af000 	C:\Windows\SYSTEM32\NTASN1.dll
0x00007fff76950000 - 0x00007fff76958000 	C:\Windows\system32\wshunix.dll

dbghelp: loaded successfully - version: 4.0.5 - missing functions: none
symbol engine: initialized successfully - sym options: 0x614 - pdb path: .;c:\Users\jasur\.vscode\extensions\redhat.java-1.42.0-win32-x64\jre\21.0.7-win32-x86_64\bin;C:\Windows\SYSTEM32;C:\Windows\WinSxS\amd64_microsoft.windows.common-controls_6595b64144ccf1df_6.0.26100.3912_none_3e07963ce335137e;c:\Users\jasur\.vscode\extensions\redhat.java-1.42.0-win32-x64\jre\21.0.7-win32-x86_64\bin\server;C:\Users\jasur\AppData\Roaming\Code\User\globalStorage\redhat.java\1.42.0\config_win\org.eclipse.equinox.launcher\org.eclipse.equinox.launcher.win32.win32.x86_64_1.2.1300.v20250331-1702;C:\Users\jasur\AppData\Local\Temp\jna-100897209;C:\Users\jasur\.gradle\native\c067742578af261105cb4f569cf0c3c89f3d7b1fecec35dd04571415982c5e48\windows-amd64;C:\Users\jasur\.gradle\native\c067742578af261105cb4f569cf0c3c89f3d7b1fecec35dd04571415982c5e48\windows-amd64-min

VM Arguments:
jvm_args: --add-modules=ALL-SYSTEM --add-opens=java.base/java.util=ALL-UNNAMED --add-opens=java.base/java.lang=ALL-UNNAMED --add-opens=java.base/sun.nio.fs=ALL-UNNAMED -Declipse.application=org.eclipse.jdt.ls.core.id1 -Dosgi.bundles.defaultStartLevel=4 -Declipse.product=org.eclipse.jdt.ls.core.product -Djava.import.generatesMetadataFilesAtProjectRoot=false -DDetectVMInstallationsJob.disabled=true -Dfile.encoding=utf8 -XX:+UseParallelGC -XX:GCTimeRatio=4 -XX:AdaptiveSizePolicyWeight=90 -Dsun.zip.disableMemoryMapping=true -Xmx1G -Xms100m -Xlog:disable -javaagent:c:\Users\jasur\.vscode\extensions\redhat.java-1.42.0-win32-x64\lombok\lombok-1.18.36.jar -XX:+HeapDumpOnOutOfMemoryError -XX:HeapDumpPath=c:\Users\jasur\AppData\Roaming\Code\User\workspaceStorage\c3cc1cdb79f05f312ef61ffb01486c9a\redhat.java -Daether.dependencyCollector.impl=bf 
java_command: c:\Users\jasur\.vscode\extensions\redhat.java-1.42.0-win32-x64\server\plugins\org.eclipse.equinox.launcher_1.7.0.v20250424-1814.jar -configuration c:\Users\jasur\AppData\Roaming\Code\User\globalStorage\redhat.java\1.42.0\config_win -data c:\Users\jasur\AppData\Roaming\Code\User\workspaceStorage\c3cc1cdb79f05f312ef61ffb01486c9a\redhat.java\jdt_ws --pipe=\\.\pipe\lsp-28138595ffc172158d55e3cb451bd1f1-sock
java_class_path (initial): c:\Users\jasur\.vscode\extensions\redhat.java-1.42.0-win32-x64\server\plugins\org.eclipse.equinox.launcher_1.7.0.v20250424-1814.jar
Launcher Type: SUN_STANDARD

[Global flags]
    uintx AdaptiveSizePolicyWeight                 = 90                                        {product} {command line}
     intx CICompilerCount                          = 4                                         {product} {ergonomic}
    uintx GCTimeRatio                              = 4                                         {product} {command line}
     bool HeapDumpOnOutOfMemoryError               = true                                   {manageable} {command line}
    ccstr HeapDumpPath                             = c:\Users\jasur\AppData\Roaming\Code\User\workspaceStorage\c3cc1cdb79f05f312ef61ffb01486c9a\redhat.java         {manageable} {command line}
   size_t InitialHeapSize                          = 104857600                                 {product} {command line}
   size_t MaxHeapSize                              = 1073741824                                {product} {command line}
   size_t MaxNewSize                               = 357564416                                 {product} {ergonomic}
   size_t MinHeapDeltaBytes                        = 524288                                    {product} {ergonomic}
   size_t MinHeapSize                              = 104857600                                 {product} {command line}
   size_t NewSize                                  = 34603008                                  {product} {ergonomic}
    uintx NonNMethodCodeHeapSize                   = 5839372                                {pd product} {ergonomic}
    uintx NonProfiledCodeHeapSize                  = 122909434                              {pd product} {ergonomic}
   size_t OldSize                                  = 70254592                                  {product} {ergonomic}
    uintx ProfiledCodeHeapSize                     = 122909434                              {pd product} {ergonomic}
    uintx ReservedCodeCacheSize                    = 251658240                              {pd product} {ergonomic}
     bool SegmentedCodeCache                       = true                                      {product} {ergonomic}
   size_t SoftMaxHeapSize                          = 1073741824                             {manageable} {ergonomic}
     bool UseCompressedOops                        = true                           {product lp64_product} {ergonomic}
     bool UseLargePagesIndividualAllocation        = false                                  {pd product} {ergonomic}
     bool UseParallelGC                            = true                                      {product} {command line}

Logging:
Log output configuration:
 #0: stdout all=off uptime,level,tags foldmultilines=false
 #1: stderr all=off uptime,level,tags foldmultilines=false

Environment Variables:
PATH=C:\Program Files\Common Files\Oracle\Java\javapath;C:\Program Files (x86)\Common Files\Oracle\Java\java8path;C:\Program Files (x86)\Common Files\Oracle\Java\javapath;C:\Windows\system32;C:\Windows;C:\Windows\System32\Wbem;C:\Windows\System32\WindowsPowerShell\v1.0\;C:\Windows\System32\OpenSSH\;C:\Program Files\dotnet\;C:\Program Files\Git\cmd;C:\Program Files\Docker\Docker\resources\bin;C:\Program Files\Microsoft SQL Server\150\Tools\Binn\;C:\Program Files\Microsoft SQL Server\Client SDK\ODBC\170\Tools\Binn\;C:\HaxeToolkit\haxe;C:\HaxeToolkit\neko;C:\Program Files\PowerShell\7\;C:\Users\jasur\AppData\Local\Microsoft\WindowsApps;C:\Users\jasur\AppData\Local\Programs\Microsoft VS Code\bin;C:\Users\jasur\AppData\Local\GitHubDesktop\bin;C:\Users\jasur\.dotnet\tools;C:\Program Files\android-ndk\r21e;C:\Program Files\Android\Gradle\7.4.2\bin;C:\Program Files\Java\jdk-17\bin;
USERNAME=jasur
OS=Windows_NT
PROCESSOR_IDENTIFIER=Intel64 Family 6 Model 154 Stepping 4, GenuineIntel
TMP=C:\Users\jasur\AppData\Local\Temp
TEMP=C:\Users\jasur\AppData\Local\Temp




Periodic native trim disabled

---------------  S Y S T E M  ---------------

OS:
 Windows 11 , 64 bit Build 26100 (10.0.26100.3912)
OS uptime: 1 days 15:51 hours
Hyper-V role detected

CPU: total 12 (initial active 12) (6 cores per cpu, 2 threads per core) family 6 model 154 stepping 4 microcode 0x423, cx8, cmov, fxsr, ht, mmx, 3dnowpref, sse, sse2, sse3, ssse3, sse4.1, sse4.2, popcnt, lzcnt, tsc, tscinvbit, avx, avx2, aes, erms, clmul, bmi1, bmi2, adx, sha, fma, vzeroupper, clflush, clflushopt, clwb, hv, serialize, rdtscp, rdpid, fsrm, f16c, cet_ibt, cet_ss
Processor Information for processor 0
  Max Mhz: 1300, Current Mhz: 1300, Mhz Limit: 1300
Processor Information for processor 1
  Max Mhz: 1300, Current Mhz: 1300, Mhz Limit: 1300
Processor Information for processor 2
  Max Mhz: 1300, Current Mhz: 1300, Mhz Limit: 1300
Processor Information for processor 3
  Max Mhz: 1300, Current Mhz: 1300, Mhz Limit: 1300
Processor Information for processor 4
  Max Mhz: 1300, Current Mhz: 900, Mhz Limit: 897
Processor Information for processor 5
  Max Mhz: 1300, Current Mhz: 900, Mhz Limit: 897
Processor Information for processor 6
  Max Mhz: 1300, Current Mhz: 900, Mhz Limit: 897
Processor Information for processor 7
  Max Mhz: 1300, Current Mhz: 900, Mhz Limit: 897
Processor Information for processor 8
  Max Mhz: 1300, Current Mhz: 900, Mhz Limit: 897
Processor Information for processor 9
  Max Mhz: 1300, Current Mhz: 900, Mhz Limit: 897
Processor Information for processor 10
  Max Mhz: 1300, Current Mhz: 900, Mhz Limit: 897
Processor Information for processor 11
  Max Mhz: 1300, Current Mhz: 900, Mhz Limit: 897

Memory: 4k page, system-wide physical 7896M (757M free)
TotalPageFile size 24280M (AvailPageFile size 19M)
current process WorkingSet (physical memory assigned to process): 774M, peak: 797M
current process commit charge ("private bytes"): 724M, peak: 749M

vm_info: OpenJDK 64-Bit Server VM (21.0.7+6-LTS) for windows-amd64 JRE (21.0.7+6-LTS), built on 2025-04-15T00:00:00Z by "admin" with MS VC++ 17.7 (VS2022)

END.
