#
# There is insufficient memory for the Java Runtime Environment to continue.
# Native memory allocation (malloc) failed to allocate 1300480 bytes. Error detail: Chunk::new
# Possible reasons:
#   The system is out of physical RAM or swap space
#   This process is running with CompressedOops enabled, and the Java Heap may be blocking the growth of the native heap
# Possible solutions:
#   Reduce memory load on the system
#   Increase physical memory or swap space
#   Check if swap backing store is full
#   Decrease Java heap size (-Xmx/-Xms)
#   Decrease number of Java threads
#   Decrease Java thread stack sizes (-Xss)
#   Set larger code cache with -XX:ReservedCodeCacheSize=
#   JVM is running with Unscaled Compressed Oops mode in which the Java heap is
#     placed in the first 4GB address space. The Java Heap base address is the
#     maximum limit for the native heap growth. Please use -XX:HeapBaseMinAddress
#     to set the Java Heap base and to place the Java Heap above 4GB virtual address.
# This output file may be truncated or incomplete.
#
#  Out of Memory Error (arena.cpp:168), pid=42012, tid=36588
#
# JRE version: OpenJDK Runtime Environment Temurin-21.0.7+6 (21.0.7+6) (build 21.0.7+6-LTS)
# Java VM: OpenJDK 64-Bit Server VM Temurin-21.0.7+6 (21.0.7+6-LTS, mixed mode, sharing, tiered, compressed oops, compressed class ptrs, parallel gc, windows-amd64)
# No core dump will be written. Minidumps are not enabled by default on client versions of Windows
#

---------------  S U M M A R Y ------------

Command Line: --add-modules=ALL-SYSTEM --add-opens=java.base/java.util=ALL-UNNAMED --add-opens=java.base/java.lang=ALL-UNNAMED --add-opens=java.base/sun.nio.fs=ALL-UNNAMED -Declipse.application=org.eclipse.jdt.ls.core.id1 -Dosgi.bundles.defaultStartLevel=4 -Declipse.product=org.eclipse.jdt.ls.core.product -Djava.import.generatesMetadataFilesAtProjectRoot=false -DDetectVMInstallationsJob.disabled=true -Dfile.encoding=utf8 -XX:+UseParallelGC -XX:GCTimeRatio=4 -XX:AdaptiveSizePolicyWeight=90 -Dsun.zip.disableMemoryMapping=true -Xmx1G -Xms100m -Xlog:disable -javaagent:c:\Users\jasur\.vscode\extensions\redhat.java-1.42.0-win32-x64\lombok\lombok-1.18.36.jar -XX:+HeapDumpOnOutOfMemoryError -XX:HeapDumpPath=c:\Users\jasur\AppData\Roaming\Code\User\workspaceStorage\c3cc1cdb79f05f312ef61ffb01486c9a\redhat.java -Daether.dependencyCollector.impl=bf c:\Users\jasur\.vscode\extensions\redhat.java-1.42.0-win32-x64\server\plugins\org.eclipse.equinox.launcher_1.7.0.v20250424-1814.jar -configuration c:\Users\jasur\AppData\Roaming\Code\User\globalStorage\redhat.java\1.42.0\config_win -data c:\Users\jasur\AppData\Roaming\Code\User\workspaceStorage\c3cc1cdb79f05f312ef61ffb01486c9a\redhat.java\jdt_ws --pipe=\\.\pipe\lsp-b6ba1f432586319375acbadea08b420c-sock

Host: 12th Gen Intel(R) Core(TM) i5-1235U, 12 cores, 7G,  Windows 11 , 64 bit Build 26100 (10.0.26100.3912)
Time: Fri May 23 12:15:21 2025  Windows 11 , 64 bit Build 26100 (10.0.26100.3912) elapsed time: 36.850349 seconds (0d 0h 0m 36s)

---------------  T H R E A D  ---------------

Current thread (0x000002139c92b1e0):  JavaThread "C2 CompilerThread0" daemon [_thread_in_native, id=36588, stack(0x0000007f96900000,0x0000007f96a00000) (1024K)]


Current CompileTask:
C2:36850 9272   !   4       org.gradle.tooling.internal.provider.serialization.ClasspathInferer::find (364 bytes)

Stack: [0x0000007f96900000,0x0000007f96a00000]
Native frames: (J=compiled Java code, j=interpreted, Vv=VM code, C=native code)
V  [jvm.dll+0x6ce119]
V  [jvm.dll+0x8a84a1]
V  [jvm.dll+0x8aa9ce]
V  [jvm.dll+0x8ab0b3]
V  [jvm.dll+0x27f8a6]
V  [jvm.dll+0xc507d]
V  [jvm.dll+0xc55b3]
V  [jvm.dll+0x3b692c]
V  [jvm.dll+0x1e0029]
V  [jvm.dll+0x247c42]
V  [jvm.dll+0x2470cf]
V  [jvm.dll+0x1c760e]
V  [jvm.dll+0x25695a]
V  [jvm.dll+0x254efa]
V  [jvm.dll+0x3f03f6]
V  [jvm.dll+0x851f6b]
V  [jvm.dll+0x6cc7dd]
C  [ucrtbase.dll+0x37b0]
C  [KERNEL32.DLL+0x2e8d7]
C  [ntdll.dll+0x9c5dc]


---------------  P R O C E S S  ---------------

Threads class SMR info:
_java_thread_list=0x00000213fa087ca0, length=78, elements={
0x000002139c873870, 0x000002139c9191e0, 0x00000213b0c57f70, 0x00000213b0c5cf30,
0x00000213b0c5db80, 0x000002139c91b2a0, 0x000002139c922f60, 0x000002139c92b1e0,
0x000002139c92bc70, 0x00000213f323f6f0, 0x00000213f347fec0, 0x00000213f9107d80,
0x00000213f9104f90, 0x00000213f9105620, 0x00000213f9108410, 0x00000213f9105cb0,
0x00000213f9106340, 0x00000213f91069d0, 0x00000213f9107060, 0x00000213f9bdf700,
0x00000213f9be0ab0, 0x00000213f9bdfd90, 0x00000213f9be24f0, 0x00000213f9bdf070,
0x00000213f9be1140, 0x00000213f9be17d0, 0x00000213f9be0420, 0x00000213f9be1e60,
0x00000213fa324180, 0x00000213fa324810, 0x00000213fa325530, 0x00000213fa325bc0,
0x00000213fa322740, 0x00000213fa326250, 0x00000213fa323460, 0x00000213fa322dd0,
0x00000213fa3268e0, 0x00000213fa326f70, 0x00000213fa324ea0, 0x00000213fa323af0,
0x00000213fa327600, 0x00000213fa329d60, 0x00000213fa329040, 0x00000213fa327c90,
0x00000213fa3296d0, 0x00000213fa328320, 0x00000213fa3289b0, 0x00000213fba846a0,
0x00000213fba860e0, 0x00000213fba86e00, 0x00000213fba87490, 0x00000213fba87b20,
0x00000213fae961e0, 0x00000213fae94110, 0x00000213fae92d60, 0x00000213fae93a80,
0x00000213fae947a0, 0x00000213fae94e30, 0x00000213fae933f0, 0x00000213fae92040,
0x00000213fae96f00, 0x00000213fae982b0, 0x00000213fae98fd0, 0x00000213fae97c20,
0x00000213fae98940, 0x00000213fba84d30, 0x00000213f91076f0, 0x00000213fc6557f0,
0x00000213fc655e80, 0x00000213fc653db0, 0x00000213fc654ad0, 0x00000213fc652a00,
0x00000213fc656510, 0x00000213fc653090, 0x00000213fc653720, 0x00000213fc657230,
0x00000213fc6578c0, 0x00000213fc654440
}

Java Threads: ( => current thread )
  0x000002139c873870 JavaThread "main"                              [_thread_blocked, id=45848, stack(0x0000007f95f00000,0x0000007f96000000) (1024K)]
  0x000002139c9191e0 JavaThread "Reference Handler"          daemon [_thread_blocked, id=45924, stack(0x0000007f96300000,0x0000007f96400000) (1024K)]
  0x00000213b0c57f70 JavaThread "Finalizer"                  daemon [_thread_blocked, id=38504, stack(0x0000007f96400000,0x0000007f96500000) (1024K)]
  0x00000213b0c5cf30 JavaThread "Signal Dispatcher"          daemon [_thread_blocked, id=40596, stack(0x0000007f96500000,0x0000007f96600000) (1024K)]
  0x00000213b0c5db80 JavaThread "Attach Listener"            daemon [_thread_blocked, id=38792, stack(0x0000007f96600000,0x0000007f96700000) (1024K)]
  0x000002139c91b2a0 JavaThread "Service Thread"             daemon [_thread_blocked, id=42472, stack(0x0000007f96700000,0x0000007f96800000) (1024K)]
  0x000002139c922f60 JavaThread "Monitor Deflation Thread"   daemon [_thread_blocked, id=36244, stack(0x0000007f96800000,0x0000007f96900000) (1024K)]
=>0x000002139c92b1e0 JavaThread "C2 CompilerThread0"         daemon [_thread_in_native, id=36588, stack(0x0000007f96900000,0x0000007f96a00000) (1024K)]
  0x000002139c92bc70 JavaThread "C1 CompilerThread0"         daemon [_thread_blocked, id=44916, stack(0x0000007f96a00000,0x0000007f96b00000) (1024K)]
  0x00000213f323f6f0 JavaThread "Common-Cleaner"             daemon [_thread_blocked, id=43888, stack(0x0000007f96b00000,0x0000007f96c00000) (1024K)]
  0x00000213f347fec0 JavaThread "Notification Thread"        daemon [_thread_blocked, id=38740, stack(0x0000007f96d00000,0x0000007f96e00000) (1024K)]
  0x00000213f9107d80 JavaThread "Active Thread: Equinox Container: b52f1870-e3e1-4798-89e8-a8f5ea5c9e8c"        [_thread_blocked, id=16404, stack(0x0000007f97500000,0x0000007f97600000) (1024K)]
  0x00000213f9104f90 JavaThread "Refresh Thread: Equinox Container: b52f1870-e3e1-4798-89e8-a8f5ea5c9e8c" daemon [_thread_blocked, id=7828, stack(0x0000007f97600000,0x0000007f97700000) (1024K)]
  0x00000213f9105620 JavaThread "Framework Event Dispatcher: Equinox Container: b52f1870-e3e1-4798-89e8-a8f5ea5c9e8c" daemon [_thread_blocked, id=7000, stack(0x0000007f97800000,0x0000007f97900000) (1024K)]
  0x00000213f9108410 JavaThread "Start Level: Equinox Container: b52f1870-e3e1-4798-89e8-a8f5ea5c9e8c" daemon [_thread_blocked, id=21248, stack(0x0000007f97900000,0x0000007f97a00000) (1024K)]
  0x00000213f9105cb0 JavaThread "Bundle File Closer"         daemon [_thread_blocked, id=11492, stack(0x0000007f97c00000,0x0000007f97d00000) (1024K)]
  0x00000213f9106340 JavaThread "SCR Component Actor"        daemon [_thread_blocked, id=31696, stack(0x0000007f96e00000,0x0000007f96f00000) (1024K)]
  0x00000213f91069d0 JavaThread "Worker-JM"                         [_thread_blocked, id=43836, stack(0x0000007f97e00000,0x0000007f97f00000) (1024K)]
  0x00000213f9107060 JavaThread "JNA Cleaner"                daemon [_thread_blocked, id=42160, stack(0x0000007f97d00000,0x0000007f97e00000) (1024K)]
  0x00000213f9bdf700 JavaThread "Worker-0: Initialize Workspace"        [_thread_blocked, id=41848, stack(0x0000007f97f00000,0x0000007f98000000) (1024K)]
  0x00000213f9be0ab0 JavaThread "Worker-1"                          [_thread_blocked, id=36964, stack(0x0000007f98000000,0x0000007f98100000) (1024K)]
  0x00000213f9bdfd90 JavaThread "Java indexing"              daemon [_thread_blocked, id=45168, stack(0x0000007f98200000,0x0000007f98300000) (1024K)]
  0x00000213f9be24f0 JavaThread "Worker-2: Synchronize Gradle projects with workspace"        [_thread_blocked, id=45172, stack(0x0000007f98300000,0x0000007f98400000) (1024K)]
  0x00000213f9bdf070 JavaThread "Worker-3"                          [_thread_blocked, id=45200, stack(0x0000007f98500000,0x0000007f98600000) (1024K)]
  0x00000213f9be1140 JavaThread "Worker-4: Synchronize Gradle projects with workspace"        [_thread_blocked, id=45256, stack(0x0000007f98900000,0x0000007f98a00000) (1024K)]
  0x00000213f9be17d0 JavaThread "Worker-5: Synchronize Gradle projects with workspace"        [_thread_blocked, id=45272, stack(0x0000007f98a00000,0x0000007f98b00000) (1024K)]
  0x00000213f9be0420 JavaThread "Thread-2"                   daemon [_thread_in_native, id=45188, stack(0x0000007f98b00000,0x0000007f98c00000) (1024K)]
  0x00000213f9be1e60 JavaThread "Thread-3"                   daemon [_thread_in_native, id=45196, stack(0x0000007f98c00000,0x0000007f98d00000) (1024K)]
  0x00000213fa324180 JavaThread "Thread-4"                   daemon [_thread_in_native, id=45276, stack(0x0000007f98d00000,0x0000007f98e00000) (1024K)]
  0x00000213fa324810 JavaThread "Thread-5"                   daemon [_thread_in_native, id=45292, stack(0x0000007f98e00000,0x0000007f98f00000) (1024K)]
  0x00000213fa325530 JavaThread "Thread-6"                   daemon [_thread_in_native, id=45420, stack(0x0000007f98f00000,0x0000007f99000000) (1024K)]
  0x00000213fa325bc0 JavaThread "Thread-7"                   daemon [_thread_in_native, id=45408, stack(0x0000007f99000000,0x0000007f99100000) (1024K)]
  0x00000213fa322740 JavaThread "Thread-8"                   daemon [_thread_in_native, id=44152, stack(0x0000007f99100000,0x0000007f99200000) (1024K)]
  0x00000213fa326250 JavaThread "Thread-9"                   daemon [_thread_in_native, id=40240, stack(0x0000007f99200000,0x0000007f99300000) (1024K)]
  0x00000213fa323460 JavaThread "Thread-10"                  daemon [_thread_in_native, id=35700, stack(0x0000007f99300000,0x0000007f99400000) (1024K)]
  0x00000213fa322dd0 JavaThread "Thread-11"                  daemon [_thread_in_native, id=5652, stack(0x0000007f99400000,0x0000007f99500000) (1024K)]
  0x00000213fa3268e0 JavaThread "Thread-12"                  daemon [_thread_in_native, id=22684, stack(0x0000007f99500000,0x0000007f99600000) (1024K)]
  0x00000213fa326f70 JavaThread "Thread-13"                  daemon [_thread_in_native, id=45328, stack(0x0000007f99600000,0x0000007f99700000) (1024K)]
  0x00000213fa324ea0 JavaThread "Thread-14"                  daemon [_thread_in_native, id=45384, stack(0x0000007f99700000,0x0000007f99800000) (1024K)]
  0x00000213fa323af0 JavaThread "pool-2-thread-1"                   [_thread_blocked, id=22944, stack(0x0000007f99800000,0x0000007f99900000) (1024K)]
  0x00000213fa327600 JavaThread "Worker-6: Synchronize Gradle projects with workspace"        [_thread_blocked, id=28504, stack(0x0000007f99900000,0x0000007f99a00000) (1024K)]
  0x00000213fa329d60 JavaThread "Worker-7"                          [_thread_blocked, id=41104, stack(0x0000007f99a00000,0x0000007f99b00000) (1024K)]
  0x00000213fa329040 JavaThread "Timer-0"                           [_thread_blocked, id=38876, stack(0x0000007f99b00000,0x0000007f99c00000) (1024K)]
  0x00000213fa327c90 JavaThread "Timer-2"                           [_thread_blocked, id=45992, stack(0x0000007f99c00000,0x0000007f99d00000) (1024K)]
  0x00000213fa3296d0 JavaThread "Timer-3"                           [_thread_blocked, id=33616, stack(0x0000007f99d00000,0x0000007f99e00000) (1024K)]
  0x00000213fa328320 JavaThread "Timer-1"                           [_thread_blocked, id=37504, stack(0x0000007f99e00000,0x0000007f99f00000) (1024K)]
  0x00000213fa3289b0 JavaThread "Timer-4"                           [_thread_blocked, id=36144, stack(0x0000007f99f00000,0x0000007f9a000000) (1024K)]
  0x00000213fba846a0 JavaThread "Timer-5"                           [_thread_blocked, id=13620, stack(0x0000007f9a000000,0x0000007f9a100000) (1024K)]
  0x00000213fba860e0 JavaThread "Timer-6"                           [_thread_blocked, id=39172, stack(0x0000007f9a100000,0x0000007f9a200000) (1024K)]
  0x00000213fba86e00 JavaThread "Timer-7"                           [_thread_blocked, id=45972, stack(0x0000007f9a200000,0x0000007f9a300000) (1024K)]
  0x00000213fba87490 JavaThread "WorkspaceEventsHandler"            [_thread_blocked, id=45716, stack(0x0000007f9a300000,0x0000007f9a400000) (1024K)]
  0x00000213fba87b20 JavaThread "pool-1-thread-1"                   [_thread_blocked, id=38016, stack(0x0000007f9a400000,0x0000007f9a500000) (1024K)]
  0x00000213fae961e0 JavaThread "Exec process"                      [_thread_blocked, id=4668, stack(0x0000007f96c00000,0x0000007f96d00000) (1024K)]
  0x00000213fae94110 JavaThread "Exec process Thread 2"             [_thread_blocked, id=44268, stack(0x0000007f9a900000,0x0000007f9aa00000) (1024K)]
  0x00000213fae92d60 JavaThread "Exec process Thread 3"             [_thread_blocked, id=25764, stack(0x0000007f9aa00000,0x0000007f9ab00000) (1024K)]
  0x00000213fae93a80 JavaThread "Timer-8"                           [_thread_blocked, id=37884, stack(0x0000007f9a500000,0x0000007f9a600000) (1024K)]
  0x00000213fae947a0 JavaThread "Timer-9"                           [_thread_blocked, id=43212, stack(0x0000007f9a700000,0x0000007f9a800000) (1024K)]
  0x00000213fae94e30 JavaThread "Timer-10"                          [_thread_blocked, id=12960, stack(0x0000007f9a800000,0x0000007f9a900000) (1024K)]
  0x00000213fae933f0 JavaThread "Timer-11"                          [_thread_blocked, id=39932, stack(0x0000007f98100000,0x0000007f98200000) (1024K)]
  0x00000213fae92040 JavaThread "Timer-12"                          [_thread_blocked, id=37088, stack(0x0000007f98400000,0x0000007f98500000) (1024K)]
  0x00000213fae96f00 JavaThread "Timer-13"                          [_thread_blocked, id=45500, stack(0x0000007f9ab00000,0x0000007f9ac00000) (1024K)]
  0x00000213fae982b0 JavaThread "Timer-14"                          [_thread_blocked, id=45208, stack(0x0000007f9ac00000,0x0000007f9ad00000) (1024K)]
  0x00000213fae98fd0 JavaThread "Timer-15"                          [_thread_blocked, id=45540, stack(0x0000007f9ad00000,0x0000007f9ae00000) (1024K)]
  0x00000213fae97c20 JavaThread "Exec process"                      [_thread_blocked, id=22804, stack(0x0000007f9ae00000,0x0000007f9af00000) (1024K)]
  0x00000213fae98940 JavaThread "Exec process Thread 2"             [_thread_blocked, id=45428, stack(0x0000007f9b000000,0x0000007f9b100000) (1024K)]
  0x00000213fba84d30 JavaThread "Exec process Thread 3"             [_thread_blocked, id=45220, stack(0x0000007f9b100000,0x0000007f9b200000) (1024K)]
  0x00000213f91076f0 JavaThread "Timer-16"                          [_thread_blocked, id=31552, stack(0x0000007f9a600000,0x0000007f9a700000) (1024K)]
  0x00000213fc6557f0 JavaThread "Timer-17"                          [_thread_blocked, id=45952, stack(0x0000007f9af00000,0x0000007f9b000000) (1024K)]
  0x00000213fc655e80 JavaThread "Timer-18"                          [_thread_blocked, id=4028, stack(0x0000007f9b200000,0x0000007f9b300000) (1024K)]
  0x00000213fc653db0 JavaThread "Timer-19"                          [_thread_blocked, id=45980, stack(0x0000007f9b400000,0x0000007f9b500000) (1024K)]
  0x00000213fc654ad0 JavaThread "Timer-20"                          [_thread_blocked, id=45884, stack(0x0000007f9b500000,0x0000007f9b600000) (1024K)]
  0x00000213fc652a00 JavaThread "Timer-21"                          [_thread_blocked, id=45368, stack(0x0000007f9b600000,0x0000007f9b700000) (1024K)]
  0x00000213fc656510 JavaThread "Timer-22"                          [_thread_blocked, id=45504, stack(0x0000007f9b700000,0x0000007f9b800000) (1024K)]
  0x00000213fc653090 JavaThread "Timer-23"                          [_thread_blocked, id=37304, stack(0x0000007f9b800000,0x0000007f9b900000) (1024K)]
  0x00000213fc653720 JavaThread "Timer-24"                          [_thread_blocked, id=39572, stack(0x0000007f9b900000,0x0000007f9ba00000) (1024K)]
  0x00000213fc657230 JavaThread "Timer-25"                          [_thread_blocked, id=9436, stack(0x0000007f9ba00000,0x0000007f9bb00000) (1024K)]
  0x00000213fc6578c0 JavaThread "Timer-26"                          [_thread_blocked, id=41212, stack(0x0000007f9bb00000,0x0000007f9bc00000) (1024K)]
  0x00000213fc654440 JavaThread "Connection worker"                 [_thread_in_native, id=16960, stack(0x0000007f9bc00000,0x0000007f9bd00000) (1024K)]
Total: 78

Other Threads:
  0x00000213b0c44a40 VMThread "VM Thread"                           [id=45792, stack(0x0000007f96200000,0x0000007f96300000) (1024K)]
  0x00000213b0b3ca00 WatcherThread "VM Periodic Task Thread"        [id=45920, stack(0x0000007f96100000,0x0000007f96200000) (1024K)]
  0x000002139c892210 WorkerThread "GC Thread#0"                     [id=46068, stack(0x0000007f96000000,0x0000007f96100000) (1024K)]
  0x00000213f4484270 WorkerThread "GC Thread#1"                     [id=20824, stack(0x0000007f96f00000,0x0000007f97000000) (1024K)]
  0x00000213f426f760 WorkerThread "GC Thread#2"                     [id=43156, stack(0x0000007f97000000,0x0000007f97100000) (1024K)]
  0x00000213f90e7a20 WorkerThread "GC Thread#3"                     [id=3880, stack(0x0000007f97100000,0x0000007f97200000) (1024K)]
  0x00000213f90e7dc0 WorkerThread "GC Thread#4"                     [id=41036, stack(0x0000007f97200000,0x0000007f97300000) (1024K)]
  0x00000213f4285d30 WorkerThread "GC Thread#5"                     [id=20488, stack(0x0000007f97300000,0x0000007f97400000) (1024K)]
  0x00000213f42860d0 WorkerThread "GC Thread#6"                     [id=33000, stack(0x0000007f97400000,0x0000007f97500000) (1024K)]
  0x00000213f485ca10 WorkerThread "GC Thread#7"                     [id=38116, stack(0x0000007f97700000,0x0000007f97800000) (1024K)]
  0x00000213f92b43c0 WorkerThread "GC Thread#8"                     [id=26080, stack(0x0000007f97a00000,0x0000007f97b00000) (1024K)]
  0x00000213f95b2bb0 WorkerThread "GC Thread#9"                     [id=33996, stack(0x0000007f97b00000,0x0000007f97c00000) (1024K)]
Total: 12

Threads with active compile tasks:
C2 CompilerThread0  36935 9272   !   4       org.gradle.tooling.internal.provider.serialization.ClasspathInferer::find (364 bytes)
Total: 1

VM state: not at safepoint (normal execution)

VM Mutex/Monitor currently owned by a thread: None

Heap address: 0x00000000c0000000, size: 1024 MB, Compressed Oops mode: 32-bit

CDS archive(s) mapped at: [0x00000213b1000000-0x00000213b1ba0000-0x00000213b1ba0000), size 12189696, SharedBaseAddress: 0x00000213b1000000, ArchiveRelocationMode: 1.
Compressed class space mapped at: 0x00000213b2000000-0x00000213f2000000, reserved size: 1073741824
Narrow klass base: 0x00000213b1000000, Narrow klass shift: 0, Narrow klass range: 0x100000000

GC Precious Log:
 CardTable entry size: 512
 CPUs: 12 total, 12 available
 Memory: 7896M
 Large Page Support: Disabled
 NUMA Support: Disabled
 Compressed Oops: Enabled (32-bit)
 Alignments: Space 512K, Generation 512K, Heap 2M
 Heap Min Capacity: 100M
 Heap Initial Capacity: 100M
 Heap Max Capacity: 1G
 Pre-touch: Disabled
 Parallel Workers: 10

Heap:
 PSYoungGen      total 4096K, used 2377K [0x00000000eab00000, 0x00000000eb300000, 0x0000000100000000)
  eden space 3584K, 57% used [0x00000000eab00000,0x00000000ead02488,0x00000000eae80000)
  from space 512K, 62% used [0x00000000eb280000,0x00000000eb2d0000,0x00000000eb300000)
  to   space 512K, 0% used [0x00000000eb200000,0x00000000eb200000,0x00000000eb280000)
 ParOldGen       total 443904K, used 443836K [0x00000000c0000000, 0x00000000db180000, 0x00000000eab00000)
  object space 443904K, 99% used [0x00000000c0000000,0x00000000db16f1a0,0x00000000db180000)
 Metaspace       used 72496K, committed 74112K, reserved 1114112K
  class space    used 9085K, committed 9792K, reserved 1048576K

Card table byte_map: [0x000002139c210000,0x000002139c420000] _byte_map_base: 0x000002139bc10000

Marking Bits: (ParMarkBitMap*) 0x00007ffefc3231f0
 Begin Bits: [0x00000213aea60000, 0x00000213afa60000)
 End Bits:   [0x00000213afa60000, 0x00000213b0a60000)

Polling page: 0x000002139a7d0000

Metaspace:

Usage:
  Non-class:     61.92 MB used.
      Class:      8.87 MB used.
       Both:     70.80 MB used.

Virtual space:
  Non-class space:       64.00 MB reserved,      62.81 MB ( 98%) committed,  1 nodes.
      Class space:        1.00 GB reserved,       9.56 MB ( <1%) committed,  1 nodes.
             Both:        1.06 GB reserved,      72.38 MB (  7%) committed. 

Chunk freelists:
   Non-Class:  368.00 KB
       Class:  6.47 MB
        Both:  6.83 MB

MaxMetaspaceSize: unlimited
CompressedClassSpaceSize: 1.00 GB
Initial GC threshold: 21.00 MB
Current GC threshold: 97.31 MB
CDS: on
 - commit_granule_bytes: 65536.
 - commit_granule_words: 8192.
 - virtual_space_node_default_size: 8388608.
 - enlarge_chunks_in_place: 1.
 - use_allocation_guard: 0.


Internal statistics:

num_allocs_failed_limit: 11.
num_arena_births: 1372.
num_arena_deaths: 14.
num_vsnodes_births: 2.
num_vsnodes_deaths: 0.
num_space_committed: 1158.
num_space_uncommitted: 0.
num_chunks_returned_to_freelist: 25.
num_chunks_taken_from_freelist: 4683.
num_chunk_merges: 15.
num_chunk_splits: 2961.
num_chunks_enlarged: 1753.
num_inconsistent_stats: 0.

CodeHeap 'non-profiled nmethods': size=120000Kb used=7463Kb max_used=7463Kb free=112536Kb
 bounds [0x00000213a7530000, 0x00000213a7c80000, 0x00000213aea60000]
CodeHeap 'profiled nmethods': size=120000Kb used=17778Kb max_used=17778Kb free=102221Kb
 bounds [0x000002139fa60000, 0x00000213a0bc0000, 0x00000213a6f90000]
CodeHeap 'non-nmethods': size=5760Kb used=1406Kb max_used=1465Kb free=4353Kb
 bounds [0x00000213a6f90000, 0x00000213a7200000, 0x00000213a7530000]
 total_blobs=9282 nmethods=8567 adapters=621
 compilation: enabled
              stopped_count=0, restarted_count=0
 full_count=0

Compilation events (20 events):
Event: 35.606 Thread 0x000002139c92bc70 9271       3       com.google.common.io.ByteStreams::toByteArrayInternal (152 bytes)
Event: 35.607 Thread 0x000002139c92bc70 nmethod 9271 0x00000213a0bb1b90 code [0x00000213a0bb1e20, 0x00000213a0bb29f8]
Event: 35.608 Thread 0x000002139c92b1e0 9272   !   4       org.gradle.tooling.internal.provider.serialization.ClasspathInferer::find (364 bytes)
Event: 35.612 Thread 0x000002139c92bc70 9273       3       java.net.URL::equals (27 bytes)
Event: 35.613 Thread 0x000002139c92bc70 nmethod 9273 0x00000213a0bb2e10 code [0x00000213a0bb2fe0, 0x00000213a0bb3418]
Event: 35.613 Thread 0x000002139c92bc70 9274       3       java.net.URLStreamHandler::equals (29 bytes)
Event: 35.613 Thread 0x000002139c92bc70 nmethod 9274 0x00000213a0bb3510 code [0x00000213a0bb36e0, 0x00000213a0bb3af0]
Event: 35.613 Thread 0x000002139c92bc70 9275       3       java.net.URLStreamHandler::sameFile (136 bytes)
Event: 35.614 Thread 0x000002139c92bc70 nmethod 9275 0x00000213a0bb3c90 code [0x00000213a0bb3ee0, 0x00000213a0bb4710]
Event: 35.614 Thread 0x000002139c92bc70 9276       3       java.net.URLStreamHandler::hashCode (131 bytes)
Event: 35.615 Thread 0x000002139c92bc70 nmethod 9276 0x00000213a0bb4910 code [0x00000213a0bb4b80, 0x00000213a0bb5408]
Event: 35.616 Thread 0x000002139c92bc70 9277       3       sun.net.www.protocol.file.Handler::hostsEqual (65 bytes)
Event: 35.617 Thread 0x000002139c92bc70 nmethod 9277 0x00000213a0bb5790 code [0x00000213a0bb59a0, 0x00000213a0bb5ee0]
Event: 35.617 Thread 0x000002139c92bc70 9278       3       java.net.URLStreamHandler::hostsEqual (75 bytes)
Event: 35.617 Thread 0x000002139c92bc70 nmethod 9278 0x00000213a0bb6110 code [0x00000213a0bb6320, 0x00000213a0bb6920]
Event: 35.643 Thread 0x000002139c92bc70 9280   !   3       org.gradle.internal.classloader.ClasspathUtil::getClasspathForClass (137 bytes)
Event: 35.647 Thread 0x000002139c92bc70 nmethod 9280 0x00000213a0bb6b10 code [0x00000213a0bb6f40, 0x00000213a0bb8840]
Event: 35.668 Thread 0x000002139c92bc70 9281       3       com.google.common.io.ByteStreams::combineBuffers (92 bytes)
Event: 35.669 Thread 0x000002139c92bc70 nmethod 9281 0x00000213a0bb9610 code [0x00000213a0bb9840, 0x00000213a0bba138]
Event: 36.625 Thread 0x000002139c92bc70 9285       3       org.eclipse.core.internal.jobs.DeadlockDetector::indexOf (43 bytes)

GC Heap History (20 events):
Event: 34.434 GC heap before
{Heap before GC invocations=443 (full 3):
 PSYoungGen      total 4096K, used 4001K [0x00000000eab00000, 0x00000000eb400000, 0x0000000100000000)
  eden space 3584K, 100% used [0x00000000eab00000,0x00000000eae80000,0x00000000eae80000)
  from space 512K, 81% used [0x00000000eb280000,0x00000000eb2e84c0,0x00000000eb300000)
  to   space 1024K, 0% used [0x00000000eb300000,0x00000000eb300000,0x00000000eb400000)
 ParOldGen       total 442368K, used 441962K [0x00000000c0000000, 0x00000000db000000, 0x00000000eab00000)
  object space 442368K, 99% used [0x00000000c0000000,0x00000000daf9a868,0x00000000db000000)
 Metaspace       used 72099K, committed 73728K, reserved 1114112K
  class space    used 9062K, committed 9792K, reserved 1048576K
}
Event: 34.435 GC heap after
{Heap after GC invocations=443 (full 3):
 PSYoungGen      total 4096K, used 192K [0x00000000eab00000, 0x00000000eb380000, 0x0000000100000000)
  eden space 3584K, 0% used [0x00000000eab00000,0x00000000eab00000,0x00000000eae80000)
  from space 512K, 37% used [0x00000000eb300000,0x00000000eb330000,0x00000000eb380000)
  to   space 512K, 0% used [0x00000000eb280000,0x00000000eb280000,0x00000000eb300000)
 ParOldGen       total 442368K, used 442248K [0x00000000c0000000, 0x00000000db000000, 0x00000000eab00000)
  object space 442368K, 99% used [0x00000000c0000000,0x00000000dafe2118,0x00000000db000000)
 Metaspace       used 72099K, committed 73728K, reserved 1114112K
  class space    used 9062K, committed 9792K, reserved 1048576K
}
Event: 34.780 GC heap before
{Heap before GC invocations=444 (full 3):
 PSYoungGen      total 4096K, used 3776K [0x00000000eab00000, 0x00000000eb380000, 0x0000000100000000)
  eden space 3584K, 100% used [0x00000000eab00000,0x00000000eae80000,0x00000000eae80000)
  from space 512K, 37% used [0x00000000eb300000,0x00000000eb330000,0x00000000eb380000)
  to   space 512K, 0% used [0x00000000eb280000,0x00000000eb280000,0x00000000eb300000)
 ParOldGen       total 442368K, used 442248K [0x00000000c0000000, 0x00000000db000000, 0x00000000eab00000)
  object space 442368K, 99% used [0x00000000c0000000,0x00000000dafe2118,0x00000000db000000)
 Metaspace       used 72232K, committed 73792K, reserved 1114112K
  class space    used 9073K, committed 9792K, reserved 1048576K
}
Event: 34.781 GC heap after
{Heap after GC invocations=444 (full 3):
 PSYoungGen      total 4096K, used 288K [0x00000000eab00000, 0x00000000eb380000, 0x0000000100000000)
  eden space 3584K, 0% used [0x00000000eab00000,0x00000000eab00000,0x00000000eae80000)
  from space 512K, 56% used [0x00000000eb280000,0x00000000eb2c8000,0x00000000eb300000)
  to   space 512K, 0% used [0x00000000eb300000,0x00000000eb300000,0x00000000eb380000)
 ParOldGen       total 442368K, used 442312K [0x00000000c0000000, 0x00000000db000000, 0x00000000eab00000)
  object space 442368K, 99% used [0x00000000c0000000,0x00000000daff2118,0x00000000db000000)
 Metaspace       used 72232K, committed 73792K, reserved 1114112K
  class space    used 9073K, committed 9792K, reserved 1048576K
}
Event: 35.170 GC heap before
{Heap before GC invocations=445 (full 3):
 PSYoungGen      total 4096K, used 3869K [0x00000000eab00000, 0x00000000eb380000, 0x0000000100000000)
  eden space 3584K, 99% used [0x00000000eab00000,0x00000000eae7f498,0x00000000eae80000)
  from space 512K, 56% used [0x00000000eb280000,0x00000000eb2c8000,0x00000000eb300000)
  to   space 512K, 0% used [0x00000000eb300000,0x00000000eb300000,0x00000000eb380000)
 ParOldGen       total 442368K, used 442312K [0x00000000c0000000, 0x00000000db000000, 0x00000000eab00000)
  object space 442368K, 99% used [0x00000000c0000000,0x00000000daff2118,0x00000000db000000)
 Metaspace       used 72282K, committed 73856K, reserved 1114112K
  class space    used 9075K, committed 9792K, reserved 1048576K
}
Event: 35.172 GC heap after
{Heap after GC invocations=445 (full 3):
 PSYoungGen      total 4096K, used 338K [0x00000000eab00000, 0x00000000eb380000, 0x0000000100000000)
  eden space 3584K, 0% used [0x00000000eab00000,0x00000000eab00000,0x00000000eae80000)
  from space 512K, 66% used [0x00000000eb300000,0x00000000eb354a80,0x00000000eb380000)
  to   space 512K, 0% used [0x00000000eb280000,0x00000000eb280000,0x00000000eb300000)
 ParOldGen       total 442880K, used 442376K [0x00000000c0000000, 0x00000000db080000, 0x00000000eab00000)
  object space 442880K, 99% used [0x00000000c0000000,0x00000000db002118,0x00000000db080000)
 Metaspace       used 72282K, committed 73856K, reserved 1114112K
  class space    used 9075K, committed 9792K, reserved 1048576K
}
Event: 35.341 GC heap before
{Heap before GC invocations=446 (full 3):
 PSYoungGen      total 4096K, used 3922K [0x00000000eab00000, 0x00000000eb380000, 0x0000000100000000)
  eden space 3584K, 100% used [0x00000000eab00000,0x00000000eae80000,0x00000000eae80000)
  from space 512K, 66% used [0x00000000eb300000,0x00000000eb354a80,0x00000000eb380000)
  to   space 512K, 0% used [0x00000000eb280000,0x00000000eb280000,0x00000000eb300000)
 ParOldGen       total 442880K, used 442376K [0x00000000c0000000, 0x00000000db080000, 0x00000000eab00000)
  object space 442880K, 99% used [0x00000000c0000000,0x00000000db002118,0x00000000db080000)
 Metaspace       used 72300K, committed 73920K, reserved 1114112K
  class space    used 9075K, committed 9792K, reserved 1048576K
}
Event: 35.343 GC heap after
{Heap after GC invocations=446 (full 3):
 PSYoungGen      total 4096K, used 224K [0x00000000eab00000, 0x00000000eb380000, 0x0000000100000000)
  eden space 3584K, 0% used [0x00000000eab00000,0x00000000eab00000,0x00000000eae80000)
  from space 512K, 43% used [0x00000000eb280000,0x00000000eb2b8000,0x00000000eb300000)
  to   space 512K, 0% used [0x00000000eb300000,0x00000000eb300000,0x00000000eb380000)
 ParOldGen       total 442880K, used 442482K [0x00000000c0000000, 0x00000000db080000, 0x00000000eab00000)
  object space 442880K, 99% used [0x00000000c0000000,0x00000000db01cb98,0x00000000db080000)
 Metaspace       used 72300K, committed 73920K, reserved 1114112K
  class space    used 9075K, committed 9792K, reserved 1048576K
}
Event: 35.522 GC heap before
{Heap before GC invocations=447 (full 3):
 PSYoungGen      total 4096K, used 3808K [0x00000000eab00000, 0x00000000eb380000, 0x0000000100000000)
  eden space 3584K, 100% used [0x00000000eab00000,0x00000000eae80000,0x00000000eae80000)
  from space 512K, 43% used [0x00000000eb280000,0x00000000eb2b8000,0x00000000eb300000)
  to   space 512K, 0% used [0x00000000eb300000,0x00000000eb300000,0x00000000eb380000)
 ParOldGen       total 442880K, used 442482K [0x00000000c0000000, 0x00000000db080000, 0x00000000eab00000)
  object space 442880K, 99% used [0x00000000c0000000,0x00000000db01cb98,0x00000000db080000)
 Metaspace       used 72475K, committed 74048K, reserved 1114112K
  class space    used 9085K, committed 9792K, reserved 1048576K
}
Event: 35.523 GC heap after
{Heap after GC invocations=447 (full 3):
 PSYoungGen      total 4096K, used 470K [0x00000000eab00000, 0x00000000eb380000, 0x0000000100000000)
  eden space 3584K, 0% used [0x00000000eab00000,0x00000000eab00000,0x00000000eae80000)
  from space 512K, 91% used [0x00000000eb300000,0x00000000eb375ba8,0x00000000eb380000)
  to   space 1024K, 0% used [0x00000000eb180000,0x00000000eb180000,0x00000000eb280000)
 ParOldGen       total 442880K, used 442546K [0x00000000c0000000, 0x00000000db080000, 0x00000000eab00000)
  object space 442880K, 99% used [0x00000000c0000000,0x00000000db02cb98,0x00000000db080000)
 Metaspace       used 72475K, committed 74048K, reserved 1114112K
  class space    used 9085K, committed 9792K, reserved 1048576K
}
Event: 35.599 GC heap before
{Heap before GC invocations=448 (full 3):
 PSYoungGen      total 4096K, used 4054K [0x00000000eab00000, 0x00000000eb380000, 0x0000000100000000)
  eden space 3584K, 100% used [0x00000000eab00000,0x00000000eae80000,0x00000000eae80000)
  from space 512K, 91% used [0x00000000eb300000,0x00000000eb375ba8,0x00000000eb380000)
  to   space 1024K, 0% used [0x00000000eb180000,0x00000000eb180000,0x00000000eb280000)
 ParOldGen       total 442880K, used 442546K [0x00000000c0000000, 0x00000000db080000, 0x00000000eab00000)
  object space 442880K, 99% used [0x00000000c0000000,0x00000000db02cb98,0x00000000db080000)
 Metaspace       used 72483K, committed 74048K, reserved 1114112K
  class space    used 9085K, committed 9792K, reserved 1048576K
}
Event: 35.600 GC heap after
{Heap after GC invocations=448 (full 3):
 PSYoungGen      total 4608K, used 642K [0x00000000eab00000, 0x00000000eb380000, 0x0000000100000000)
  eden space 3584K, 0% used [0x00000000eab00000,0x00000000eab00000,0x00000000eae80000)
  from space 1024K, 62% used [0x00000000eb180000,0x00000000eb2208e0,0x00000000eb280000)
  to   space 1024K, 0% used [0x00000000eb280000,0x00000000eb280000,0x00000000eb380000)
 ParOldGen       total 442880K, used 442723K [0x00000000c0000000, 0x00000000db080000, 0x00000000eab00000)
  object space 442880K, 99% used [0x00000000c0000000,0x00000000db058d10,0x00000000db080000)
 Metaspace       used 72483K, committed 74048K, reserved 1114112K
  class space    used 9085K, committed 9792K, reserved 1048576K
}
Event: 35.665 GC heap before
{Heap before GC invocations=449 (full 3):
 PSYoungGen      total 4608K, used 4218K [0x00000000eab00000, 0x00000000eb380000, 0x0000000100000000)
  eden space 3584K, 99% used [0x00000000eab00000,0x00000000eae7e108,0x00000000eae80000)
  from space 1024K, 62% used [0x00000000eb180000,0x00000000eb2208e0,0x00000000eb280000)
  to   space 1024K, 0% used [0x00000000eb280000,0x00000000eb280000,0x00000000eb380000)
 ParOldGen       total 442880K, used 442723K [0x00000000c0000000, 0x00000000db080000, 0x00000000eab00000)
  object space 442880K, 99% used [0x00000000c0000000,0x00000000db058d10,0x00000000db080000)
 Metaspace       used 72493K, committed 74048K, reserved 1114112K
  class space    used 9085K, committed 9792K, reserved 1048576K
}
Event: 35.667 GC heap after
{Heap after GC invocations=449 (full 3):
 PSYoungGen      total 4096K, used 460K [0x00000000eab00000, 0x00000000eb300000, 0x0000000100000000)
  eden space 3584K, 0% used [0x00000000eab00000,0x00000000eab00000,0x00000000eae80000)
  from space 512K, 89% used [0x00000000eb280000,0x00000000eb2f3170,0x00000000eb300000)
  to   space 1024K, 0% used [0x00000000eb100000,0x00000000eb100000,0x00000000eb200000)
 ParOldGen       total 443392K, used 443318K [0x00000000c0000000, 0x00000000db100000, 0x00000000eab00000)
  object space 443392K, 99% used [0x00000000c0000000,0x00000000db0ed9c8,0x00000000db100000)
 Metaspace       used 72493K, committed 74048K, reserved 1114112K
  class space    used 9085K, committed 9792K, reserved 1048576K
}
Event: 35.713 GC heap before
{Heap before GC invocations=450 (full 3):
 PSYoungGen      total 4096K, used 4044K [0x00000000eab00000, 0x00000000eb300000, 0x0000000100000000)
  eden space 3584K, 100% used [0x00000000eab00000,0x00000000eae80000,0x00000000eae80000)
  from space 512K, 89% used [0x00000000eb280000,0x00000000eb2f3170,0x00000000eb300000)
  to   space 1024K, 0% used [0x00000000eb100000,0x00000000eb100000,0x00000000eb200000)
 ParOldGen       total 443392K, used 443318K [0x00000000c0000000, 0x00000000db100000, 0x00000000eab00000)
  object space 443392K, 99% used [0x00000000c0000000,0x00000000db0ed9c8,0x00000000db100000)
 Metaspace       used 72493K, committed 74048K, reserved 1114112K
  class space    used 9085K, committed 9792K, reserved 1048576K
}
Event: 35.714 GC heap after
{Heap after GC invocations=450 (full 3):
 PSYoungGen      total 4608K, used 375K [0x00000000eab00000, 0x00000000eb300000, 0x0000000100000000)
  eden space 3584K, 0% used [0x00000000eab00000,0x00000000eab00000,0x00000000eae80000)
  from space 1024K, 36% used [0x00000000eb100000,0x00000000eb15dc80,0x00000000eb200000)
  to   space 512K, 0% used [0x00000000eb280000,0x00000000eb280000,0x00000000eb300000)
 ParOldGen       total 443904K, used 443628K [0x00000000c0000000, 0x00000000db180000, 0x00000000eab00000)
  object space 443904K, 99% used [0x00000000c0000000,0x00000000db13b190,0x00000000db180000)
 Metaspace       used 72493K, committed 74048K, reserved 1114112K
  class space    used 9085K, committed 9792K, reserved 1048576K
}
Event: 35.770 GC heap before
{Heap before GC invocations=451 (full 3):
 PSYoungGen      total 4608K, used 3959K [0x00000000eab00000, 0x00000000eb300000, 0x0000000100000000)
  eden space 3584K, 100% used [0x00000000eab00000,0x00000000eae80000,0x00000000eae80000)
  from space 1024K, 36% used [0x00000000eb100000,0x00000000eb15dc80,0x00000000eb200000)
  to   space 512K, 0% used [0x00000000eb280000,0x00000000eb280000,0x00000000eb300000)
 ParOldGen       total 443904K, used 443628K [0x00000000c0000000, 0x00000000db180000, 0x00000000eab00000)
  object space 443904K, 99% used [0x00000000c0000000,0x00000000db13b190,0x00000000db180000)
 Metaspace       used 72493K, committed 74048K, reserved 1114112K
  class space    used 9085K, committed 9792K, reserved 1048576K
}
Event: 35.772 GC heap after
{Heap after GC invocations=451 (full 3):
 PSYoungGen      total 4096K, used 294K [0x00000000eab00000, 0x00000000eb300000, 0x0000000100000000)
  eden space 3584K, 0% used [0x00000000eab00000,0x00000000eab00000,0x00000000eae80000)
  from space 512K, 57% used [0x00000000eb280000,0x00000000eb2c9a00,0x00000000eb300000)
  to   space 512K, 0% used [0x00000000eb200000,0x00000000eb200000,0x00000000eb280000)
 ParOldGen       total 443904K, used 443684K [0x00000000c0000000, 0x00000000db180000, 0x00000000eab00000)
  object space 443904K, 99% used [0x00000000c0000000,0x00000000db149190,0x00000000db180000)
 Metaspace       used 72493K, committed 74048K, reserved 1114112K
  class space    used 9085K, committed 9792K, reserved 1048576K
}
Event: 35.827 GC heap before
{Heap before GC invocations=452 (full 3):
 PSYoungGen      total 4096K, used 3878K [0x00000000eab00000, 0x00000000eb300000, 0x0000000100000000)
  eden space 3584K, 100% used [0x00000000eab00000,0x00000000eae80000,0x00000000eae80000)
  from space 512K, 57% used [0x00000000eb280000,0x00000000eb2c9a00,0x00000000eb300000)
  to   space 512K, 0% used [0x00000000eb200000,0x00000000eb200000,0x00000000eb280000)
 ParOldGen       total 443904K, used 443684K [0x00000000c0000000, 0x00000000db180000, 0x00000000eab00000)
  object space 443904K, 99% used [0x00000000c0000000,0x00000000db149190,0x00000000db180000)
 Metaspace       used 72493K, committed 74048K, reserved 1114112K
  class space    used 9085K, committed 9792K, reserved 1048576K
}
Event: 35.829 GC heap after
{Heap after GC invocations=452 (full 3):
 PSYoungGen      total 4096K, used 288K [0x00000000eab00000, 0x00000000eb300000, 0x0000000100000000)
  eden space 3584K, 0% used [0x00000000eab00000,0x00000000eab00000,0x00000000eae80000)
  from space 512K, 56% used [0x00000000eb200000,0x00000000eb248000,0x00000000eb280000)
  to   space 512K, 0% used [0x00000000eb280000,0x00000000eb280000,0x00000000eb300000)
 ParOldGen       total 443904K, used 443748K [0x00000000c0000000, 0x00000000db180000, 0x00000000eab00000)
  object space 443904K, 99% used [0x00000000c0000000,0x00000000db159190,0x00000000db180000)
 Metaspace       used 72493K, committed 74048K, reserved 1114112K
  class space    used 9085K, committed 9792K, reserved 1048576K
}

Dll operation events (16 events):
Event: 0.033 Loaded shared library c:\Users\jasur\.vscode\extensions\redhat.java-1.42.0-win32-x64\jre\21.0.7-win32-x86_64\bin\java.dll
Event: 0.101 Loaded shared library c:\Users\jasur\.vscode\extensions\redhat.java-1.42.0-win32-x64\jre\21.0.7-win32-x86_64\bin\zip.dll
Event: 0.172 Loaded shared library C:\Users\jasur\.vscode\extensions\redhat.java-1.42.0-win32-x64\jre\21.0.7-win32-x86_64\bin\instrument.dll
Event: 0.180 Loaded shared library C:\Users\jasur\.vscode\extensions\redhat.java-1.42.0-win32-x64\jre\21.0.7-win32-x86_64\bin\net.dll
Event: 0.186 Loaded shared library C:\Users\jasur\.vscode\extensions\redhat.java-1.42.0-win32-x64\jre\21.0.7-win32-x86_64\bin\nio.dll
Event: 0.190 Loaded shared library C:\Users\jasur\.vscode\extensions\redhat.java-1.42.0-win32-x64\jre\21.0.7-win32-x86_64\bin\zip.dll
Event: 0.216 Loaded shared library C:\Users\jasur\.vscode\extensions\redhat.java-1.42.0-win32-x64\jre\21.0.7-win32-x86_64\bin\jimage.dll
Event: 0.339 Loaded shared library c:\Users\jasur\.vscode\extensions\redhat.java-1.42.0-win32-x64\jre\21.0.7-win32-x86_64\bin\verify.dll
Event: 2.235 Loaded shared library C:\Users\jasur\AppData\Roaming\Code\User\globalStorage\redhat.java\1.42.0\config_win\org.eclipse.equinox.launcher\org.eclipse.equinox.launcher.win32.win32.x86_64_1.2.1300.v20250331-1702\eclipse_11911.dll
Event: 5.034 Loaded shared library C:\Users\jasur\AppData\Local\Temp\jna-100897209\jna11906355731746804355.dll
Event: 9.897 Loaded shared library C:\Users\jasur\.gradle\native\c067742578af261105cb4f569cf0c3c89f3d7b1fecec35dd04571415982c5e48\windows-amd64\native-platform.dll
Event: 14.299 Loaded shared library C:\Users\jasur\.vscode\extensions\redhat.java-1.42.0-win32-x64\jre\21.0.7-win32-x86_64\bin\management.dll
Event: 14.322 Loaded shared library C:\Users\jasur\.vscode\extensions\redhat.java-1.42.0-win32-x64\jre\21.0.7-win32-x86_64\bin\management_ext.dll
Event: 16.623 Loaded shared library C:\Users\jasur\.gradle\native\c067742578af261105cb4f569cf0c3c89f3d7b1fecec35dd04571415982c5e48\windows-amd64-min\native-platform.dll
Event: 26.689 Loaded shared library C:\Users\jasur\.vscode\extensions\redhat.java-1.42.0-win32-x64\jre\21.0.7-win32-x86_64\bin\extnet.dll
Event: 26.887 Loaded shared library C:\Users\jasur\.vscode\extensions\redhat.java-1.42.0-win32-x64\jre\21.0.7-win32-x86_64\bin\sunmscapi.dll

Deoptimization events (20 events):
Event: 34.531 Thread 0x00000213fc652a00 Uncommon trap: trap_request=0xffffffe4 fr.pc=0x00000213a7c518a8 relative=0x0000000000000208
Event: 34.531 Thread 0x00000213fc652a00 Uncommon trap: reason=range_check action=make_not_entrant pc=0x00000213a7c518a8 method=java.util.LinkedHashMap.keysToArray([Ljava/lang/Object;Z)[Ljava/lang/Object; @ 67 c2
Event: 34.531 Thread 0x00000213fc652a00 DEOPT PACKING pc=0x00000213a7c518a8 sp=0x0000007f9b6fefc0
Event: 34.531 Thread 0x00000213fc652a00 DEOPT UNPACKING pc=0x00000213a6fe3aa2 sp=0x0000007f9b6fef40 mode 2
Event: 34.582 Thread 0x00000213fc654440 Uncommon trap: trap_request=0xffffff45 fr.pc=0x00000213a7c3d280 relative=0x00000000000001a0
Event: 34.582 Thread 0x00000213fc654440 Uncommon trap: reason=unstable_if action=reinterpret pc=0x00000213a7c3d280 method=org.gradle.internal.io.StreamByteBuffer.prepareRead()I @ 4 c2
Event: 34.582 Thread 0x00000213fc654440 DEOPT PACKING pc=0x00000213a7c3d280 sp=0x0000007f9b7fe6b0
Event: 34.582 Thread 0x00000213fc654440 DEOPT UNPACKING pc=0x00000213a6fe3aa2 sp=0x0000007f9b7fe648 mode 2
Event: 35.165 Thread 0x00000213fc654440 Uncommon trap: trap_request=0xffffffde fr.pc=0x00000213a7c3b9f4 relative=0x0000000000000374
Event: 35.165 Thread 0x00000213fc654440 Uncommon trap: reason=class_check action=maybe_recompile pc=0x00000213a7c3b9f4 method=java.io.ObjectInputStream$PeekInputStream.read()I @ 23 c2
Event: 35.165 Thread 0x00000213fc654440 DEOPT PACKING pc=0x00000213a7c3b9f4 sp=0x0000007f9b7fd150
Event: 35.165 Thread 0x00000213fc654440 DEOPT UNPACKING pc=0x00000213a6fe3aa2 sp=0x0000007f9b7fd0d0 mode 2
Event: 35.167 Thread 0x00000213fc654440 Uncommon trap: trap_request=0xffffffde fr.pc=0x00000213a7c3c5cc relative=0x00000000000002ec
Event: 35.167 Thread 0x00000213fc654440 Uncommon trap: reason=class_check action=maybe_recompile pc=0x00000213a7c3c5cc method=java.io.ObjectInputStream$PeekInputStream.read()I @ 23 c2
Event: 35.167 Thread 0x00000213fc654440 DEOPT PACKING pc=0x00000213a7c3c5cc sp=0x0000007f9b7fca50
Event: 35.167 Thread 0x00000213fc654440 DEOPT UNPACKING pc=0x00000213a6fe3aa2 sp=0x0000007f9b7fca38 mode 2
Event: 35.592 Thread 0x00000213fc654440 DEOPT PACKING pc=0x00000213a0ba1d3b sp=0x0000007f9bcfa400
Event: 35.592 Thread 0x00000213fc654440 DEOPT UNPACKING pc=0x00000213a6fe4242 sp=0x0000007f9bcf9870 mode 0
Event: 35.602 Thread 0x00000213fc654440 DEOPT PACKING pc=0x00000213a0ba1d3b sp=0x0000007f9bcfab40
Event: 35.602 Thread 0x00000213fc654440 DEOPT UNPACKING pc=0x00000213a6fe4242 sp=0x0000007f9bcf9fb0 mode 0

Classes loaded (20 events):
Event: 33.094 Loading class sun/util/cldr/CLDRBaseLocaleDataMetaInfo$TZCanonicalIDMapHolder
Event: 33.096 Loading class sun/util/cldr/CLDRBaseLocaleDataMetaInfo$TZCanonicalIDMapHolder done
Event: 33.099 Loading class sun/util/resources/TimeZoneNames
Event: 33.101 Loading class sun/util/resources/TimeZoneNames done
Event: 33.103 Loading class sun/util/resources/TimeZoneNames_en
Event: 33.103 Loading class sun/util/resources/TimeZoneNames_en done
Event: 33.760 Loading class java/time/Ser
Event: 33.762 Loading class java/time/Ser done
Event: 33.980 Loading class java/net/UrlDeserializedState
Event: 33.981 Loading class java/net/UrlDeserializedState done
Event: 33.982 Loading class java/net/Proxy
Event: 33.982 Loading class java/net/Proxy done
Event: 34.158 Loading class java/lang/Throwable$PrintStreamOrWriter
Event: 34.158 Loading class java/lang/Throwable$PrintStreamOrWriter done
Event: 34.206 Loading class sun/misc/SharedSecrets
Event: 34.206 Loading class sun/misc/SharedSecrets done
Event: 34.207 Loading class java/lang/Throwable$WrappedPrintWriter
Event: 34.207 Loading class java/lang/Throwable$WrappedPrintWriter done
Event: 34.519 Loading class sun/nio/ch/ChannelOutputStream
Event: 34.520 Loading class sun/nio/ch/ChannelOutputStream done

Classes unloaded (7 events):
Event: 5.866 Thread 0x00000213b0c44a40 Unloading class 0x00000213b21a3800 'java/lang/invoke/LambdaForm$MH+0x00000213b21a3800'
Event: 5.866 Thread 0x00000213b0c44a40 Unloading class 0x00000213b21a3400 'java/lang/invoke/LambdaForm$MH+0x00000213b21a3400'
Event: 5.866 Thread 0x00000213b0c44a40 Unloading class 0x00000213b21a3000 'java/lang/invoke/LambdaForm$MH+0x00000213b21a3000'
Event: 5.866 Thread 0x00000213b0c44a40 Unloading class 0x00000213b21a2c00 'java/lang/invoke/LambdaForm$MH+0x00000213b21a2c00'
Event: 5.866 Thread 0x00000213b0c44a40 Unloading class 0x00000213b21a2800 'java/lang/invoke/LambdaForm$BMH+0x00000213b21a2800'
Event: 5.866 Thread 0x00000213b0c44a40 Unloading class 0x00000213b21a2400 'java/lang/invoke/LambdaForm$DMH+0x00000213b21a2400'
Event: 5.866 Thread 0x00000213b0c44a40 Unloading class 0x00000213b21a1400 'java/lang/invoke/LambdaForm$DMH+0x00000213b21a1400'

Classes redefined (0 events):
No events

Internal exceptions (20 events):
Event: 33.978 Thread 0x00000213fae97590 Exception <a 'java/lang/NoSuchMethodError'{0x00000000eab66d68}: static Lorg/gradle/internal/classloader/ClassLoaderSpec;.<clinit>()V> (0x00000000eab66d68) 
thrown [s\src\hotspot\share\prims\jni.cpp, line 1111]
Event: 33.980 Thread 0x00000213fae97590 Exception <a 'java/lang/NoSuchMethodError'{0x00000000eab780b8}: static Lorg/gradle/internal/classloader/VisitableURLClassLoader$Spec;.<clinit>()V> (0x00000000eab780b8) 
thrown [s\src\hotspot\share\prims\jni.cpp, line 1111]
Event: 34.007 Thread 0x00000213fae97590 Exception <a 'java/lang/NoSuchMethodError'{0x00000000eac688d8}: static [B.<clinit>()V> (0x00000000eac688d8) 
thrown [s\src\hotspot\share\prims\jni.cpp, line 1111]
Event: 34.162 Thread 0x00000213fae97590 Exception <a 'java/lang/NoSuchMethodError'{0x00000000eab7b1b8}: static Lorg/gradle/api/GradleException;.<clinit>()V> (0x00000000eab7b1b8) 
thrown [s\src\hotspot\share\prims\jni.cpp, line 1111]
Event: 34.163 Thread 0x00000213fae97590 Exception <a 'java/lang/NoSuchMethodError'{0x00000000eab7c538}: static Lorg/gradle/api/InvalidUserDataException;.<clinit>()V> (0x00000000eab7c538) 
thrown [s\src\hotspot\share\prims\jni.cpp, line 1111]
Event: 34.163 Thread 0x00000213fae97590 Exception <a 'java/lang/NoSuchMethodError'{0x00000000eab7d8e0}: static Lorg/gradle/api/plugins/UnknownPluginException;.<clinit>()V> (0x00000000eab7d8e0) 
thrown [s\src\hotspot\share\prims\jni.cpp, line 1111]
Event: 34.164 Thread 0x00000213fae97590 Exception <a 'java/lang/NoSuchMethodError'{0x00000000eab85ec8}: static [Ljava/lang/StackTraceElement;.<clinit>()V> (0x00000000eab85ec8) 
thrown [s\src\hotspot\share\prims\jni.cpp, line 1111]
Event: 34.169 Thread 0x00000213fae97590 Exception <a 'java/lang/NoSuchMethodError'{0x00000000eabcfa20}: static Lorg/gradle/api/GradleScriptException;.<clinit>()V> (0x00000000eabcfa20) 
thrown [s\src\hotspot\share\prims\jni.cpp, line 1111]
Event: 34.186 Thread 0x00000213fae97590 Exception <a 'java/lang/NoSuchMethodError'{0x00000000eac793b8}: static Lorg/gradle/internal/exceptions/DefaultMultiCauseException;.<clinit>()V> (0x00000000eac793b8) 
thrown [s\src\hotspot\share\prims\jni.cpp, line 1111]
Event: 34.186 Thread 0x00000213fae97590 Exception <a 'java/lang/NoSuchMethodError'{0x00000000eac7da78}: static Lorg/gradle/api/ProjectConfigurationException;.<clinit>()V> (0x00000000eac7da78) 
thrown [s\src\hotspot\share\prims\jni.cpp, line 1111]
Event: 34.189 Thread 0x00000213fae97590 Exception <a 'java/lang/NoSuchMethodError'{0x00000000eacbf3c0}: static Lorg/gradle/tooling/internal/protocol/InternalBuildActionFailureException;.<clinit>()V> (0x00000000eacbf3c0) 
thrown [s\src\hotspot\share\prims\jni.cpp, line 1111]
Event: 34.206 Thread 0x00000213f9bdf700 Exception <a 'java/lang/ClassNotFoundException'{0x00000000ead523b0}: sun/misc/SharedSecrets> (0x00000000ead523b0) 
thrown [s\src\hotspot\share\classfile\systemDictionary.cpp, line 312]
Event: 34.209 Thread 0x00000213f9bdf700 Exception <a 'java/lang/NoSuchMethodError'{0x00000000eadda780}: 'void java.lang.invoke.DirectMethodHandle$Holder.invokeStatic(java.lang.Object, int, java.lang.Object)'> (0x00000000eadda780) 
thrown [s\src\hotspot\share\interpreter\linkResolver.cpp, line 773]
Event: 34.211 Thread 0x00000213f9bdf700 Exception <a 'java/lang/NoSuchMethodError'{0x00000000eadea7c0}: 'void java.lang.invoke.DirectMethodHandle$Holder.invokeSpecialIFC(java.lang.Object, java.lang.Object, java.lang.Object, java.lang.Object)'> (0x00000000eadea7c0) 
thrown [s\src\hotspot\share\interpreter\linkResolver.cpp, line 773]
Event: 34.326 Thread 0x00000213f9bdf700 Exception <a 'sun/nio/fs/WindowsException'{0x00000000ead28090}> (0x00000000ead28090) 
thrown [s\src\hotspot\share\prims\jni.cpp, line 520]
Event: 34.355 Thread 0x00000213f9bdf700 Exception <a 'sun/nio/fs/WindowsException'{0x00000000ead357f8}> (0x00000000ead357f8) 
thrown [s\src\hotspot\share\prims\jni.cpp, line 520]
Event: 34.452 Thread 0x00000213f9bdf700 Exception <a 'sun/nio/fs/WindowsException'{0x00000000eab6ea38}> (0x00000000eab6ea38) 
thrown [s\src\hotspot\share\prims\jni.cpp, line 520]
Event: 34.582 Thread 0x00000213fc654440 Implicit null exception at 0x00000213a7c3d121 to 0x00000213a7c3d270
Event: 35.164 Thread 0x00000213fc654440 Exception <a 'java/lang/NoSuchMethodError'{0x00000000ead7b178}: static Lorg/gradle/api/IllegalDependencyNotation;.<clinit>()V> (0x00000000ead7b178) 
thrown [s\src\hotspot\share\prims\jni.cpp, line 1111]
Event: 35.272 Thread 0x00000213f9bdf700 Exception <a 'sun/nio/fs/WindowsException'{0x00000000ead9edb8}> (0x00000000ead9edb8) 
thrown [s\src\hotspot\share\prims\jni.cpp, line 520]

ZGC Phase Switch (0 events):
No events

VM Operations (20 events):
Event: 34.435 Executing VM operation: ParallelGCFailedAllocation (Allocation Failure) done
Event: 34.780 Executing VM operation: ParallelGCFailedAllocation (Allocation Failure)
Event: 34.781 Executing VM operation: ParallelGCFailedAllocation (Allocation Failure) done
Event: 35.170 Executing VM operation: ParallelGCFailedAllocation (Allocation Failure)
Event: 35.172 Executing VM operation: ParallelGCFailedAllocation (Allocation Failure) done
Event: 35.341 Executing VM operation: ParallelGCFailedAllocation (Allocation Failure)
Event: 35.343 Executing VM operation: ParallelGCFailedAllocation (Allocation Failure) done
Event: 35.522 Executing VM operation: ParallelGCFailedAllocation (Allocation Failure)
Event: 35.523 Executing VM operation: ParallelGCFailedAllocation (Allocation Failure) done
Event: 35.599 Executing VM operation: ParallelGCFailedAllocation (Allocation Failure)
Event: 35.600 Executing VM operation: ParallelGCFailedAllocation (Allocation Failure) done
Event: 35.665 Executing VM operation: ParallelGCFailedAllocation (Allocation Failure)
Event: 35.667 Executing VM operation: ParallelGCFailedAllocation (Allocation Failure) done
Event: 35.713 Executing VM operation: ParallelGCFailedAllocation (Allocation Failure)
Event: 35.714 Executing VM operation: ParallelGCFailedAllocation (Allocation Failure) done
Event: 35.770 Executing VM operation: ParallelGCFailedAllocation (Allocation Failure)
Event: 35.772 Executing VM operation: ParallelGCFailedAllocation (Allocation Failure) done
Event: 35.827 Executing VM operation: ParallelGCFailedAllocation (Allocation Failure)
Event: 35.829 Executing VM operation: ParallelGCFailedAllocation (Allocation Failure) done
Event: 36.842 Executing VM operation: Cleanup

Memory protections (0 events):
No events

Nmethod flushes (20 events):
Event: 16.744 Thread 0x00000213b0c44a40 flushing  nmethod 0x00000213a0282b90
Event: 16.744 Thread 0x00000213b0c44a40 flushing  nmethod 0x00000213a02a9990
Event: 16.744 Thread 0x00000213b0c44a40 flushing  nmethod 0x00000213a02ad410
Event: 16.744 Thread 0x00000213b0c44a40 flushing  nmethod 0x00000213a02d1310
Event: 16.744 Thread 0x00000213b0c44a40 flushing  nmethod 0x00000213a02ee110
Event: 16.744 Thread 0x00000213b0c44a40 flushing  nmethod 0x00000213a02ef010
Event: 16.744 Thread 0x00000213b0c44a40 flushing  nmethod 0x00000213a02f0090
Event: 16.744 Thread 0x00000213b0c44a40 flushing  nmethod 0x00000213a02f3590
Event: 16.744 Thread 0x00000213b0c44a40 flushing  nmethod 0x00000213a02f3910
Event: 16.744 Thread 0x00000213b0c44a40 flushing  nmethod 0x00000213a02f5190
Event: 16.744 Thread 0x00000213b0c44a40 flushing  nmethod 0x00000213a02f5610
Event: 16.744 Thread 0x00000213b0c44a40 flushing  nmethod 0x00000213a02f7a90
Event: 16.744 Thread 0x00000213b0c44a40 flushing  nmethod 0x00000213a02fa610
Event: 16.744 Thread 0x00000213b0c44a40 flushing  nmethod 0x00000213a0302210
Event: 16.744 Thread 0x00000213b0c44a40 flushing  nmethod 0x00000213a0308710
Event: 16.744 Thread 0x00000213b0c44a40 flushing  nmethod 0x00000213a031d090
Event: 16.744 Thread 0x00000213b0c44a40 flushing  nmethod 0x00000213a032ee10
Event: 16.744 Thread 0x00000213b0c44a40 flushing osr nmethod 0x00000213a035bf90
Event: 16.744 Thread 0x00000213b0c44a40 flushing  nmethod 0x00000213a0371e10
Event: 16.744 Thread 0x00000213b0c44a40 flushing  nmethod 0x00000213a0373710

Events (20 events):
Event: 34.530 Thread 0x00000213f9bdf700 Thread added: 0x00000213fc654ad0
Event: 34.531 Thread 0x00000213f9bdf700 Thread added: 0x00000213fc652a00
Event: 34.550 Thread 0x00000213fc652a00 Thread exited: 0x00000213fc652a00
Event: 34.551 Thread 0x00000213f9bdf700 Thread added: 0x00000213fc652a00
Event: 34.551 Thread 0x00000213f9bdf700 Thread added: 0x00000213fc654440
Event: 34.598 Thread 0x00000213fc654440 Thread added: 0x00000213fc653090
Event: 35.158 Thread 0x00000213fc653090 Thread exited: 0x00000213fc653090
Event: 35.168 Thread 0x00000213fc654440 Thread exited: 0x00000213fc654440
Event: 35.229 Thread 0x00000213f9bdf700 Thread added: 0x00000213fc656510
Event: 35.230 Thread 0x00000213f9bdf700 Thread added: 0x00000213fc654440
Event: 35.270 Thread 0x00000213fc654440 Thread exited: 0x00000213fc654440
Event: 35.294 Thread 0x00000213f9bdf700 Thread added: 0x00000213fc653090
Event: 35.298 Thread 0x00000213f9bdf700 Thread added: 0x00000213fc656ba0
Event: 35.328 Thread 0x00000213fc656ba0 Thread exited: 0x00000213fc656ba0
Event: 35.330 Thread 0x00000213f9bdf700 Thread added: 0x00000213fc653720
Event: 35.423 Thread 0x00000213f9bdf700 Thread added: 0x00000213fc657230
Event: 35.425 Thread 0x00000213f9bdf700 Thread added: 0x00000213fc6578c0
Event: 35.442 Thread 0x00000213fc6578c0 Thread exited: 0x00000213fc6578c0
Event: 35.442 Thread 0x00000213f9bdf700 Thread added: 0x00000213fc6578c0
Event: 35.444 Thread 0x00000213f9bdf700 Thread added: 0x00000213fc654440


Dynamic libraries:
0x00007ff755d00000 - 0x00007ff755d0e000 	c:\Users\jasur\.vscode\extensions\redhat.java-1.42.0-win32-x64\jre\21.0.7-win32-x86_64\bin\java.exe
0x00007fffc2cc0000 - 0x00007fffc2f26000 	C:\Windows\SYSTEM32\ntdll.dll
0x00007fffc1920000 - 0x00007fffc19e9000 	C:\Windows\System32\KERNEL32.DLL
0x00007fffc00b0000 - 0x00007fffc047c000 	C:\Windows\System32\KERNELBASE.dll
0x00007fffbff60000 - 0x00007fffc00ab000 	C:\Windows\System32\ucrtbase.dll
0x00007fffae790000 - 0x00007fffae7ae000 	c:\Users\jasur\.vscode\extensions\redhat.java-1.42.0-win32-x64\jre\21.0.7-win32-x86_64\bin\VCRUNTIME140.dll
0x00007fffadc60000 - 0x00007fffadc78000 	c:\Users\jasur\.vscode\extensions\redhat.java-1.42.0-win32-x64\jre\21.0.7-win32-x86_64\bin\jli.dll
0x00007fffc1d90000 - 0x00007fffc1f5a000 	C:\Windows\System32\USER32.dll
0x00007fff9b260000 - 0x00007fff9b4fa000 	C:\Windows\WinSxS\amd64_microsoft.windows.common-controls_6595b64144ccf1df_6.0.26100.3912_none_3e07963ce335137e\COMCTL32.dll
0x00007fffbff30000 - 0x00007fffbff57000 	C:\Windows\System32\win32u.dll
0x00007fffc1460000 - 0x00007fffc148b000 	C:\Windows\System32\GDI32.dll
0x00007fffc2740000 - 0x00007fffc27e9000 	C:\Windows\System32\msvcrt.dll
0x00007fffc0480000 - 0x00007fffc05b2000 	C:\Windows\System32\gdi32full.dll
0x00007fffbfe80000 - 0x00007fffbff23000 	C:\Windows\System32\msvcp_win.dll
0x00007fffc1490000 - 0x00007fffc14c0000 	C:\Windows\System32\IMM32.DLL
0x00007fffbc920000 - 0x00007fffbc92c000 	c:\Users\jasur\.vscode\extensions\redhat.java-1.42.0-win32-x64\jre\21.0.7-win32-x86_64\bin\vcruntime140_1.dll
0x00007fff65d40000 - 0x00007fff65dcd000 	c:\Users\jasur\.vscode\extensions\redhat.java-1.42.0-win32-x64\jre\21.0.7-win32-x86_64\bin\msvcp140.dll
0x00007ffefb670000 - 0x00007ffefc400000 	c:\Users\jasur\.vscode\extensions\redhat.java-1.42.0-win32-x64\jre\21.0.7-win32-x86_64\bin\server\jvm.dll
0x00007fffc22f0000 - 0x00007fffc23a2000 	C:\Windows\System32\ADVAPI32.dll
0x00007fffc14d0000 - 0x00007fffc1576000 	C:\Windows\System32\sechost.dll
0x00007fffc0ab0000 - 0x00007fffc0bc6000 	C:\Windows\System32\RPCRT4.dll
0x00007fffc1a50000 - 0x00007fffc1ac4000 	C:\Windows\System32\WS2_32.dll
0x00007fffbfd20000 - 0x00007fffbfd7e000 	C:\Windows\SYSTEM32\POWRPROF.dll
0x00007fffaaf70000 - 0x00007fffaaf7b000 	C:\Windows\SYSTEM32\VERSION.dll
0x00007fffb5110000 - 0x00007fffb5146000 	C:\Windows\SYSTEM32\WINMM.dll
0x00007fffbfd00000 - 0x00007fffbfd14000 	C:\Windows\SYSTEM32\UMPDC.dll
0x00007fffbec70000 - 0x00007fffbec8a000 	C:\Windows\SYSTEM32\kernel.appcore.dll
0x00007fffb80d0000 - 0x00007fffb80da000 	c:\Users\jasur\.vscode\extensions\redhat.java-1.42.0-win32-x64\jre\21.0.7-win32-x86_64\bin\jimage.dll
0x00007fffbd7d0000 - 0x00007fffbda11000 	C:\Windows\SYSTEM32\DBGHELP.DLL
0x00007fffc1f60000 - 0x00007fffc22e4000 	C:\Windows\System32\combase.dll
0x00007fffc1ca0000 - 0x00007fffc1d80000 	C:\Windows\System32\OLEAUT32.dll
0x00007fff9a750000 - 0x00007fff9a789000 	C:\Windows\SYSTEM32\dbgcore.DLL
0x00007fffc0a10000 - 0x00007fffc0aa9000 	C:\Windows\System32\bcryptPrimitives.dll
0x00007fffadaa0000 - 0x00007fffadaaf000 	c:\Users\jasur\.vscode\extensions\redhat.java-1.42.0-win32-x64\jre\21.0.7-win32-x86_64\bin\instrument.dll
0x00007fffadbe0000 - 0x00007fffadbff000 	c:\Users\jasur\.vscode\extensions\redhat.java-1.42.0-win32-x64\jre\21.0.7-win32-x86_64\bin\java.dll
0x00007fffc0bd0000 - 0x00007fffc12fd000 	C:\Windows\System32\SHELL32.dll
0x00007fffc05c0000 - 0x00007fffc0734000 	C:\Windows\System32\wintypes.dll
0x00007fffbdb20000 - 0x00007fffbe376000 	C:\Windows\SYSTEM32\windows.storage.dll
0x00007fffc1580000 - 0x00007fffc166f000 	C:\Windows\System32\SHCORE.dll
0x00007fffc1bd0000 - 0x00007fffc1c39000 	C:\Windows\System32\shlwapi.dll
0x00007fffbfdb0000 - 0x00007fffbfddf000 	C:\Windows\SYSTEM32\profapi.dll
0x00007fffad120000 - 0x00007fffad138000 	c:\Users\jasur\.vscode\extensions\redhat.java-1.42.0-win32-x64\jre\21.0.7-win32-x86_64\bin\zip.dll
0x00007fffae750000 - 0x00007fffae760000 	C:\Users\jasur\.vscode\extensions\redhat.java-1.42.0-win32-x64\jre\21.0.7-win32-x86_64\bin\net.dll
0x00007fffb6a00000 - 0x00007fffb6b1e000 	C:\Windows\SYSTEM32\WINHTTP.dll
0x00007fffbf1c0000 - 0x00007fffbf22a000 	C:\Windows\system32\mswsock.dll
0x00007fff97280000 - 0x00007fff97296000 	C:\Users\jasur\.vscode\extensions\redhat.java-1.42.0-win32-x64\jre\21.0.7-win32-x86_64\bin\nio.dll
0x00007fffadab0000 - 0x00007fffadac0000 	c:\Users\jasur\.vscode\extensions\redhat.java-1.42.0-win32-x64\jre\21.0.7-win32-x86_64\bin\verify.dll
0x00007fff72340000 - 0x00007fff72385000 	C:\Users\jasur\AppData\Roaming\Code\User\globalStorage\redhat.java\1.42.0\config_win\org.eclipse.equinox.launcher\org.eclipse.equinox.launcher.win32.win32.x86_64_1.2.1300.v20250331-1702\eclipse_11911.dll
0x00007fffc23b0000 - 0x00007fffc254f000 	C:\Windows\System32\ole32.dll
0x00007fffbf570000 - 0x00007fffbf58c000 	C:\Windows\SYSTEM32\CRYPTSP.dll
0x00007fffbebd0000 - 0x00007fffbec0a000 	C:\Windows\system32\rsaenh.dll
0x00007fffbf260000 - 0x00007fffbf28b000 	C:\Windows\SYSTEM32\USERENV.dll
0x00007fffbfd80000 - 0x00007fffbfda6000 	C:\Windows\SYSTEM32\bcrypt.dll
0x00007fffbf3f0000 - 0x00007fffbf3fc000 	C:\Windows\SYSTEM32\CRYPTBASE.dll
0x00007fffbe680000 - 0x00007fffbe6b3000 	C:\Windows\SYSTEM32\IPHLPAPI.DLL
0x00007fffc1c90000 - 0x00007fffc1c9a000 	C:\Windows\System32\NSI.dll
0x00007fffae2e0000 - 0x00007fffae329000 	C:\Users\jasur\AppData\Local\Temp\jna-100897209\jna11906355731746804355.dll
0x00007fffc1910000 - 0x00007fffc1918000 	C:\Windows\System32\PSAPI.DLL
0x00007fffb6cc0000 - 0x00007fffb6cdf000 	C:\Windows\SYSTEM32\dhcpcsvc6.DLL
0x00007fffb6ba0000 - 0x00007fffb6bc5000 	C:\Windows\SYSTEM32\dhcpcsvc.DLL
0x00007fffadfd0000 - 0x00007fffadff7000 	C:\Users\jasur\.gradle\native\c067742578af261105cb4f569cf0c3c89f3d7b1fecec35dd04571415982c5e48\windows-amd64\native-platform.dll
0x00007fff9e1c0000 - 0x00007fff9e1ca000 	C:\Users\jasur\.vscode\extensions\redhat.java-1.42.0-win32-x64\jre\21.0.7-win32-x86_64\bin\management.dll
0x00007fff9bc20000 - 0x00007fff9bc2b000 	C:\Users\jasur\.vscode\extensions\redhat.java-1.42.0-win32-x64\jre\21.0.7-win32-x86_64\bin\management_ext.dll
0x00007fff97490000 - 0x00007fff974b7000 	C:\Users\jasur\.gradle\native\c067742578af261105cb4f569cf0c3c89f3d7b1fecec35dd04571415982c5e48\windows-amd64-min\native-platform.dll
0x00007fff9b990000 - 0x00007fff9b999000 	C:\Users\jasur\.vscode\extensions\redhat.java-1.42.0-win32-x64\jre\21.0.7-win32-x86_64\bin\extnet.dll
0x00007fff9bb30000 - 0x00007fff9bb3e000 	C:\Users\jasur\.vscode\extensions\redhat.java-1.42.0-win32-x64\jre\21.0.7-win32-x86_64\bin\sunmscapi.dll
0x00007fffc0890000 - 0x00007fffc0a07000 	C:\Windows\System32\CRYPT32.dll
0x00007fffbf6b0000 - 0x00007fffbf6e0000 	C:\Windows\SYSTEM32\ncrypt.dll
0x00007fffbf670000 - 0x00007fffbf6af000 	C:\Windows\SYSTEM32\NTASN1.dll
0x00007fff76950000 - 0x00007fff76958000 	C:\Windows\system32\wshunix.dll

dbghelp: loaded successfully - version: 4.0.5 - missing functions: none
symbol engine: initialized successfully - sym options: 0x614 - pdb path: .;c:\Users\jasur\.vscode\extensions\redhat.java-1.42.0-win32-x64\jre\21.0.7-win32-x86_64\bin;C:\Windows\SYSTEM32;C:\Windows\WinSxS\amd64_microsoft.windows.common-controls_6595b64144ccf1df_6.0.26100.3912_none_3e07963ce335137e;c:\Users\jasur\.vscode\extensions\redhat.java-1.42.0-win32-x64\jre\21.0.7-win32-x86_64\bin\server;C:\Users\jasur\AppData\Roaming\Code\User\globalStorage\redhat.java\1.42.0\config_win\org.eclipse.equinox.launcher\org.eclipse.equinox.launcher.win32.win32.x86_64_1.2.1300.v20250331-1702;C:\Users\jasur\AppData\Local\Temp\jna-100897209;C:\Users\jasur\.gradle\native\c067742578af261105cb4f569cf0c3c89f3d7b1fecec35dd04571415982c5e48\windows-amd64;C:\Users\jasur\.gradle\native\c067742578af261105cb4f569cf0c3c89f3d7b1fecec35dd04571415982c5e48\windows-amd64-min

VM Arguments:
jvm_args: --add-modules=ALL-SYSTEM --add-opens=java.base/java.util=ALL-UNNAMED --add-opens=java.base/java.lang=ALL-UNNAMED --add-opens=java.base/sun.nio.fs=ALL-UNNAMED -Declipse.application=org.eclipse.jdt.ls.core.id1 -Dosgi.bundles.defaultStartLevel=4 -Declipse.product=org.eclipse.jdt.ls.core.product -Djava.import.generatesMetadataFilesAtProjectRoot=false -DDetectVMInstallationsJob.disabled=true -Dfile.encoding=utf8 -XX:+UseParallelGC -XX:GCTimeRatio=4 -XX:AdaptiveSizePolicyWeight=90 -Dsun.zip.disableMemoryMapping=true -Xmx1G -Xms100m -Xlog:disable -javaagent:c:\Users\jasur\.vscode\extensions\redhat.java-1.42.0-win32-x64\lombok\lombok-1.18.36.jar -XX:+HeapDumpOnOutOfMemoryError -XX:HeapDumpPath=c:\Users\jasur\AppData\Roaming\Code\User\workspaceStorage\c3cc1cdb79f05f312ef61ffb01486c9a\redhat.java -Daether.dependencyCollector.impl=bf 
java_command: c:\Users\jasur\.vscode\extensions\redhat.java-1.42.0-win32-x64\server\plugins\org.eclipse.equinox.launcher_1.7.0.v20250424-1814.jar -configuration c:\Users\jasur\AppData\Roaming\Code\User\globalStorage\redhat.java\1.42.0\config_win -data c:\Users\jasur\AppData\Roaming\Code\User\workspaceStorage\c3cc1cdb79f05f312ef61ffb01486c9a\redhat.java\jdt_ws --pipe=\\.\pipe\lsp-b6ba1f432586319375acbadea08b420c-sock
java_class_path (initial): c:\Users\jasur\.vscode\extensions\redhat.java-1.42.0-win32-x64\server\plugins\org.eclipse.equinox.launcher_1.7.0.v20250424-1814.jar
Launcher Type: SUN_STANDARD

[Global flags]
    uintx AdaptiveSizePolicyWeight                 = 90                                        {product} {command line}
     intx CICompilerCount                          = 4                                         {product} {ergonomic}
    uintx GCTimeRatio                              = 4                                         {product} {command line}
     bool HeapDumpOnOutOfMemoryError               = true                                   {manageable} {command line}
    ccstr HeapDumpPath                             = c:\Users\jasur\AppData\Roaming\Code\User\workspaceStorage\c3cc1cdb79f05f312ef61ffb01486c9a\redhat.java         {manageable} {command line}
   size_t InitialHeapSize                          = 104857600                                 {product} {command line}
   size_t MaxHeapSize                              = 1073741824                                {product} {command line}
   size_t MaxNewSize                               = 357564416                                 {product} {ergonomic}
   size_t MinHeapDeltaBytes                        = 524288                                    {product} {ergonomic}
   size_t MinHeapSize                              = 104857600                                 {product} {command line}
   size_t NewSize                                  = 34603008                                  {product} {ergonomic}
    uintx NonNMethodCodeHeapSize                   = 5839372                                {pd product} {ergonomic}
    uintx NonProfiledCodeHeapSize                  = 122909434                              {pd product} {ergonomic}
   size_t OldSize                                  = 70254592                                  {product} {ergonomic}
    uintx ProfiledCodeHeapSize                     = 122909434                              {pd product} {ergonomic}
    uintx ReservedCodeCacheSize                    = 251658240                              {pd product} {ergonomic}
     bool SegmentedCodeCache                       = true                                      {product} {ergonomic}
   size_t SoftMaxHeapSize                          = 1073741824                             {manageable} {ergonomic}
     bool UseCompressedOops                        = true                           {product lp64_product} {ergonomic}
     bool UseLargePagesIndividualAllocation        = false                                  {pd product} {ergonomic}
     bool UseParallelGC                            = true                                      {product} {command line}

Logging:
Log output configuration:
 #0: stdout all=off uptime,level,tags foldmultilines=false
 #1: stderr all=off uptime,level,tags foldmultilines=false

Environment Variables:
PATH=C:\Program Files\Common Files\Oracle\Java\javapath;C:\Program Files (x86)\Common Files\Oracle\Java\java8path;C:\Program Files (x86)\Common Files\Oracle\Java\javapath;C:\Windows\system32;C:\Windows;C:\Windows\System32\Wbem;C:\Windows\System32\WindowsPowerShell\v1.0\;C:\Windows\System32\OpenSSH\;C:\Program Files\dotnet\;C:\Program Files\Git\cmd;C:\Program Files\Docker\Docker\resources\bin;C:\Program Files\Microsoft SQL Server\150\Tools\Binn\;C:\Program Files\Microsoft SQL Server\Client SDK\ODBC\170\Tools\Binn\;C:\HaxeToolkit\haxe;C:\HaxeToolkit\neko;C:\Program Files\PowerShell\7\;C:\Users\jasur\AppData\Local\Microsoft\WindowsApps;C:\Users\jasur\AppData\Local\Programs\Microsoft VS Code\bin;C:\Users\jasur\AppData\Local\GitHubDesktop\bin;C:\Users\jasur\.dotnet\tools;C:\Program Files\android-ndk\r21e;C:\Program Files\Android\Gradle\7.4.2\bin;C:\Program Files\Java\jdk-17\bin;
USERNAME=jasur
OS=Windows_NT
PROCESSOR_IDENTIFIER=Intel64 Family 6 Model 154 Stepping 4, GenuineIntel
TMP=C:\Users\jasur\AppData\Local\Temp
TEMP=C:\Users\jasur\AppData\Local\Temp




Periodic native trim disabled

---------------  S Y S T E M  ---------------

OS:
 Windows 11 , 64 bit Build 26100 (10.0.26100.3912)
OS uptime: 1 days 15:51 hours
Hyper-V role detected

CPU: total 12 (initial active 12) (6 cores per cpu, 2 threads per core) family 6 model 154 stepping 4 microcode 0x423, cx8, cmov, fxsr, ht, mmx, 3dnowpref, sse, sse2, sse3, ssse3, sse4.1, sse4.2, popcnt, lzcnt, tsc, tscinvbit, avx, avx2, aes, erms, clmul, bmi1, bmi2, adx, sha, fma, vzeroupper, clflush, clflushopt, clwb, hv, serialize, rdtscp, rdpid, fsrm, f16c, cet_ibt, cet_ss
Processor Information for processor 0
  Max Mhz: 1300, Current Mhz: 1300, Mhz Limit: 1300
Processor Information for processor 1
  Max Mhz: 1300, Current Mhz: 1300, Mhz Limit: 1300
Processor Information for processor 2
  Max Mhz: 1300, Current Mhz: 1300, Mhz Limit: 1300
Processor Information for processor 3
  Max Mhz: 1300, Current Mhz: 1300, Mhz Limit: 1300
Processor Information for processor 4
  Max Mhz: 1300, Current Mhz: 900, Mhz Limit: 897
Processor Information for processor 5
  Max Mhz: 1300, Current Mhz: 900, Mhz Limit: 897
Processor Information for processor 6
  Max Mhz: 1300, Current Mhz: 900, Mhz Limit: 897
Processor Information for processor 7
  Max Mhz: 1300, Current Mhz: 900, Mhz Limit: 897
Processor Information for processor 8
  Max Mhz: 1300, Current Mhz: 900, Mhz Limit: 897
Processor Information for processor 9
  Max Mhz: 1300, Current Mhz: 900, Mhz Limit: 897
Processor Information for processor 10
  Max Mhz: 1300, Current Mhz: 900, Mhz Limit: 897
Processor Information for processor 11
  Max Mhz: 1300, Current Mhz: 900, Mhz Limit: 897

Memory: 4k page, system-wide physical 7896M (296M free)
TotalPageFile size 24280M (AvailPageFile size 6M)
current process WorkingSet (physical memory assigned to process): 447M, peak: 630M
current process commit charge ("private bytes"): 731M, peak: 951M

vm_info: OpenJDK 64-Bit Server VM (21.0.7+6-LTS) for windows-amd64 JRE (21.0.7+6-LTS), built on 2025-04-15T00:00:00Z by "admin" with MS VC++ 17.7 (VS2022)

END.
