#
# There is insufficient memory for the Java Runtime Environment to continue.
# Native memory allocation (malloc) failed to allocate 1650256 bytes. Error detail: Chunk::new
# Possible reasons:
#   The system is out of physical RAM or swap space
#   This process is running with CompressedOops enabled, and the Java Heap may be blocking the growth of the native heap
# Possible solutions:
#   Reduce memory load on the system
#   Increase physical memory or swap space
#   Check if swap backing store is full
#   Decrease Java heap size (-Xmx/-Xms)
#   Decrease number of Java threads
#   Decrease Java thread stack sizes (-Xss)
#   Set larger code cache with -XX:ReservedCodeCacheSize=
#   JVM is running with Unscaled Compressed Oops mode in which the Java heap is
#     placed in the first 4GB address space. The Java Heap base address is the
#     maximum limit for the native heap growth. Please use -XX:HeapBaseMinAddress
#     to set the Java Heap base and to place the Java Heap above 4GB virtual address.
# This output file may be truncated or incomplete.
#
#  Out of Memory Error (arena.cpp:168), pid=16488, tid=30560
#
# JRE version: OpenJDK Runtime Environment Temurin-21.0.7+6 (21.0.7+6) (build 21.0.7+6-LTS)
# Java VM: OpenJDK 64-Bit Server VM Temurin-21.0.7+6 (21.0.7+6-LTS, mixed mode, sharing, tiered, compressed oops, compressed class ptrs, parallel gc, windows-amd64)
# No core dump will be written. Minidumps are not enabled by default on client versions of Windows
#

---------------  S U M M A R Y ------------

Command Line: --add-modules=ALL-SYSTEM --add-opens=java.base/java.util=ALL-UNNAMED --add-opens=java.base/java.lang=ALL-UNNAMED --add-opens=java.base/sun.nio.fs=ALL-UNNAMED -Declipse.application=org.eclipse.jdt.ls.core.id1 -Dosgi.bundles.defaultStartLevel=4 -Declipse.product=org.eclipse.jdt.ls.core.product -Djava.import.generatesMetadataFilesAtProjectRoot=false -DDetectVMInstallationsJob.disabled=true -Dfile.encoding=utf8 -XX:+UseParallelGC -XX:GCTimeRatio=4 -XX:AdaptiveSizePolicyWeight=90 -Dsun.zip.disableMemoryMapping=true -Xmx1G -Xms100m -Xlog:disable -javaagent:c:\Users\jasur\.vscode\extensions\redhat.java-1.42.0-win32-x64\lombok\lombok-1.18.36.jar -XX:+HeapDumpOnOutOfMemoryError -XX:HeapDumpPath=c:\Users\jasur\AppData\Roaming\Code\User\workspaceStorage\c3cc1cdb79f05f312ef61ffb01486c9a\redhat.java -Daether.dependencyCollector.impl=bf c:\Users\jasur\.vscode\extensions\redhat.java-1.42.0-win32-x64\server\plugins\org.eclipse.equinox.launcher_1.7.0.v20250424-1814.jar -configuration c:\Users\jasur\AppData\Roaming\Code\User\globalStorage\redhat.java\1.42.0\config_win -data c:\Users\jasur\AppData\Roaming\Code\User\workspaceStorage\c3cc1cdb79f05f312ef61ffb01486c9a\redhat.java\jdt_ws --pipe=\\.\pipe\lsp-76d50dacc4d2e926f86d49926a24d530-sock

Host: 12th Gen Intel(R) Core(TM) i5-1235U, 12 cores, 7G,  Windows 11 , 64 bit Build 26100 (10.0.26100.3912)
Time: Fri May 23 12:14:11 2025  Windows 11 , 64 bit Build 26100 (10.0.26100.3912) elapsed time: 35.577221 seconds (0d 0h 0m 35s)

---------------  T H R E A D  ---------------

Current thread (0x000001eaac3cc3b0):  JavaThread "C2 CompilerThread0" daemon [_thread_in_native, id=30560, stack(0x000000a81b800000,0x000000a81b900000) (1024K)]


Current CompileTask:
C2:35577 5055   !   4       org.eclipse.osgi.internal.loader.BundleLoader::findClass0 (491 bytes)

Stack: [0x000000a81b800000,0x000000a81b900000]
Native frames: (J=compiled Java code, j=interpreted, Vv=VM code, C=native code)
V  [jvm.dll+0x6ce119]
V  [jvm.dll+0x8a84a1]
V  [jvm.dll+0x8aa9ce]
V  [jvm.dll+0x8ab0b3]
V  [jvm.dll+0x27f8a6]
V  [jvm.dll+0xc507d]
V  [jvm.dll+0xc55b3]
V  [jvm.dll+0x3b68f2]
V  [jvm.dll+0x382aa5]
V  [jvm.dll+0x381f0a]
V  [jvm.dll+0x247af0]
V  [jvm.dll+0x2470cf]
V  [jvm.dll+0x1c760e]
V  [jvm.dll+0x25695a]
V  [jvm.dll+0x254efa]
V  [jvm.dll+0x3f03f6]
V  [jvm.dll+0x851f6b]
V  [jvm.dll+0x6cc7dd]
C  [ucrtbase.dll+0x37b0]
C  [KERNEL32.DLL+0x2e8d7]
C  [ntdll.dll+0x9c5dc]


---------------  P R O C E S S  ---------------

Threads class SMR info:
_java_thread_list=0x000001eb0b4aa570, length=46, elements={
0x000001eaac31d2e0, 0x000001eac07088f0, 0x000001eac070a260, 0x000001eac070c8e0,
0x000001eaac3c7fd0, 0x000001eaac3c8b20, 0x000001eaac3cb580, 0x000001eaac3cc3b0,
0x000001eb02bec7c0, 0x000001eaac3890f0, 0x000001eb0800a0b0, 0x000001eb0859f510,
0x000001eb083ef220, 0x000001eb087fe880, 0x000001eb08369bf0, 0x000001eb08b9f5f0,
0x000001eb088f9cb0, 0x000001eb080471e0, 0x000001eb08047f00, 0x000001eb08046b50,
0x000001eb08ee2d80, 0x000001eb08ee54e0, 0x000001eb08ee6890, 0x000001eb08ee4e50,
0x000001eb08ee6f20, 0x000001eb08ee75b0, 0x000001eb08ee4130, 0x000001eb08ee5b70,
0x000001eb08ee6200, 0x000001eb08ee7c40, 0x000001eb08ee47c0, 0x000001eb08ee82d0,
0x000001eb08ee8960, 0x000001eb08ee8ff0, 0x000001eb08ee9d10, 0x000001eb08ee9680,
0x000001eb08eea3a0, 0x000001eb08047870, 0x000001eb0ae172e0, 0x000001eb0ae18000,
0x000001eb0ae16c50, 0x000001eb0ae193b0, 0x000001eb0ae165c0, 0x000001eb0ae1a760,
0x000001eb0ae17970, 0x000001eb0ae1bb10
}

Java Threads: ( => current thread )
  0x000001eaac31d2e0 JavaThread "main"                              [_thread_in_native, id=4028, stack(0x000000a81ae00000,0x000000a81af00000) (1024K)]
  0x000001eac07088f0 JavaThread "Reference Handler"          daemon [_thread_blocked, id=39572, stack(0x000000a81b200000,0x000000a81b300000) (1024K)]
  0x000001eac070a260 JavaThread "Finalizer"                  daemon [_thread_blocked, id=37884, stack(0x000000a81b300000,0x000000a81b400000) (1024K)]
  0x000001eac070c8e0 JavaThread "Signal Dispatcher"          daemon [_thread_blocked, id=18316, stack(0x000000a81b400000,0x000000a81b500000) (1024K)]
  0x000001eaac3c7fd0 JavaThread "Attach Listener"            daemon [_thread_blocked, id=24084, stack(0x000000a81b500000,0x000000a81b600000) (1024K)]
  0x000001eaac3c8b20 JavaThread "Service Thread"             daemon [_thread_blocked, id=42780, stack(0x000000a81b600000,0x000000a81b700000) (1024K)]
  0x000001eaac3cb580 JavaThread "Monitor Deflation Thread"   daemon [_thread_blocked, id=41916, stack(0x000000a81b700000,0x000000a81b800000) (1024K)]
=>0x000001eaac3cc3b0 JavaThread "C2 CompilerThread0"         daemon [_thread_in_native, id=30560, stack(0x000000a81b800000,0x000000a81b900000) (1024K)]
  0x000001eb02bec7c0 JavaThread "C1 CompilerThread0"         daemon [_thread_in_native, id=6668, stack(0x000000a81b900000,0x000000a81ba00000) (1024K)]
  0x000001eaac3890f0 JavaThread "Common-Cleaner"             daemon [_thread_blocked, id=37872, stack(0x000000a81ba00000,0x000000a81bb00000) (1024K)]
  0x000001eb0800a0b0 JavaThread "Notification Thread"        daemon [_thread_blocked, id=9436, stack(0x000000a81bb00000,0x000000a81bc00000) (1024K)]
  0x000001eb0859f510 JavaThread "Active Thread: Equinox Container: d2f5dfac-36dc-44ad-a92f-232d8bfb6985"        [_thread_blocked, id=43864, stack(0x000000a81c200000,0x000000a81c300000) (1024K)]
  0x000001eb083ef220 JavaThread "Refresh Thread: Equinox Container: d2f5dfac-36dc-44ad-a92f-232d8bfb6985" daemon [_thread_blocked, id=31944, stack(0x000000a81c400000,0x000000a81c500000) (1024K)]
  0x000001eb087fe880 JavaThread "Framework Event Dispatcher: Equinox Container: d2f5dfac-36dc-44ad-a92f-232d8bfb6985" daemon [_thread_blocked, id=41844, stack(0x000000a81c500000,0x000000a81c600000) (1024K)]
  0x000001eb08369bf0 JavaThread "Start Level: Equinox Container: d2f5dfac-36dc-44ad-a92f-232d8bfb6985" daemon [_thread_blocked, id=16180, stack(0x000000a81c600000,0x000000a81c700000) (1024K)]
  0x000001eb08b9f5f0 JavaThread "Bundle File Closer"         daemon [_thread_blocked, id=41004, stack(0x000000a81c900000,0x000000a81ca00000) (1024K)]
  0x000001eb088f9cb0 JavaThread "SCR Component Actor"        daemon [_thread_blocked, id=29856, stack(0x000000a81ca00000,0x000000a81cb00000) (1024K)]
  0x000001eb080471e0 JavaThread "Worker-JM"                         [_thread_blocked, id=14172, stack(0x000000a81cc00000,0x000000a81cd00000) (1024K)]
  0x000001eb08047f00 JavaThread "JNA Cleaner"                daemon [_thread_blocked, id=45980, stack(0x000000a81cb00000,0x000000a81cc00000) (1024K)]
  0x000001eb08046b50 JavaThread "Worker-0: Repository registry initialization"        [_thread_blocked, id=45436, stack(0x000000a81cd00000,0x000000a81ce00000) (1024K)]
  0x000001eb08ee2d80 JavaThread "Worker-1: Updating Maven Dependencies"        [_thread_in_vm, id=40392, stack(0x000000a81ce00000,0x000000a81cf00000) (1024K)]
  0x000001eb08ee54e0 JavaThread "Worker-2: Initialize After Load"        [_thread_in_native, id=45524, stack(0x000000a81d000000,0x000000a81d100000) (1024K)]
  0x000001eb08ee6890 JavaThread "Worker-3: Synchronize Gradle projects with workspace"        [_thread_blocked, id=45648, stack(0x000000a81d200000,0x000000a81d300000) (1024K)]
  0x000001eb08ee4e50 JavaThread "Java indexing"              daemon [_thread_blocked, id=45412, stack(0x000000a81d300000,0x000000a81d400000) (1024K)]
  0x000001eb08ee6f20 JavaThread "Worker-4: Synchronize Gradle projects with workspace"        [_thread_blocked, id=45596, stack(0x000000a81d600000,0x000000a81d700000) (1024K)]
  0x000001eb08ee75b0 JavaThread "Worker-5: Synchronize Gradle projects with workspace"        [_thread_in_vm, id=44700, stack(0x000000a81d700000,0x000000a81d800000) (1024K)]
  0x000001eb08ee4130 JavaThread "Thread-3"                   daemon [_thread_in_native, id=41180, stack(0x000000a81cf00000,0x000000a81d000000) (1024K)]
  0x000001eb08ee5b70 JavaThread "Thread-4"                   daemon [_thread_in_native, id=45084, stack(0x000000a81d800000,0x000000a81d900000) (1024K)]
  0x000001eb08ee6200 JavaThread "Thread-5"                   daemon [_thread_in_native, id=43796, stack(0x000000a81d900000,0x000000a81da00000) (1024K)]
  0x000001eb08ee7c40 JavaThread "Thread-6"                   daemon [_thread_in_native, id=45604, stack(0x000000a81da00000,0x000000a81db00000) (1024K)]
  0x000001eb08ee47c0 JavaThread "Thread-7"                   daemon [_thread_in_native, id=17508, stack(0x000000a81db00000,0x000000a81dc00000) (1024K)]
  0x000001eb08ee82d0 JavaThread "Thread-8"                   daemon [_thread_in_native, id=45768, stack(0x000000a81dc00000,0x000000a81dd00000) (1024K)]
  0x000001eb08ee8960 JavaThread "Thread-9"                   daemon [_thread_in_native, id=45952, stack(0x000000a81dd00000,0x000000a81de00000) (1024K)]
  0x000001eb08ee8ff0 JavaThread "Thread-10"                  daemon [_thread_in_native, id=45868, stack(0x000000a81de00000,0x000000a81df00000) (1024K)]
  0x000001eb08ee9d10 JavaThread "Thread-11"                  daemon [_thread_in_native, id=45636, stack(0x000000a81df00000,0x000000a81e000000) (1024K)]
  0x000001eb08ee9680 JavaThread "Thread-12"                  daemon [_thread_in_native, id=42240, stack(0x000000a81e000000,0x000000a81e100000) (1024K)]
  0x000001eb08eea3a0 JavaThread "Thread-13"                  daemon [_thread_in_native, id=12412, stack(0x000000a81e100000,0x000000a81e200000) (1024K)]
  0x000001eb08047870 JavaThread "Thread-14"                  daemon [_thread_in_native, id=45700, stack(0x000000a81e200000,0x000000a81e300000) (1024K)]
  0x000001eb0ae172e0 JavaThread "Thread-15"                  daemon [_thread_in_native, id=5952, stack(0x000000a81e300000,0x000000a81e400000) (1024K)]
  0x000001eb0ae18000 JavaThread "pool-2-thread-1"                   [_thread_blocked, id=19404, stack(0x000000a81e400000,0x000000a81e500000) (1024K)]
  0x000001eb0ae16c50 JavaThread "Timer-0"                           [_thread_blocked, id=45368, stack(0x000000a81e500000,0x000000a81e600000) (1024K)]
  0x000001eb0ae193b0 JavaThread "Timer-1"                           [_thread_blocked, id=45884, stack(0x000000a81e600000,0x000000a81e700000) (1024K)]
  0x000001eb0ae165c0 JavaThread "Worker-6: Synchronize Gradle projects with workspace"        [_thread_blocked, id=45912, stack(0x000000a81e700000,0x000000a81e800000) (1024K)]
  0x000001eb0ae1a760 JavaThread "Timer-2"                           [_thread_blocked, id=45600, stack(0x000000a81e800000,0x000000a81e900000) (1024K)]
  0x000001eb0ae17970 JavaThread "Worker-7"                          [_thread_blocked, id=45584, stack(0x000000a81e900000,0x000000a81ea00000) (1024K)]
  0x000001eb0ae1bb10 JavaThread "Timer-3"                           [_thread_blocked, id=21832, stack(0x000000a81ea00000,0x000000a81eb00000) (1024K)]
Total: 46

Other Threads:
  0x000001eaac3be900 VMThread "VM Thread"                           [id=43212, stack(0x000000a81b100000,0x000000a81b200000) (1024K)]
  0x000001eac05eca00 WatcherThread "VM Periodic Task Thread"        [id=44204, stack(0x000000a81b000000,0x000000a81b100000) (1024K)]
  0x000001eaac33d970 WorkerThread "GC Thread#0"                     [id=14852, stack(0x000000a81af00000,0x000000a81b000000) (1024K)]
  0x000001eb080c9310 WorkerThread "GC Thread#1"                     [id=43128, stack(0x000000a81bc00000,0x000000a81bd00000) (1024K)]
  0x000001eb080c96b0 WorkerThread "GC Thread#2"                     [id=15076, stack(0x000000a81bd00000,0x000000a81be00000) (1024K)]
  0x000001eb08433b80 WorkerThread "GC Thread#3"                     [id=39732, stack(0x000000a81be00000,0x000000a81bf00000) (1024K)]
  0x000001eb0830e360 WorkerThread "GC Thread#4"                     [id=27220, stack(0x000000a81bf00000,0x000000a81c000000) (1024K)]
  0x000001eb0830e700 WorkerThread "GC Thread#5"                     [id=41828, stack(0x000000a81c000000,0x000000a81c100000) (1024K)]
  0x000001eb0830eaa0 WorkerThread "GC Thread#6"                     [id=12960, stack(0x000000a81c100000,0x000000a81c200000) (1024K)]
  0x000001eb086be730 WorkerThread "GC Thread#7"                     [id=22860, stack(0x000000a81c300000,0x000000a81c400000) (1024K)]
  0x000001eb083c4ba0 WorkerThread "GC Thread#8"                     [id=41664, stack(0x000000a81c700000,0x000000a81c800000) (1024K)]
  0x000001eb083c40c0 WorkerThread "GC Thread#9"                     [id=43716, stack(0x000000a81c800000,0x000000a81c900000) (1024K)]
Total: 12

Threads with active compile tasks:
C2 CompilerThread0  35656 5055   !   4       org.eclipse.osgi.internal.loader.BundleLoader::findClass0 (491 bytes)
Total: 1

VM state: not at safepoint (normal execution)

VM Mutex/Monitor currently owned by a thread: None

Heap address: 0x00000000c0000000, size: 1024 MB, Compressed Oops mode: 32-bit

CDS archive(s) mapped at: [0x000001eac1000000-0x000001eac1ba0000-0x000001eac1ba0000), size 12189696, SharedBaseAddress: 0x000001eac1000000, ArchiveRelocationMode: 1.
Compressed class space mapped at: 0x000001eac2000000-0x000001eb02000000, reserved size: 1073741824
Narrow klass base: 0x000001eac1000000, Narrow klass shift: 0, Narrow klass range: 0x100000000

GC Precious Log:
 CardTable entry size: 512
 CPUs: 12 total, 12 available
 Memory: 7896M
 Large Page Support: Disabled
 NUMA Support: Disabled
 Compressed Oops: Enabled (32-bit)
 Alignments: Space 512K, Generation 512K, Heap 2M
 Heap Min Capacity: 100M
 Heap Initial Capacity: 100M
 Heap Max Capacity: 1G
 Pre-touch: Disabled
 Parallel Workers: 10

Heap:
 PSYoungGen      total 23040K, used 18053K [0x00000000eab00000, 0x00000000ec500000, 0x0000000100000000)
  eden space 22016K, 77% used [0x00000000eab00000,0x00000000ebba2f68,0x00000000ec080000)
  from space 1024K, 99% used [0x00000000ec300000,0x00000000ec3ff318,0x00000000ec400000)
  to   space 1024K, 0% used [0x00000000ec400000,0x00000000ec400000,0x00000000ec500000)
 ParOldGen       total 68608K, used 17915K [0x00000000c0000000, 0x00000000c4300000, 0x00000000eab00000)
  object space 68608K, 26% used [0x00000000c0000000,0x00000000c117ec28,0x00000000c4300000)
 Metaspace       used 39763K, committed 40896K, reserved 1114112K
  class space    used 4167K, committed 4672K, reserved 1048576K

Card table byte_map: [0x000001eaabcc0000,0x000001eaabed0000] _byte_map_base: 0x000001eaab6c0000

Marking Bits: (ParMarkBitMap*) 0x00007ffefc3231f0
 Begin Bits: [0x000001eabe510000, 0x000001eabf510000)
 End Bits:   [0x000001eabf510000, 0x000001eac0510000)

Polling page: 0x000001eaab8d0000

Metaspace:

Usage:
  Non-class:     34.76 MB used.
      Class:      4.07 MB used.
       Both:     38.83 MB used.

Virtual space:
  Non-class space:       64.00 MB reserved,      35.38 MB ( 55%) committed,  1 nodes.
      Class space:        1.00 GB reserved,       4.56 MB ( <1%) committed,  1 nodes.
             Both:        1.06 GB reserved,      39.94 MB (  4%) committed. 

Chunk freelists:
   Non-Class:  12.17 MB
       Class:  11.39 MB
        Both:  23.56 MB

MaxMetaspaceSize: unlimited
CompressedClassSpaceSize: 1.00 GB
Initial GC threshold: 21.00 MB
Current GC threshold: 58.88 MB
CDS: on
 - commit_granule_bytes: 65536.
 - commit_granule_words: 8192.
 - virtual_space_node_default_size: 8388608.
 - enlarge_chunks_in_place: 1.
 - use_allocation_guard: 0.


Internal statistics:

num_allocs_failed_limit: 10.
num_arena_births: 764.
num_arena_deaths: 26.
num_vsnodes_births: 2.
num_vsnodes_deaths: 0.
num_space_committed: 640.
num_space_uncommitted: 0.
num_chunks_returned_to_freelist: 36.
num_chunks_taken_from_freelist: 2553.
num_chunk_merges: 16.
num_chunk_splits: 1573.
num_chunks_enlarged: 891.
num_inconsistent_stats: 0.

CodeHeap 'non-profiled nmethods': size=120000Kb used=2223Kb max_used=2336Kb free=117776Kb
 bounds [0x000001eab6fe0000, 0x000001eab7250000, 0x000001eabe510000]
CodeHeap 'profiled nmethods': size=120000Kb used=9441Kb max_used=10493Kb free=110558Kb
 bounds [0x000001eaaf510000, 0x000001eaaff50000, 0x000001eab6a40000]
CodeHeap 'non-nmethods': size=5760Kb used=1359Kb max_used=1398Kb free=4400Kb
 bounds [0x000001eab6a40000, 0x000001eab6cb0000, 0x000001eab6fe0000]
 total_blobs=5233 nmethods=4577 adapters=562
 compilation: enabled
              stopped_count=0, restarted_count=0
 full_count=0

Compilation events (20 events):
Event: 34.503 Thread 0x000001eb02bec7c0 5121       3       sun.reflect.generics.repository.GenericDeclRepository::getTypeParameters (27 bytes)
Event: 34.504 Thread 0x000001eb02bec7c0 nmethod 5121 0x000001eaaf8f3110 code [0x000001eaaf8f32e0, 0x000001eaaf8f3660]
Event: 34.504 Thread 0x000001eb02bec7c0 5122   !   3       org.eclipse.sisu.wire.DependencyAnalyzer::analyzeImplementation (131 bytes)
Event: 34.506 Thread 0x000001eb02bec7c0 nmethod 5122 0x000001eaaf557990 code [0x000001eaaf557ca0, 0x000001eaaf558c88]
Event: 34.515 Thread 0x000001eb02bec7c0 5123       3       java.lang.reflect.Proxy$ProxyBuilder::addElementTypes (33 bytes)
Event: 34.515 Thread 0x000001eb02bec7c0 nmethod 5123 0x000001eaaf722890 code [0x000001eaaf722aa0, 0x000001eaaf722ff8]
Event: 34.515 Thread 0x000001eb02bec7c0 5124       3       java.lang.WeakPairMap$Pair::hashCode (10 bytes)
Event: 34.516 Thread 0x000001eb02bec7c0 nmethod 5124 0x000001eaafc0ab10 code [0x000001eaafc0acc0, 0x000001eaafc0ae10]
Event: 34.517 Thread 0x000001eb02bec7c0 5126       3       sun.invoke.util.VerifyAccess::isModuleAccessible (97 bytes)
Event: 34.518 Thread 0x000001eb02bec7c0 nmethod 5126 0x000001eaaf534e10 code [0x000001eaaf5350e0, 0x000001eaaf535d50]
Event: 34.518 Thread 0x000001eb02bec7c0 5127       1       com.google.inject.spi.Dependency::getKey (5 bytes)
Event: 34.519 Thread 0x000001eb02bec7c0 nmethod 5127 0x000001eab7033210 code [0x000001eab70333a0, 0x000001eab7033468]
Event: 34.519 Thread 0x000001eb02bec7c0 5128       1       com.google.inject.Key$NullAnnotationStrategy::hasAttributes (2 bytes)
Event: 34.519 Thread 0x000001eb02bec7c0 nmethod 5128 0x000001eab703cb90 code [0x000001eab703cd20, 0x000001eab703cde8]
Event: 34.533 Thread 0x000001eb02bec7c0 5129       3       java.lang.PublicMethods$Key::hashCode (19 bytes)
Event: 34.533 Thread 0x000001eb02bec7c0 nmethod 5129 0x000001eaafc10290 code [0x000001eaafc10440, 0x000001eaafc105d0]
Event: 34.533 Thread 0x000001eb02bec7c0 5130       3       java.util.HashMap::keysToArray (81 bytes)
Event: 34.534 Thread 0x000001eb02bec7c0 nmethod 5130 0x000001eaaf7e6490 code [0x000001eaaf7e6660, 0x000001eaaf7e6ab0]
Event: 34.534 Thread 0x000001eb02bec7c0 5131       3       java.lang.WeakPairMap$Pair::lookup (10 bytes)
Event: 34.535 Thread 0x000001eb02bec7c0 nmethod 5131 0x000001eaafbc4e10 code [0x000001eaafbc5000, 0x000001eaafbc54f0]

GC Heap History (20 events):
Event: 29.275 GC heap before
{Heap before GC invocations=8 (full 1):
 PSYoungGen      total 29184K, used 4457K [0x00000000eab00000, 0x00000000ecd00000, 0x0000000100000000)
  eden space 24576K, 0% used [0x00000000eab00000,0x00000000eab00000,0x00000000ec300000)
  from space 4608K, 96% used [0x00000000ec380000,0x00000000ec7da7e8,0x00000000ec800000)
  to   space 5120K, 0% used [0x00000000ec800000,0x00000000ec800000,0x00000000ecd00000)
 ParOldGen       total 68608K, used 10135K [0x00000000c0000000, 0x00000000c4300000, 0x00000000eab00000)
  object space 68608K, 14% used [0x00000000c0000000,0x00000000c09e5e40,0x00000000c4300000)
 Metaspace       used 20726K, committed 21504K, reserved 1114112K
  class space    used 2114K, committed 2496K, reserved 1048576K
}
Event: 29.334 GC heap after
{Heap after GC invocations=8 (full 1):
 PSYoungGen      total 29184K, used 0K [0x00000000eab00000, 0x00000000ecd00000, 0x0000000100000000)
  eden space 24576K, 0% used [0x00000000eab00000,0x00000000eab00000,0x00000000ec300000)
  from space 4608K, 0% used [0x00000000ec380000,0x00000000ec380000,0x00000000ec800000)
  to   space 5120K, 0% used [0x00000000ec800000,0x00000000ec800000,0x00000000ecd00000)
 ParOldGen       total 68608K, used 12862K [0x00000000c0000000, 0x00000000c4300000, 0x00000000eab00000)
  object space 68608K, 18% used [0x00000000c0000000,0x00000000c0c8f8e0,0x00000000c4300000)
 Metaspace       used 20713K, committed 21504K, reserved 1114112K
  class space    used 2110K, committed 2496K, reserved 1048576K
}
Event: 30.153 GC heap before
{Heap before GC invocations=9 (full 1):
 PSYoungGen      total 29184K, used 24576K [0x00000000eab00000, 0x00000000ecd00000, 0x0000000100000000)
  eden space 24576K, 100% used [0x00000000eab00000,0x00000000ec300000,0x00000000ec300000)
  from space 4608K, 0% used [0x00000000ec380000,0x00000000ec380000,0x00000000ec800000)
  to   space 5120K, 0% used [0x00000000ec800000,0x00000000ec800000,0x00000000ecd00000)
 ParOldGen       total 68608K, used 12862K [0x00000000c0000000, 0x00000000c4300000, 0x00000000eab00000)
  object space 68608K, 18% used [0x00000000c0000000,0x00000000c0c8f8e0,0x00000000c4300000)
 Metaspace       used 23336K, committed 24256K, reserved 1114112K
  class space    used 2278K, committed 2688K, reserved 1048576K
}
Event: 30.154 GC heap after
{Heap after GC invocations=9 (full 1):
 PSYoungGen      total 25088K, used 697K [0x00000000eab00000, 0x00000000ec900000, 0x0000000100000000)
  eden space 24064K, 0% used [0x00000000eab00000,0x00000000eab00000,0x00000000ec280000)
  from space 1024K, 68% used [0x00000000ec800000,0x00000000ec8ae5f8,0x00000000ec900000)
  to   space 2560K, 0% used [0x00000000ec400000,0x00000000ec400000,0x00000000ec680000)
 ParOldGen       total 68608K, used 12862K [0x00000000c0000000, 0x00000000c4300000, 0x00000000eab00000)
  object space 68608K, 18% used [0x00000000c0000000,0x00000000c0c8f8e0,0x00000000c4300000)
 Metaspace       used 23336K, committed 24256K, reserved 1114112K
  class space    used 2278K, committed 2688K, reserved 1048576K
}
Event: 30.693 GC heap before
{Heap before GC invocations=10 (full 1):
 PSYoungGen      total 25088K, used 24761K [0x00000000eab00000, 0x00000000ec900000, 0x0000000100000000)
  eden space 24064K, 100% used [0x00000000eab00000,0x00000000ec280000,0x00000000ec280000)
  from space 1024K, 68% used [0x00000000ec800000,0x00000000ec8ae5f8,0x00000000ec900000)
  to   space 2560K, 0% used [0x00000000ec400000,0x00000000ec400000,0x00000000ec680000)
 ParOldGen       total 68608K, used 12862K [0x00000000c0000000, 0x00000000c4300000, 0x00000000eab00000)
  object space 68608K, 18% used [0x00000000c0000000,0x00000000c0c8f8e0,0x00000000c4300000)
 Metaspace       used 26359K, committed 27264K, reserved 1114112K
  class space    used 2598K, committed 3008K, reserved 1048576K
}
Event: 30.697 GC heap after
{Heap after GC invocations=10 (full 1):
 PSYoungGen      total 26112K, used 2529K [0x00000000eab00000, 0x00000000ec900000, 0x0000000100000000)
  eden space 23552K, 0% used [0x00000000eab00000,0x00000000eab00000,0x00000000ec200000)
  from space 2560K, 98% used [0x00000000ec400000,0x00000000ec6784d0,0x00000000ec680000)
  to   space 2560K, 0% used [0x00000000ec680000,0x00000000ec680000,0x00000000ec900000)
 ParOldGen       total 68608K, used 13134K [0x00000000c0000000, 0x00000000c4300000, 0x00000000eab00000)
  object space 68608K, 19% used [0x00000000c0000000,0x00000000c0cd38e0,0x00000000c4300000)
 Metaspace       used 26359K, committed 27264K, reserved 1114112K
  class space    used 2598K, committed 3008K, reserved 1048576K
}
Event: 31.184 GC heap before
{Heap before GC invocations=11 (full 1):
 PSYoungGen      total 26112K, used 26081K [0x00000000eab00000, 0x00000000ec900000, 0x0000000100000000)
  eden space 23552K, 99% used [0x00000000eab00000,0x00000000ec1fffb8,0x00000000ec200000)
  from space 2560K, 98% used [0x00000000ec400000,0x00000000ec6784d0,0x00000000ec680000)
  to   space 2560K, 0% used [0x00000000ec680000,0x00000000ec680000,0x00000000ec900000)
 ParOldGen       total 68608K, used 13134K [0x00000000c0000000, 0x00000000c4300000, 0x00000000eab00000)
  object space 68608K, 19% used [0x00000000c0000000,0x00000000c0cd38e0,0x00000000c4300000)
 Metaspace       used 28565K, committed 29440K, reserved 1114112K
  class space    used 2816K, committed 3200K, reserved 1048576K
}
Event: 31.187 GC heap after
{Heap after GC invocations=11 (full 1):
 PSYoungGen      total 25600K, used 2536K [0x00000000eab00000, 0x00000000ec900000, 0x0000000100000000)
  eden space 23040K, 0% used [0x00000000eab00000,0x00000000eab00000,0x00000000ec180000)
  from space 2560K, 99% used [0x00000000ec680000,0x00000000ec8fa2b0,0x00000000ec900000)
  to   space 3584K, 0% used [0x00000000ec200000,0x00000000ec200000,0x00000000ec580000)
 ParOldGen       total 68608K, used 13619K [0x00000000c0000000, 0x00000000c4300000, 0x00000000eab00000)
  object space 68608K, 19% used [0x00000000c0000000,0x00000000c0d4cde8,0x00000000c4300000)
 Metaspace       used 28565K, committed 29440K, reserved 1114112K
  class space    used 2816K, committed 3200K, reserved 1048576K
}
Event: 31.983 GC heap before
{Heap before GC invocations=12 (full 1):
 PSYoungGen      total 25600K, used 25576K [0x00000000eab00000, 0x00000000ec900000, 0x0000000100000000)
  eden space 23040K, 100% used [0x00000000eab00000,0x00000000ec180000,0x00000000ec180000)
  from space 2560K, 99% used [0x00000000ec680000,0x00000000ec8fa2b0,0x00000000ec900000)
  to   space 3584K, 0% used [0x00000000ec200000,0x00000000ec200000,0x00000000ec580000)
 ParOldGen       total 68608K, used 13619K [0x00000000c0000000, 0x00000000c4300000, 0x00000000eab00000)
  object space 68608K, 19% used [0x00000000c0000000,0x00000000c0d4cde8,0x00000000c4300000)
 Metaspace       used 30489K, committed 31360K, reserved 1114112K
  class space    used 3028K, committed 3392K, reserved 1048576K
}
Event: 31.989 GC heap after
{Heap after GC invocations=12 (full 1):
 PSYoungGen      total 23552K, used 864K [0x00000000eab00000, 0x00000000ec700000, 0x0000000100000000)
  eden space 22528K, 0% used [0x00000000eab00000,0x00000000eab00000,0x00000000ec100000)
  from space 1024K, 84% used [0x00000000ec200000,0x00000000ec2d8000,0x00000000ec300000)
  to   space 2048K, 0% used [0x00000000ec500000,0x00000000ec500000,0x00000000ec700000)
 ParOldGen       total 68608K, used 15994K [0x00000000c0000000, 0x00000000c4300000, 0x00000000eab00000)
  object space 68608K, 23% used [0x00000000c0000000,0x00000000c0f9e8e0,0x00000000c4300000)
 Metaspace       used 30489K, committed 31360K, reserved 1114112K
  class space    used 3028K, committed 3392K, reserved 1048576K
}
Event: 32.858 GC heap before
{Heap before GC invocations=13 (full 1):
 PSYoungGen      total 23552K, used 23392K [0x00000000eab00000, 0x00000000ec700000, 0x0000000100000000)
  eden space 22528K, 100% used [0x00000000eab00000,0x00000000ec100000,0x00000000ec100000)
  from space 1024K, 84% used [0x00000000ec200000,0x00000000ec2d8000,0x00000000ec300000)
  to   space 2048K, 0% used [0x00000000ec500000,0x00000000ec500000,0x00000000ec700000)
 ParOldGen       total 68608K, used 15994K [0x00000000c0000000, 0x00000000c4300000, 0x00000000eab00000)
  object space 68608K, 23% used [0x00000000c0000000,0x00000000c0f9e8e0,0x00000000c4300000)
 Metaspace       used 33095K, committed 34112K, reserved 1114112K
  class space    used 3305K, committed 3712K, reserved 1048576K
}
Event: 32.862 GC heap after
{Heap after GC invocations=13 (full 1):
 PSYoungGen      total 23552K, used 1433K [0x00000000eab00000, 0x00000000ec680000, 0x0000000100000000)
  eden space 22016K, 0% used [0x00000000eab00000,0x00000000eab00000,0x00000000ec080000)
  from space 1536K, 93% used [0x00000000ec500000,0x00000000ec6665b0,0x00000000ec680000)
  to   space 2048K, 0% used [0x00000000ec280000,0x00000000ec280000,0x00000000ec480000)
 ParOldGen       total 68608K, used 16634K [0x00000000c0000000, 0x00000000c4300000, 0x00000000eab00000)
  object space 68608K, 24% used [0x00000000c0000000,0x00000000c103e8e0,0x00000000c4300000)
 Metaspace       used 33095K, committed 34112K, reserved 1114112K
  class space    used 3305K, committed 3712K, reserved 1048576K
}
Event: 33.449 GC heap before
{Heap before GC invocations=14 (full 1):
 PSYoungGen      total 23552K, used 17463K [0x00000000eab00000, 0x00000000ec680000, 0x0000000100000000)
  eden space 22016K, 72% used [0x00000000eab00000,0x00000000ebaa7748,0x00000000ec080000)
  from space 1536K, 93% used [0x00000000ec500000,0x00000000ec6665b0,0x00000000ec680000)
  to   space 2048K, 0% used [0x00000000ec280000,0x00000000ec280000,0x00000000ec480000)
 ParOldGen       total 68608K, used 16634K [0x00000000c0000000, 0x00000000c4300000, 0x00000000eab00000)
  object space 68608K, 24% used [0x00000000c0000000,0x00000000c103e8e0,0x00000000c4300000)
 Metaspace       used 34891K, committed 35904K, reserved 1114112K
  class space    used 3529K, committed 3968K, reserved 1048576K
}
Event: 33.452 GC heap after
{Heap after GC invocations=14 (full 1):
 PSYoungGen      total 24064K, used 736K [0x00000000eab00000, 0x00000000ec580000, 0x0000000100000000)
  eden space 22016K, 0% used [0x00000000eab00000,0x00000000eab00000,0x00000000ec080000)
  from space 2048K, 35% used [0x00000000ec280000,0x00000000ec338000,0x00000000ec480000)
  to   space 1024K, 0% used [0x00000000ec480000,0x00000000ec480000,0x00000000ec580000)
 ParOldGen       total 68608K, used 17757K [0x00000000c0000000, 0x00000000c4300000, 0x00000000eab00000)
  object space 68608K, 25% used [0x00000000c0000000,0x00000000c1157528,0x00000000c4300000)
 Metaspace       used 34891K, committed 35904K, reserved 1114112K
  class space    used 3529K, committed 3968K, reserved 1048576K
}
Event: 33.518 GC heap before
{Heap before GC invocations=15 (full 1):
 PSYoungGen      total 24064K, used 4011K [0x00000000eab00000, 0x00000000ec580000, 0x0000000100000000)
  eden space 22016K, 14% used [0x00000000eab00000,0x00000000eae32f90,0x00000000ec080000)
  from space 2048K, 35% used [0x00000000ec280000,0x00000000ec338000,0x00000000ec480000)
  to   space 1024K, 0% used [0x00000000ec480000,0x00000000ec480000,0x00000000ec580000)
 ParOldGen       total 68608K, used 17757K [0x00000000c0000000, 0x00000000c4300000, 0x00000000eab00000)
  object space 68608K, 25% used [0x00000000c0000000,0x00000000c1157528,0x00000000c4300000)
 Metaspace       used 35255K, committed 36160K, reserved 1114112K
  class space    used 3582K, committed 3968K, reserved 1048576K
}
Event: 33.520 GC heap after
{Heap after GC invocations=15 (full 1):
 PSYoungGen      total 22528K, used 352K [0x00000000eab00000, 0x00000000ec500000, 0x0000000100000000)
  eden space 22016K, 0% used [0x00000000eab00000,0x00000000eab00000,0x00000000ec080000)
  from space 512K, 68% used [0x00000000ec480000,0x00000000ec4d8000,0x00000000ec500000)
  to   space 1024K, 0% used [0x00000000ec300000,0x00000000ec300000,0x00000000ec400000)
 ParOldGen       total 68608K, used 18329K [0x00000000c0000000, 0x00000000c4300000, 0x00000000eab00000)
  object space 68608K, 26% used [0x00000000c0000000,0x00000000c11e64f8,0x00000000c4300000)
 Metaspace       used 35255K, committed 36160K, reserved 1114112K
  class space    used 3582K, committed 3968K, reserved 1048576K
}
Event: 33.520 GC heap before
{Heap before GC invocations=16 (full 2):
 PSYoungGen      total 22528K, used 352K [0x00000000eab00000, 0x00000000ec500000, 0x0000000100000000)
  eden space 22016K, 0% used [0x00000000eab00000,0x00000000eab00000,0x00000000ec080000)
  from space 512K, 68% used [0x00000000ec480000,0x00000000ec4d8000,0x00000000ec500000)
  to   space 1024K, 0% used [0x00000000ec300000,0x00000000ec300000,0x00000000ec400000)
 ParOldGen       total 68608K, used 18329K [0x00000000c0000000, 0x00000000c4300000, 0x00000000eab00000)
  object space 68608K, 26% used [0x00000000c0000000,0x00000000c11e64f8,0x00000000c4300000)
 Metaspace       used 35255K, committed 36160K, reserved 1114112K
  class space    used 3582K, committed 3968K, reserved 1048576K
}
Event: 33.578 GC heap after
{Heap after GC invocations=16 (full 2):
 PSYoungGen      total 22528K, used 0K [0x00000000eab00000, 0x00000000ec500000, 0x0000000100000000)
  eden space 22016K, 0% used [0x00000000eab00000,0x00000000eab00000,0x00000000ec080000)
  from space 512K, 0% used [0x00000000ec480000,0x00000000ec480000,0x00000000ec500000)
  to   space 1024K, 0% used [0x00000000ec300000,0x00000000ec300000,0x00000000ec400000)
 ParOldGen       total 68608K, used 17464K [0x00000000c0000000, 0x00000000c4300000, 0x00000000eab00000)
  object space 68608K, 25% used [0x00000000c0000000,0x00000000c110e2a0,0x00000000c4300000)
 Metaspace       used 35245K, committed 36160K, reserved 1114112K
  class space    used 3579K, committed 3968K, reserved 1048576K
}
Event: 34.250 GC heap before
{Heap before GC invocations=17 (full 2):
 PSYoungGen      total 22528K, used 22016K [0x00000000eab00000, 0x00000000ec500000, 0x0000000100000000)
  eden space 22016K, 100% used [0x00000000eab00000,0x00000000ec080000,0x00000000ec080000)
  from space 512K, 0% used [0x00000000ec480000,0x00000000ec480000,0x00000000ec500000)
  to   space 1024K, 0% used [0x00000000ec300000,0x00000000ec300000,0x00000000ec400000)
 ParOldGen       total 68608K, used 17464K [0x00000000c0000000, 0x00000000c4300000, 0x00000000eab00000)
  object space 68608K, 25% used [0x00000000c0000000,0x00000000c110e2a0,0x00000000c4300000)
 Metaspace       used 37901K, committed 39040K, reserved 1114112K
  class space    used 3895K, committed 4416K, reserved 1048576K
}
Event: 34.252 GC heap after
{Heap after GC invocations=17 (full 2):
 PSYoungGen      total 23040K, used 1020K [0x00000000eab00000, 0x00000000ec500000, 0x0000000100000000)
  eden space 22016K, 0% used [0x00000000eab00000,0x00000000eab00000,0x00000000ec080000)
  from space 1024K, 99% used [0x00000000ec300000,0x00000000ec3ff318,0x00000000ec400000)
  to   space 1024K, 0% used [0x00000000ec400000,0x00000000ec400000,0x00000000ec500000)
 ParOldGen       total 68608K, used 17915K [0x00000000c0000000, 0x00000000c4300000, 0x00000000eab00000)
  object space 68608K, 26% used [0x00000000c0000000,0x00000000c117ec28,0x00000000c4300000)
 Metaspace       used 37901K, committed 39040K, reserved 1114112K
  class space    used 3895K, committed 4416K, reserved 1048576K
}

Dll operation events (10 events):
Event: 0.046 Loaded shared library c:\Users\jasur\.vscode\extensions\redhat.java-1.42.0-win32-x64\jre\21.0.7-win32-x86_64\bin\java.dll
Event: 0.203 Loaded shared library c:\Users\jasur\.vscode\extensions\redhat.java-1.42.0-win32-x64\jre\21.0.7-win32-x86_64\bin\zip.dll
Event: 0.406 Loaded shared library C:\Users\jasur\.vscode\extensions\redhat.java-1.42.0-win32-x64\jre\21.0.7-win32-x86_64\bin\instrument.dll
Event: 0.430 Loaded shared library C:\Users\jasur\.vscode\extensions\redhat.java-1.42.0-win32-x64\jre\21.0.7-win32-x86_64\bin\net.dll
Event: 0.440 Loaded shared library C:\Users\jasur\.vscode\extensions\redhat.java-1.42.0-win32-x64\jre\21.0.7-win32-x86_64\bin\nio.dll
Event: 0.449 Loaded shared library C:\Users\jasur\.vscode\extensions\redhat.java-1.42.0-win32-x64\jre\21.0.7-win32-x86_64\bin\zip.dll
Event: 0.493 Loaded shared library C:\Users\jasur\.vscode\extensions\redhat.java-1.42.0-win32-x64\jre\21.0.7-win32-x86_64\bin\jimage.dll
Event: 0.699 Loaded shared library c:\Users\jasur\.vscode\extensions\redhat.java-1.42.0-win32-x64\jre\21.0.7-win32-x86_64\bin\verify.dll
Event: 7.167 Loaded shared library C:\Users\jasur\AppData\Roaming\Code\User\globalStorage\redhat.java\1.42.0\config_win\org.eclipse.equinox.launcher\org.eclipse.equinox.launcher.win32.win32.x86_64_1.2.1300.v20250331-1702\eclipse_11911.dll
Event: 21.086 Loaded shared library C:\Users\jasur\AppData\Local\Temp\jna-100897209\jna14793089562138940354.dll

Deoptimization events (20 events):
Event: 33.687 Thread 0x000001eb08ee54e0 Uncommon trap: trap_request=0xffffff45 fr.pc=0x000001eab72055f0 relative=0x0000000000000530
Event: 33.687 Thread 0x000001eb08ee54e0 Uncommon trap: reason=unstable_if action=reinterpret pc=0x000001eab72055f0 method=java.util.concurrent.locks.ReentrantReadWriteLock$Sync.tryAcquireShared(I)I @ 81 c2
Event: 33.687 Thread 0x000001eb08ee54e0 DEOPT PACKING pc=0x000001eab72055f0 sp=0x000000a81d0fce50
Event: 33.687 Thread 0x000001eb08ee54e0 DEOPT UNPACKING pc=0x000001eab6a93aa2 sp=0x000000a81d0fcc38 mode 2
Event: 33.697 Thread 0x000001eb08ee54e0 Uncommon trap: trap_request=0xffffff45 fr.pc=0x000001eab71a4910 relative=0x0000000000000170
Event: 33.697 Thread 0x000001eb08ee54e0 Uncommon trap: reason=unstable_if action=reinterpret pc=0x000001eab71a4910 method=java.util.concurrent.locks.ReentrantReadWriteLock$Sync.tryAcquireShared(I)I @ 81 c2
Event: 33.697 Thread 0x000001eb08ee54e0 DEOPT PACKING pc=0x000001eab71a4910 sp=0x000000a81d0fcc70
Event: 33.697 Thread 0x000001eb08ee54e0 DEOPT UNPACKING pc=0x000001eab6a93aa2 sp=0x000000a81d0fcbe8 mode 2
Event: 33.804 Thread 0x000001eb08ee6890 DEOPT PACKING pc=0x000001eaaf8eb259 sp=0x000000a81d2fa7b0
Event: 33.804 Thread 0x000001eb08ee6890 DEOPT UNPACKING pc=0x000001eab6a94242 sp=0x000000a81d2f9c38 mode 0
Event: 33.969 Thread 0x000001eaac31d2e0 Uncommon trap: trap_request=0xffffff45 fr.pc=0x000001eab72236f0 relative=0x0000000000001470
Event: 33.969 Thread 0x000001eaac31d2e0 Uncommon trap: reason=unstable_if action=reinterpret pc=0x000001eab72236f0 method=java.util.Properties.loadConvert([CIILjava/lang/StringBuilder;)Ljava/lang/String; @ 477 c2
Event: 33.969 Thread 0x000001eaac31d2e0 DEOPT PACKING pc=0x000001eab72236f0 sp=0x000000a81aef9a90
Event: 33.969 Thread 0x000001eaac31d2e0 DEOPT UNPACKING pc=0x000001eab6a93aa2 sp=0x000000a81aef9a80 mode 2
Event: 34.198 Thread 0x000001eb08ee54e0 DEOPT PACKING pc=0x000001eaaf9c819f sp=0x000000a81d0feb30
Event: 34.198 Thread 0x000001eb08ee54e0 DEOPT UNPACKING pc=0x000001eab6a94242 sp=0x000000a81d0fe008 mode 0
Event: 34.211 Thread 0x000001eb08ee2d80 Uncommon trap: trap_request=0xffffff45 fr.pc=0x000001eab7122628 relative=0x0000000000000ba8
Event: 34.211 Thread 0x000001eb08ee2d80 Uncommon trap: reason=unstable_if action=reinterpret pc=0x000001eab7122628 method=java.util.concurrent.ConcurrentHashMap.transfer([Ljava/util/concurrent/ConcurrentHashMap$Node;[Ljava/util/concurrent/ConcurrentHashMap$Node;)V @ 26 c2
Event: 34.211 Thread 0x000001eb08ee2d80 DEOPT PACKING pc=0x000001eab7122628 sp=0x000000a81cefd4f0
Event: 34.211 Thread 0x000001eb08ee2d80 DEOPT UNPACKING pc=0x000001eab6a93aa2 sp=0x000000a81cefd450 mode 2

Classes loaded (20 events):
Event: 34.282 Loading class sun/nio/ch/AsynchronousChannelGroupImpl$2
Event: 34.283 Loading class sun/nio/ch/AsynchronousChannelGroupImpl$2 done
Event: 34.283 Loading class sun/nio/ch/AsynchronousChannelGroupImpl$1
Event: 34.283 Loading class sun/nio/ch/AsynchronousChannelGroupImpl$1 done
Event: 34.286 Loading class sun/nio/ch/Invoker
Event: 34.287 Loading class sun/nio/ch/Invoker done
Event: 34.287 Loading class sun/nio/ch/Invoker$1
Event: 34.288 Loading class sun/nio/ch/Invoker$1 done
Event: 34.288 Loading class sun/nio/ch/Invoker$GroupAndInvokeCount
Event: 34.288 Loading class sun/nio/ch/Invoker$GroupAndInvokeCount done
Event: 34.292 Loading class sun/nio/ch/PendingIoCache
Event: 34.293 Loading class sun/nio/ch/PendingIoCache done
Event: 34.398 Loading class sun/reflect/generics/repository/FieldRepository
Event: 34.398 Loading class sun/reflect/generics/repository/FieldRepository done
Event: 34.488 Loading class java/util/concurrent/CompletableFuture
Event: 34.496 Loading class java/util/concurrent/CompletableFuture done
Event: 34.520 Loading class sun/reflect/generics/scope/MethodScope
Event: 34.520 Loading class sun/reflect/generics/scope/MethodScope done
Event: 34.520 Loading class sun/reflect/generics/repository/MethodRepository
Event: 34.520 Loading class sun/reflect/generics/repository/MethodRepository done

Classes unloaded (13 events):
Event: 29.288 Thread 0x000001eaac3be900 Unloading class 0x000001eac21a4800 'java/lang/invoke/LambdaForm$MH+0x000001eac21a4800'
Event: 29.288 Thread 0x000001eaac3be900 Unloading class 0x000001eac21a4400 'java/lang/invoke/LambdaForm$MH+0x000001eac21a4400'
Event: 29.288 Thread 0x000001eaac3be900 Unloading class 0x000001eac21a4000 'java/lang/invoke/LambdaForm$MH+0x000001eac21a4000'
Event: 29.288 Thread 0x000001eaac3be900 Unloading class 0x000001eac21a3c00 'java/lang/invoke/LambdaForm$MH+0x000001eac21a3c00'
Event: 29.288 Thread 0x000001eaac3be900 Unloading class 0x000001eac21a3800 'java/lang/invoke/LambdaForm$BMH+0x000001eac21a3800'
Event: 29.288 Thread 0x000001eaac3be900 Unloading class 0x000001eac21a3400 'java/lang/invoke/LambdaForm$DMH+0x000001eac21a3400'
Event: 29.288 Thread 0x000001eaac3be900 Unloading class 0x000001eac21a2400 'java/lang/invoke/LambdaForm$DMH+0x000001eac21a2400'
Event: 33.531 Thread 0x000001eaac3be900 Unloading class 0x000001eac22aa800 'java/lang/invoke/LambdaForm$MH+0x000001eac22aa800'
Event: 33.531 Thread 0x000001eaac3be900 Unloading class 0x000001eac22a9c00 'java/lang/invoke/LambdaForm$MH+0x000001eac22a9c00'
Event: 33.531 Thread 0x000001eaac3be900 Unloading class 0x000001eac22a9400 'java/lang/invoke/LambdaForm$MH+0x000001eac22a9400'
Event: 33.531 Thread 0x000001eaac3be900 Unloading class 0x000001eac22a8c00 'java/lang/invoke/LambdaForm$MH+0x000001eac22a8c00'
Event: 33.531 Thread 0x000001eaac3be900 Unloading class 0x000001eac22a8800 'java/lang/invoke/LambdaForm$DMH+0x000001eac22a8800'
Event: 33.531 Thread 0x000001eaac3be900 Unloading class 0x000001eac22a3c00 'java/lang/invoke/LambdaForm$MH+0x000001eac22a3c00'

Classes redefined (0 events):
No events

Internal exceptions (20 events):
Event: 30.267 Thread 0x000001eb08046b50 Exception <a 'java/lang/NoSuchMethodError'{0x00000000eb12d980}: 'java.lang.Object java.lang.invoke.DirectMethodHandle$Holder.invokeStatic(java.lang.Object, int, java.lang.Object, java.lang.Object)'> (0x00000000eb12d980) 
thrown [s\src\hotspot\share\interpreter\linkResolver.cpp, line 773]
Event: 30.269 Thread 0x000001eb08046b50 Exception <a 'java/lang/NoSuchMethodError'{0x00000000eb13dfa0}: 'java.lang.Object java.lang.invoke.DelegatingMethodHandle$Holder.delegate(java.lang.Object, int, java.lang.Object, java.lang.Object)'> (0x00000000eb13dfa0) 
thrown [s\src\hotspot\share\interpreter\linkResolver.cpp, line 773]
Event: 30.280 Thread 0x000001eb08046b50 Exception <a 'java/lang/NoSuchMethodError'{0x00000000eb163770}: 'int java.lang.invoke.Invokers$Holder.linkToTargetMethod(java.lang.Object, java.lang.Object, java.lang.Object)'> (0x00000000eb163770) 
thrown [s\src\hotspot\share\interpreter\linkResolver.cpp, line 773]
Event: 30.360 Thread 0x000001eb08ee2d80 Exception <a 'java/lang/NoSuchMethodError'{0x00000000eb47c5f0}: 'java.lang.Object java.lang.invoke.DirectMethodHandle$Holder.invokeSpecialIFC(java.lang.Object, java.lang.Object, java.lang.Object, java.lang.Object)'> (0x00000000eb47c5f0) 
thrown [s\src\hotspot\share\interpreter\linkResolver.cpp, line 773]
Event: 30.517 Thread 0x000001eb08369bf0 Implicit null exception at 0x000001eab71aa7f5 to 0x000001eab71aa8d0
Event: 31.470 Thread 0x000001eb08ee2d80 Exception <a 'java/lang/NoClassDefFoundError'{0x00000000eb3afa40}: javax/enterprise/inject/Typed> (0x00000000eb3afa40) 
thrown [s\src\hotspot\share\classfile\systemDictionary.cpp, line 301]
Event: 31.989 Thread 0x000001eb08369bf0 Exception <a 'java/lang/ClassNotFoundException'{0x00000000eab27f60}: com/sun/org/apache/xerces/internal/impl/msg/spi/DOMMessagesProvider> (0x00000000eab27f60) 
thrown [s\src\hotspot\share\classfile\systemDictionary.cpp, line 312]
Event: 31.999 Thread 0x000001eb08369bf0 Exception <a 'java/lang/ClassNotFoundException'{0x00000000eab396c8}: com/sun/org/apache/xerces/internal/impl/msg/spi/XMLSerializerMessagesProvider> (0x00000000eab396c8) 
thrown [s\src\hotspot\share\classfile\systemDictionary.cpp, line 312]
Event: 32.004 Thread 0x000001eb08369bf0 Exception <a 'java/lang/ClassNotFoundException'{0x00000000eab46998}: com/sun/org/apache/xerces/internal/impl/msg/spi/XMLMessagesProvider> (0x00000000eab46998) 
thrown [s\src\hotspot\share\classfile\systemDictionary.cpp, line 312]
Event: 32.687 Thread 0x000001eb08369bf0 Exception <a 'java/lang/ClassNotFoundException'{0x00000000ebabf0a8}: com/sun/org/apache/xml/internal/serializer/spi/XMLEntitiesProvider> (0x00000000ebabf0a8) 
thrown [s\src\hotspot\share\classfile\systemDictionary.cpp, line 312]
Event: 33.420 Thread 0x000001eb08369bf0 Exception <a 'java/io/FileNotFoundException'{0x00000000eb89e6f8}> (0x00000000eb89e6f8) 
thrown [s\src\hotspot\share\prims\jni.cpp, line 520]
Event: 33.469 Thread 0x000001eb08369bf0 Exception <a 'java/lang/UnsatisfiedLinkError'{0x00000000eabd7938}: Не найдена указанная процедура.
> (0x00000000eabd7938) 
thrown [s\src\hotspot\share\prims\jni.cpp, line 539]
Event: 33.481 Thread 0x000001eb08369bf0 Exception <a 'java/io/FileNotFoundException'{0x00000000eabef3b8}> (0x00000000eabef3b8) 
thrown [s\src\hotspot\share\prims\jni.cpp, line 520]
Event: 33.509 Thread 0x000001eb08369bf0 Exception <a 'java/io/FileNotFoundException'{0x00000000eadaa668}> (0x00000000eadaa668) 
thrown [s\src\hotspot\share\prims\jni.cpp, line 520]
Event: 33.581 Thread 0x000001eb08369bf0 Exception <a 'java/lang/UnsatisfiedLinkError'{0x00000000eab024a0}: Не найдена указанная процедура.
> (0x00000000eab024a0) 
thrown [s\src\hotspot\share\prims\jni.cpp, line 539]
Event: 33.860 Thread 0x000001eb08ee6890 Exception <a 'java/lang/NoSuchMethodError'{0x00000000eb330bf0}: 'void java.lang.invoke.DirectMethodHandle$Holder.invokeStaticInit(java.lang.Object, java.lang.Object, java.lang.Object, java.lang.Object)'> (0x00000000eb330bf0) 
thrown [s\src\hotspot\share\interpreter\linkResolver.cpp, line 773]
Event: 34.230 Thread 0x000001eaac31d2e0 Exception <a 'java/lang/NoSuchMethodError'{0x00000000ebf4fc30}: 'java.lang.Object java.lang.invoke.DirectMethodHandle$Holder.invokeStatic(java.lang.Object, long, java.lang.Object)'> (0x00000000ebf4fc30) 
thrown [s\src\hotspot\share\interpreter\linkResolver.cpp, line 773]
Event: 34.234 Thread 0x000001eaac31d2e0 Exception <a 'java/lang/NoSuchMethodError'{0x00000000ebf745a8}: 'java.lang.Object java.lang.invoke.DirectMethodHandle$Holder.invokeStaticInit(java.lang.Object, long, java.lang.Object)'> (0x00000000ebf745a8) 
thrown [s\src\hotspot\share\interpreter\linkResolver.cpp, line 773]
Event: 34.236 Thread 0x000001eaac31d2e0 Exception <a 'java/lang/NoSuchMethodError'{0x00000000ebf9cf08}: 'java.lang.Object java.lang.invoke.DirectMethodHandle$Holder.newInvokeSpecial(java.lang.Object, long)'> (0x00000000ebf9cf08) 
thrown [s\src\hotspot\share\interpreter\linkResolver.cpp, line 773]
Event: 34.312 Thread 0x000001eb08ee54e0 Exception <a 'java/io/FileNotFoundException'{0x00000000eae694f0}> (0x00000000eae694f0) 
thrown [s\src\hotspot\share\prims\jni.cpp, line 520]

ZGC Phase Switch (0 events):
No events

VM Operations (20 events):
Event: 32.693 Executing VM operation: HandshakeAllThreads (Deoptimize) done
Event: 32.824 Executing VM operation: HandshakeAllThreads (Deoptimize)
Event: 32.824 Executing VM operation: HandshakeAllThreads (Deoptimize) done
Event: 32.858 Executing VM operation: ParallelGCFailedAllocation (Allocation Failure)
Event: 32.862 Executing VM operation: ParallelGCFailedAllocation (Allocation Failure) done
Event: 33.209 Executing VM operation: HandshakeAllThreads (Deoptimize)
Event: 33.209 Executing VM operation: HandshakeAllThreads (Deoptimize) done
Event: 33.449 Executing VM operation: CollectForMetadataAllocation (Metadata GC Threshold)
Event: 33.449 Executing VM operation: CollectForMetadataAllocation (Metadata GC Threshold) done
Event: 33.449 Executing VM operation: ParallelGCSystemGC (GCLocker Initiated GC)
Event: 33.452 Executing VM operation: ParallelGCSystemGC (GCLocker Initiated GC) done
Event: 33.457 Executing VM operation: HandshakeAllThreads (Deoptimize)
Event: 33.457 Executing VM operation: HandshakeAllThreads (Deoptimize) done
Event: 33.518 Executing VM operation: CollectForMetadataAllocation (Metadata GC Threshold)
Event: 33.578 Executing VM operation: CollectForMetadataAllocation (Metadata GC Threshold) done
Event: 34.108 Executing VM operation: HandshakeAllThreads (Deoptimize)
Event: 34.109 Executing VM operation: HandshakeAllThreads (Deoptimize) done
Event: 34.249 Executing VM operation: ParallelGCFailedAllocation (Allocation Failure)
Event: 34.252 Executing VM operation: ParallelGCFailedAllocation (Allocation Failure) done
Event: 35.255 Executing VM operation: Cleanup

Memory protections (0 events):
No events

Nmethod flushes (20 events):
Event: 33.548 Thread 0x000001eaac3be900 flushing  nmethod 0x000001eaafb90410
Event: 33.548 Thread 0x000001eaac3be900 flushing  nmethod 0x000001eaafbc1e90
Event: 33.548 Thread 0x000001eaac3be900 flushing  nmethod 0x000001eaafbc2290
Event: 33.548 Thread 0x000001eaac3be900 flushing  nmethod 0x000001eaafbc2b90
Event: 33.548 Thread 0x000001eaac3be900 flushing  nmethod 0x000001eaafbc3d90
Event: 33.548 Thread 0x000001eaac3be900 flushing  nmethod 0x000001eaafbc4a90
Event: 33.548 Thread 0x000001eaac3be900 flushing  nmethod 0x000001eaafbc5210
Event: 33.548 Thread 0x000001eaac3be900 flushing  nmethod 0x000001eaafbc6790
Event: 33.548 Thread 0x000001eaac3be900 flushing  nmethod 0x000001eaafbc6c90
Event: 33.548 Thread 0x000001eaac3be900 flushing  nmethod 0x000001eaafbc7590
Event: 33.548 Thread 0x000001eaac3be900 flushing  nmethod 0x000001eaafbc8990
Event: 33.548 Thread 0x000001eaac3be900 flushing  nmethod 0x000001eaafbca790
Event: 33.548 Thread 0x000001eaac3be900 flushing  nmethod 0x000001eaafbd5610
Event: 33.548 Thread 0x000001eaac3be900 flushing  nmethod 0x000001eaafc00410
Event: 33.548 Thread 0x000001eaac3be900 flushing  nmethod 0x000001eaafc0ab10
Event: 33.548 Thread 0x000001eaac3be900 flushing  nmethod 0x000001eaafc10290
Event: 33.548 Thread 0x000001eaac3be900 flushing  nmethod 0x000001eaafc6df10
Event: 33.548 Thread 0x000001eaac3be900 flushing  nmethod 0x000001eaafcab410
Event: 33.548 Thread 0x000001eaac3be900 flushing  nmethod 0x000001eaafcccc10
Event: 33.548 Thread 0x000001eaac3be900 flushing  nmethod 0x000001eaafcedd10

Events (20 events):
Event: 30.478 Thread 0x000001eb08ee54e0 Thread added: 0x000001eb08ee6890
Event: 32.046 Thread 0x000001eb08369bf0 Thread added: 0x000001eb08ee4e50
Event: 32.423 Thread 0x000001eb095de320 Thread exited: 0x000001eb095de320
Event: 33.768 Thread 0x000001eb08ee6890 Thread added: 0x000001eb08ee6f20
Event: 34.087 Thread 0x000001eb08ee6f20 Thread added: 0x000001eb08ee75b0
Event: 34.256 Thread 0x000001eb08ee6200 Thread exited: 0x000001eb08ee6200
Event: 34.283 Thread 0x000001eaac31d2e0 Thread added: 0x000001eb08ee4130
Event: 34.284 Thread 0x000001eaac31d2e0 Thread added: 0x000001eb08ee5b70
Event: 34.284 Thread 0x000001eaac31d2e0 Thread added: 0x000001eb08ee6200
Event: 34.285 Thread 0x000001eaac31d2e0 Thread added: 0x000001eb08ee7c40
Event: 34.285 Thread 0x000001eaac31d2e0 Thread added: 0x000001eb08ee47c0
Event: 34.285 Thread 0x000001eaac31d2e0 Thread added: 0x000001eb08ee82d0
Event: 34.290 Thread 0x000001eaac31d2e0 Thread added: 0x000001eb08ee8960
Event: 34.291 Thread 0x000001eaac31d2e0 Thread added: 0x000001eb08ee8ff0
Event: 34.291 Thread 0x000001eaac31d2e0 Thread added: 0x000001eb08ee9d10
Event: 34.291 Thread 0x000001eaac31d2e0 Thread added: 0x000001eb08ee9680
Event: 34.291 Thread 0x000001eaac31d2e0 Thread added: 0x000001eb08eea3a0
Event: 34.292 Thread 0x000001eaac31d2e0 Thread added: 0x000001eb08047870
Event: 34.292 Thread 0x000001eaac31d2e0 Thread added: 0x000001eb0ae172e0
Event: 34.435 Thread 0x000001eaac31d2e0 Thread added: 0x000001eb0ae18000


Dynamic libraries:
0x00007ff755d00000 - 0x00007ff755d0e000 	c:\Users\jasur\.vscode\extensions\redhat.java-1.42.0-win32-x64\jre\21.0.7-win32-x86_64\bin\java.exe
0x00007fffc2cc0000 - 0x00007fffc2f26000 	C:\Windows\SYSTEM32\ntdll.dll
0x00007fffc1920000 - 0x00007fffc19e9000 	C:\Windows\System32\KERNEL32.DLL
0x00007fffc00b0000 - 0x00007fffc047c000 	C:\Windows\System32\KERNELBASE.dll
0x00007fffbff60000 - 0x00007fffc00ab000 	C:\Windows\System32\ucrtbase.dll
0x00007fffadc60000 - 0x00007fffadc78000 	c:\Users\jasur\.vscode\extensions\redhat.java-1.42.0-win32-x64\jre\21.0.7-win32-x86_64\bin\jli.dll
0x00007fffae790000 - 0x00007fffae7ae000 	c:\Users\jasur\.vscode\extensions\redhat.java-1.42.0-win32-x64\jre\21.0.7-win32-x86_64\bin\VCRUNTIME140.dll
0x00007fffc1d90000 - 0x00007fffc1f5a000 	C:\Windows\System32\USER32.dll
0x00007fffbff30000 - 0x00007fffbff57000 	C:\Windows\System32\win32u.dll
0x00007fff9b260000 - 0x00007fff9b4fa000 	C:\Windows\WinSxS\amd64_microsoft.windows.common-controls_6595b64144ccf1df_6.0.26100.3912_none_3e07963ce335137e\COMCTL32.dll
0x00007fffc1460000 - 0x00007fffc148b000 	C:\Windows\System32\GDI32.dll
0x00007fffc0480000 - 0x00007fffc05b2000 	C:\Windows\System32\gdi32full.dll
0x00007fffbfe80000 - 0x00007fffbff23000 	C:\Windows\System32\msvcp_win.dll
0x00007fffc2740000 - 0x00007fffc27e9000 	C:\Windows\System32\msvcrt.dll
0x00007fffc1490000 - 0x00007fffc14c0000 	C:\Windows\System32\IMM32.DLL
0x00007fffbc920000 - 0x00007fffbc92c000 	c:\Users\jasur\.vscode\extensions\redhat.java-1.42.0-win32-x64\jre\21.0.7-win32-x86_64\bin\vcruntime140_1.dll
0x00007fff65d40000 - 0x00007fff65dcd000 	c:\Users\jasur\.vscode\extensions\redhat.java-1.42.0-win32-x64\jre\21.0.7-win32-x86_64\bin\msvcp140.dll
0x00007ffefb670000 - 0x00007ffefc400000 	c:\Users\jasur\.vscode\extensions\redhat.java-1.42.0-win32-x64\jre\21.0.7-win32-x86_64\bin\server\jvm.dll
0x00007fffc22f0000 - 0x00007fffc23a2000 	C:\Windows\System32\ADVAPI32.dll
0x00007fffc14d0000 - 0x00007fffc1576000 	C:\Windows\System32\sechost.dll
0x00007fffc0ab0000 - 0x00007fffc0bc6000 	C:\Windows\System32\RPCRT4.dll
0x00007fffc1a50000 - 0x00007fffc1ac4000 	C:\Windows\System32\WS2_32.dll
0x00007fffbfd20000 - 0x00007fffbfd7e000 	C:\Windows\SYSTEM32\POWRPROF.dll
0x00007fffb5110000 - 0x00007fffb5146000 	C:\Windows\SYSTEM32\WINMM.dll
0x00007fffaaf70000 - 0x00007fffaaf7b000 	C:\Windows\SYSTEM32\VERSION.dll
0x00007fffbfd00000 - 0x00007fffbfd14000 	C:\Windows\SYSTEM32\UMPDC.dll
0x00007fffbec70000 - 0x00007fffbec8a000 	C:\Windows\SYSTEM32\kernel.appcore.dll
0x00007fffb80d0000 - 0x00007fffb80da000 	c:\Users\jasur\.vscode\extensions\redhat.java-1.42.0-win32-x64\jre\21.0.7-win32-x86_64\bin\jimage.dll
0x00007fffbd7d0000 - 0x00007fffbda11000 	C:\Windows\SYSTEM32\DBGHELP.DLL
0x00007fffc1f60000 - 0x00007fffc22e4000 	C:\Windows\System32\combase.dll
0x00007fffc1ca0000 - 0x00007fffc1d80000 	C:\Windows\System32\OLEAUT32.dll
0x00007fff9a750000 - 0x00007fff9a789000 	C:\Windows\SYSTEM32\dbgcore.DLL
0x00007fffc0a10000 - 0x00007fffc0aa9000 	C:\Windows\System32\bcryptPrimitives.dll
0x00007fffadaa0000 - 0x00007fffadaaf000 	c:\Users\jasur\.vscode\extensions\redhat.java-1.42.0-win32-x64\jre\21.0.7-win32-x86_64\bin\instrument.dll
0x00007fffadbe0000 - 0x00007fffadbff000 	c:\Users\jasur\.vscode\extensions\redhat.java-1.42.0-win32-x64\jre\21.0.7-win32-x86_64\bin\java.dll
0x00007fffc0bd0000 - 0x00007fffc12fd000 	C:\Windows\System32\SHELL32.dll
0x00007fffc05c0000 - 0x00007fffc0734000 	C:\Windows\System32\wintypes.dll
0x00007fffbdb20000 - 0x00007fffbe376000 	C:\Windows\SYSTEM32\windows.storage.dll
0x00007fffc1580000 - 0x00007fffc166f000 	C:\Windows\System32\SHCORE.dll
0x00007fffc1bd0000 - 0x00007fffc1c39000 	C:\Windows\System32\shlwapi.dll
0x00007fffbfdb0000 - 0x00007fffbfddf000 	C:\Windows\SYSTEM32\profapi.dll
0x00007fffad120000 - 0x00007fffad138000 	c:\Users\jasur\.vscode\extensions\redhat.java-1.42.0-win32-x64\jre\21.0.7-win32-x86_64\bin\zip.dll
0x00007fffae750000 - 0x00007fffae760000 	C:\Users\jasur\.vscode\extensions\redhat.java-1.42.0-win32-x64\jre\21.0.7-win32-x86_64\bin\net.dll
0x00007fffb6a00000 - 0x00007fffb6b1e000 	C:\Windows\SYSTEM32\WINHTTP.dll
0x00007fffbf1c0000 - 0x00007fffbf22a000 	C:\Windows\system32\mswsock.dll
0x00007fff97280000 - 0x00007fff97296000 	C:\Users\jasur\.vscode\extensions\redhat.java-1.42.0-win32-x64\jre\21.0.7-win32-x86_64\bin\nio.dll
0x00007fffadab0000 - 0x00007fffadac0000 	c:\Users\jasur\.vscode\extensions\redhat.java-1.42.0-win32-x64\jre\21.0.7-win32-x86_64\bin\verify.dll
0x00007fff72340000 - 0x00007fff72385000 	C:\Users\jasur\AppData\Roaming\Code\User\globalStorage\redhat.java\1.42.0\config_win\org.eclipse.equinox.launcher\org.eclipse.equinox.launcher.win32.win32.x86_64_1.2.1300.v20250331-1702\eclipse_11911.dll
0x00007fffc23b0000 - 0x00007fffc254f000 	C:\Windows\System32\ole32.dll
0x00007fffbf570000 - 0x00007fffbf58c000 	C:\Windows\SYSTEM32\CRYPTSP.dll
0x00007fffbebd0000 - 0x00007fffbec0a000 	C:\Windows\system32\rsaenh.dll
0x00007fffbf260000 - 0x00007fffbf28b000 	C:\Windows\SYSTEM32\USERENV.dll
0x00007fffbfd80000 - 0x00007fffbfda6000 	C:\Windows\SYSTEM32\bcrypt.dll
0x00007fffbf3f0000 - 0x00007fffbf3fc000 	C:\Windows\SYSTEM32\CRYPTBASE.dll
0x00007fffbe680000 - 0x00007fffbe6b3000 	C:\Windows\SYSTEM32\IPHLPAPI.DLL
0x00007fffc1c90000 - 0x00007fffc1c9a000 	C:\Windows\System32\NSI.dll
0x00007fff97470000 - 0x00007fff974b9000 	C:\Users\jasur\AppData\Local\Temp\jna-100897209\jna14793089562138940354.dll
0x00007fffc1910000 - 0x00007fffc1918000 	C:\Windows\System32\PSAPI.DLL
0x00007fffb6cc0000 - 0x00007fffb6cdf000 	C:\Windows\SYSTEM32\dhcpcsvc6.DLL
0x00007fffb6ba0000 - 0x00007fffb6bc5000 	C:\Windows\SYSTEM32\dhcpcsvc.DLL

dbghelp: loaded successfully - version: 4.0.5 - missing functions: none
symbol engine: initialized successfully - sym options: 0x614 - pdb path: .;c:\Users\jasur\.vscode\extensions\redhat.java-1.42.0-win32-x64\jre\21.0.7-win32-x86_64\bin;C:\Windows\SYSTEM32;C:\Windows\WinSxS\amd64_microsoft.windows.common-controls_6595b64144ccf1df_6.0.26100.3912_none_3e07963ce335137e;c:\Users\jasur\.vscode\extensions\redhat.java-1.42.0-win32-x64\jre\21.0.7-win32-x86_64\bin\server;C:\Users\jasur\AppData\Roaming\Code\User\globalStorage\redhat.java\1.42.0\config_win\org.eclipse.equinox.launcher\org.eclipse.equinox.launcher.win32.win32.x86_64_1.2.1300.v20250331-1702;C:\Users\jasur\AppData\Local\Temp\jna-100897209

VM Arguments:
jvm_args: --add-modules=ALL-SYSTEM --add-opens=java.base/java.util=ALL-UNNAMED --add-opens=java.base/java.lang=ALL-UNNAMED --add-opens=java.base/sun.nio.fs=ALL-UNNAMED -Declipse.application=org.eclipse.jdt.ls.core.id1 -Dosgi.bundles.defaultStartLevel=4 -Declipse.product=org.eclipse.jdt.ls.core.product -Djava.import.generatesMetadataFilesAtProjectRoot=false -DDetectVMInstallationsJob.disabled=true -Dfile.encoding=utf8 -XX:+UseParallelGC -XX:GCTimeRatio=4 -XX:AdaptiveSizePolicyWeight=90 -Dsun.zip.disableMemoryMapping=true -Xmx1G -Xms100m -Xlog:disable -javaagent:c:\Users\jasur\.vscode\extensions\redhat.java-1.42.0-win32-x64\lombok\lombok-1.18.36.jar -XX:+HeapDumpOnOutOfMemoryError -XX:HeapDumpPath=c:\Users\jasur\AppData\Roaming\Code\User\workspaceStorage\c3cc1cdb79f05f312ef61ffb01486c9a\redhat.java -Daether.dependencyCollector.impl=bf 
java_command: c:\Users\jasur\.vscode\extensions\redhat.java-1.42.0-win32-x64\server\plugins\org.eclipse.equinox.launcher_1.7.0.v20250424-1814.jar -configuration c:\Users\jasur\AppData\Roaming\Code\User\globalStorage\redhat.java\1.42.0\config_win -data c:\Users\jasur\AppData\Roaming\Code\User\workspaceStorage\c3cc1cdb79f05f312ef61ffb01486c9a\redhat.java\jdt_ws --pipe=\\.\pipe\lsp-76d50dacc4d2e926f86d49926a24d530-sock
java_class_path (initial): c:\Users\jasur\.vscode\extensions\redhat.java-1.42.0-win32-x64\server\plugins\org.eclipse.equinox.launcher_1.7.0.v20250424-1814.jar
Launcher Type: SUN_STANDARD

[Global flags]
    uintx AdaptiveSizePolicyWeight                 = 90                                        {product} {command line}
     intx CICompilerCount                          = 4                                         {product} {ergonomic}
    uintx GCTimeRatio                              = 4                                         {product} {command line}
     bool HeapDumpOnOutOfMemoryError               = true                                   {manageable} {command line}
    ccstr HeapDumpPath                             = c:\Users\jasur\AppData\Roaming\Code\User\workspaceStorage\c3cc1cdb79f05f312ef61ffb01486c9a\redhat.java         {manageable} {command line}
   size_t InitialHeapSize                          = 104857600                                 {product} {command line}
   size_t MaxHeapSize                              = 1073741824                                {product} {command line}
   size_t MaxNewSize                               = 357564416                                 {product} {ergonomic}
   size_t MinHeapDeltaBytes                        = 524288                                    {product} {ergonomic}
   size_t MinHeapSize                              = 104857600                                 {product} {command line}
   size_t NewSize                                  = 34603008                                  {product} {ergonomic}
    uintx NonNMethodCodeHeapSize                   = 5839372                                {pd product} {ergonomic}
    uintx NonProfiledCodeHeapSize                  = 122909434                              {pd product} {ergonomic}
   size_t OldSize                                  = 70254592                                  {product} {ergonomic}
    uintx ProfiledCodeHeapSize                     = 122909434                              {pd product} {ergonomic}
    uintx ReservedCodeCacheSize                    = 251658240                              {pd product} {ergonomic}
     bool SegmentedCodeCache                       = true                                      {product} {ergonomic}
   size_t SoftMaxHeapSize                          = 1073741824                             {manageable} {ergonomic}
     bool UseCompressedOops                        = true                           {product lp64_product} {ergonomic}
     bool UseLargePagesIndividualAllocation        = false                                  {pd product} {ergonomic}
     bool UseParallelGC                            = true                                      {product} {command line}

Logging:
Log output configuration:
 #0: stdout all=off uptime,level,tags foldmultilines=false
 #1: stderr all=off uptime,level,tags foldmultilines=false

Environment Variables:
PATH=C:\Program Files\Common Files\Oracle\Java\javapath;C:\Program Files (x86)\Common Files\Oracle\Java\java8path;C:\Program Files (x86)\Common Files\Oracle\Java\javapath;C:\Windows\system32;C:\Windows;C:\Windows\System32\Wbem;C:\Windows\System32\WindowsPowerShell\v1.0\;C:\Windows\System32\OpenSSH\;C:\Program Files\dotnet\;C:\Program Files\Git\cmd;C:\Program Files\Docker\Docker\resources\bin;C:\Program Files\Microsoft SQL Server\150\Tools\Binn\;C:\Program Files\Microsoft SQL Server\Client SDK\ODBC\170\Tools\Binn\;C:\HaxeToolkit\haxe;C:\HaxeToolkit\neko;C:\Program Files\PowerShell\7\;C:\Users\jasur\AppData\Local\Microsoft\WindowsApps;C:\Users\jasur\AppData\Local\Programs\Microsoft VS Code\bin;C:\Users\jasur\AppData\Local\GitHubDesktop\bin;C:\Users\jasur\.dotnet\tools;C:\Program Files\android-ndk\r21e;C:\Program Files\Android\Gradle\7.4.2\bin;C:\Program Files\Java\jdk-17\bin;
USERNAME=jasur
OS=Windows_NT
PROCESSOR_IDENTIFIER=Intel64 Family 6 Model 154 Stepping 4, GenuineIntel
TMP=C:\Users\jasur\AppData\Local\Temp
TEMP=C:\Users\jasur\AppData\Local\Temp




Periodic native trim disabled

---------------  S Y S T E M  ---------------

OS:
 Windows 11 , 64 bit Build 26100 (10.0.26100.3912)
OS uptime: 1 days 15:49 hours
Hyper-V role detected

CPU: total 12 (initial active 12) (6 cores per cpu, 2 threads per core) family 6 model 154 stepping 4 microcode 0x423, cx8, cmov, fxsr, ht, mmx, 3dnowpref, sse, sse2, sse3, ssse3, sse4.1, sse4.2, popcnt, lzcnt, tsc, tscinvbit, avx, avx2, aes, erms, clmul, bmi1, bmi2, adx, sha, fma, vzeroupper, clflush, clflushopt, clwb, hv, serialize, rdtscp, rdpid, fsrm, f16c, cet_ibt, cet_ss
Processor Information for processor 0
  Max Mhz: 1300, Current Mhz: 1300, Mhz Limit: 1300
Processor Information for processor 1
  Max Mhz: 1300, Current Mhz: 1300, Mhz Limit: 1300
Processor Information for processor 2
  Max Mhz: 1300, Current Mhz: 1300, Mhz Limit: 1300
Processor Information for processor 3
  Max Mhz: 1300, Current Mhz: 1300, Mhz Limit: 1300
Processor Information for processor 4
  Max Mhz: 1300, Current Mhz: 900, Mhz Limit: 897
Processor Information for processor 5
  Max Mhz: 1300, Current Mhz: 900, Mhz Limit: 897
Processor Information for processor 6
  Max Mhz: 1300, Current Mhz: 900, Mhz Limit: 897
Processor Information for processor 7
  Max Mhz: 1300, Current Mhz: 900, Mhz Limit: 897
Processor Information for processor 8
  Max Mhz: 1300, Current Mhz: 900, Mhz Limit: 897
Processor Information for processor 9
  Max Mhz: 1300, Current Mhz: 900, Mhz Limit: 897
Processor Information for processor 10
  Max Mhz: 1300, Current Mhz: 900, Mhz Limit: 897
Processor Information for processor 11
  Max Mhz: 1300, Current Mhz: 900, Mhz Limit: 897

Memory: 4k page, system-wide physical 7896M (311M free)
TotalPageFile size 24280M (AvailPageFile size 42M)
current process WorkingSet (physical memory assigned to process): 182M, peak: 182M
current process commit charge ("private bytes"): 290M, peak: 290M

vm_info: OpenJDK 64-Bit Server VM (21.0.7+6-LTS) for windows-amd64 JRE (21.0.7+6-LTS), built on 2025-04-15T00:00:00Z by "admin" with MS VC++ 17.7 (VS2022)

END.
